[Wed Apr 28 2021 09:46:04.468806] i SAYHELLO :12000 1 - 0
[Wed Apr 28 2021 09:46:04.469679] r SAYHELLO :12000 1 - 0
[Wed Apr 28 2021 09:46:04.469849] i LSUPDATE :12000 7 F 6 :12002_2_1619628364.469722 1619628364.469712 :12002 (:12000)
[Wed Apr 28 2021 09:46:04.469960] r LSUPDATE :12000 7 F 6 :12000_2_1619628364.469477 1619628364.469470 :12000 (:12002)
[Wed Apr 28 2021 09:46:19.420931] r SAYHELLO :12004 1 - 0
[Wed Apr 28 2021 09:46:19.421085] i SAYHELLO :12004 1 - 0
[Wed Apr 28 2021 09:46:19.421214] i LSUPDATE :12004 7 F 13 :12002_3_1619628379.421024 1619628364.469712 :12002 (:12000,:12004)
[Wed Apr 28 2021 09:46:19.421582] r LSUPDATE :12004 7 F 6 :12004_2_1619628379.421313 1619628379.421306 :12004 (:12002)
[Wed Apr 28 2021 09:46:19.421743] d LSUPDATE :12000 6 F 6 :12004_2_1619628379.421313 1619628379.421306 :12004 (:12002)
[Wed Apr 28 2021 09:46:19.421860] i LSUPDATE :12000 7 F 13 :12002_4_1619628379.421654 1619628364.469712 :12002 (:12000,:12004)
[Wed Apr 28 2021 09:46:19.422255] r LSUPDATE :12000 7 F 6 :12000_3_1619628379.421967 1619628364.469470 :12000 (:12002)
[Wed Apr 28 2021 09:46:19.422392] d LSUPDATE :12004 6 F 6 :12000_3_1619628379.421967 1619628364.469470 :12000 (:12002)
[Wed Apr 28 2021 09:46:19.422817] r LSUPDATE :12004 7 F 6 :12004_3_1619628379.422584 1619628379.421306 :12004 (:12002)
[Wed Apr 28 2021 09:46:19.422961] d LSUPDATE :12000 6 F 6 :12004_3_1619628379.422584 1619628379.421306 :12004 (:12002)
[Wed Apr 28 2021 09:46:26.303874] r LSUPDATE :12004 6 F 6 :12006_2_1619628386.303220 1619628386.303212 :12006 (:12004)
[Wed Apr 28 2021 09:46:26.304385] d LSUPDATE :12000 5 F 6 :12006_2_1619628386.303220 1619628386.303212 :12006 (:12004)
[Wed Apr 28 2021 09:46:26.304460] i LSUPDATE :12004 7 F 13 :12002_6_1619628386.304280 1619628364.469712 :12002 (:12000,:12004)
[Wed Apr 28 2021 09:46:26.304506] r LSUPDATE :12004 7 F 13 :12004_5_1619628386.303613 1619628379.421306 :12004 (:12002,:12006)
[Wed Apr 28 2021 09:46:26.304575] i LSUPDATE :12000 7 F 13 :12002_5_1619628386.304270 1619628364.469712 :12002 (:12000,:12004)
[Wed Apr 28 2021 09:46:26.304697] d LSUPDATE :12000 6 F 13 :12004_5_1619628386.303613 1619628379.421306 :12004 (:12002,:12006)
[Wed Apr 28 2021 09:46:26.305200] r LSUPDATE :12000 7 F 6 :12000_4_1619628386.304900 1619628364.469470 :12000 (:12002)
[Wed Apr 28 2021 09:46:26.305336] d LSUPDATE :12004 6 F 6 :12000_4_1619628386.304900 1619628364.469470 :12000 (:12002)
[Wed Apr 28 2021 09:46:26.305385] r LSUPDATE :12004 6 F 6 :12006_3_1619628386.304893 1619628386.303212 :12006 (:12004)
[Wed Apr 28 2021 09:46:26.305523] d LSUPDATE :12000 5 F 6 :12006_3_1619628386.304893 1619628386.303212 :12006 (:12004)
[Wed Apr 28 2021 09:46:26.306240] r LSUPDATE :12004 6 F 6 :12006_4_1619628386.305767 1619628386.303212 :12006 (:12004)
[Wed Apr 28 2021 09:46:26.306369] d LSUPDATE :12000 5 F 6 :12006_4_1619628386.305767 1619628386.303212 :12006 (:12004)
[Wed Apr 28 2021 09:46:32.995997] r LSUPDATE :12004 5 F 6 :12008_2_1619628392.995208 1619628392.995201 :12008 (:12006)
[Wed Apr 28 2021 09:46:32.996210] d LSUPDATE :12000 4 F 6 :12008_2_1619628392.995208 1619628392.995201 :12008 (:12006)
[Wed Apr 28 2021 09:46:32.996256] i LSUPDATE :12004 7 F 13 :12002_8_1619628392.996074 1619628364.469712 :12002 (:12000,:12004)
[Wed Apr 28 2021 09:46:32.996363] i LSUPDATE :12000 7 F 13 :12002_7_1619628392.996065 1619628364.469712 :12002 (:12000,:12004)
[Wed Apr 28 2021 09:46:32.996415] r LSUPDATE :12004 7 F 13 :12004_6_1619628392.995787 1619628379.421306 :12004 (:12002,:12006)
[Wed Apr 28 2021 09:46:32.996589] d LSUPDATE :12000 6 F 13 :12004_6_1619628392.995787 1619628379.421306 :12004 (:12002,:12006)
[Wed Apr 28 2021 09:46:32.996747] r LSUPDATE :12000 7 F 6 :12000_5_1619628392.996433 1619628364.469470 :12000 (:12002)
[Wed Apr 28 2021 09:46:32.996814] r LSUPDATE :12004 6 F 13 :12006_6_1619628392.995504 1619628386.303212 :12006 (:12004,:12008)
[Wed Apr 28 2021 09:46:32.996882] d LSUPDATE :12004 6 F 6 :12000_5_1619628392.996433 1619628364.469470 :12000 (:12002)
[Wed Apr 28 2021 09:46:32.996948] d LSUPDATE :12000 5 F 13 :12006_6_1619628392.995504 1619628386.303212 :12006 (:12004,:12008)
[Wed Apr 28 2021 09:46:32.997472] r LSUPDATE :12004 5 F 6 :12008_3_1619628392.996604 1619628392.995201 :12008 (:12006)
[Wed Apr 28 2021 09:46:32.997614] d LSUPDATE :12000 4 F 6 :12008_3_1619628392.996604 1619628392.995201 :12008 (:12006)
[Wed Apr 28 2021 09:46:32.998035] r LSUPDATE :12004 5 F 6 :12008_4_1619628392.997202 1619628392.995201 :12008 (:12006)
[Wed Apr 28 2021 09:46:32.998155] d LSUPDATE :12000 4 F 6 :12008_4_1619628392.997202 1619628392.995201 :12008 (:12006)
[Wed Apr 28 2021 09:46:32.998431] r LSUPDATE :12004 5 F 6 :12008_5_1619628392.997725 1619628392.995201 :12008 (:12006)
[Wed Apr 28 2021 09:46:32.998548] d LSUPDATE :12000 4 F 6 :12008_5_1619628392.997725 1619628392.995201 :12008 (:12006)
[Wed Apr 28 2021 09:46:39.381802] r SAYHELLO :12010 1 - 0
[Wed Apr 28 2021 09:46:39.382007] i SAYHELLO :12010 1 - 0
[Wed Apr 28 2021 09:46:39.382114] i LSUPDATE :12010 7 F 20 :12002_9_1619628399.381978 1619628364.469712 :12002 (:12000,:12004,:12010)
[Wed Apr 28 2021 09:46:39.382420] r LSUPDATE :12010 7 F 13 :12010_2_1619628399.382168 1619628399.382160 :12010 (:12002,:12008)
[Wed Apr 28 2021 09:46:39.382574] d LSUPDATE :12000 6 F 13 :12010_2_1619628399.382168 1619628399.382160 :12010 (:12002,:12008)
[Wed Apr 28 2021 09:46:39.382620] d LSUPDATE :12004 6 F 13 :12010_2_1619628399.382168 1619628399.382160 :12010 (:12002,:12008)
[Wed Apr 28 2021 09:46:39.382695] i LSUPDATE :12000 7 F 20 :12002_10_1619628399.382501 1619628364.469712 :12002 (:12000,:12004,:12010)
[Wed Apr 28 2021 09:46:39.382781] i LSUPDATE :12004 7 F 20 :12002_11_1619628399.382513 1619628364.469712 :12002 (:12000,:12004,:12010)
[Wed Apr 28 2021 09:46:39.383211] r LSUPDATE :12010 6 F 13 :12008_6_1619628399.382313 1619628392.995201 :12008 (:12006,:12010)
[Wed Apr 28 2021 09:46:39.383299] r LSUPDATE :12004 7 F 13 :12004_8_1619628399.382872 1619628379.421306 :12004 (:12002,:12006)
[Wed Apr 28 2021 09:46:39.383400] d LSUPDATE :12000 5 F 13 :12008_6_1619628399.382313 1619628392.995201 :12008 (:12006,:12010)
[Wed Apr 28 2021 09:46:39.383563] d LSUPDATE :12000 6 F 13 :12004_8_1619628399.382872 1619628379.421306 :12004 (:12002,:12006)
[Wed Apr 28 2021 09:46:39.383657] d LSUPDATE :12004 5 F 13 :12008_6_1619628399.382313 1619628392.995201 :12008 (:12006,:12010)
[Wed Apr 28 2021 09:46:39.383709] r LSUPDATE :12000 7 F 6 :12000_6_1619628399.382999 1619628364.469470 :12000 (:12002)
[Wed Apr 28 2021 09:46:39.383793] d LSUPDATE :12010 6 F 13 :12004_8_1619628399.382872 1619628379.421306 :12004 (:12002,:12006)
[Wed Apr 28 2021 09:46:39.383840] r LSUPDATE :12010 7 F 13 :12010_5_1619628399.382879 1619628399.382160 :12010 (:12002,:12008)
[Wed Apr 28 2021 09:46:39.383926] d LSUPDATE :12004 6 F 6 :12000_6_1619628399.382999 1619628364.469470 :12000 (:12002)
[Wed Apr 28 2021 09:46:39.383972] d LSUPDATE :12010 6 F 6 :12000_6_1619628399.382999 1619628364.469470 :12000 (:12002)
[Wed Apr 28 2021 09:46:39.384021] d LSUPDATE :12000 6 F 13 :12010_5_1619628399.382879 1619628399.382160 :12010 (:12002,:12008)
[Wed Apr 28 2021 09:46:39.384065] d LSUPDATE :12004 6 F 13 :12010_5_1619628399.382879 1619628399.382160 :12010 (:12002,:12008)
[Wed Apr 28 2021 09:46:39.384209] r LSUPDATE :12010 6 F 13 :12008_8_1619628399.383281 1619628392.995201 :12008 (:12006,:12010)
[Wed Apr 28 2021 09:46:39.384438] d LSUPDATE :12000 5 F 13 :12008_8_1619628399.383281 1619628392.995201 :12008 (:12006,:12010)
[Wed Apr 28 2021 09:46:39.384599] d LSUPDATE :12004 5 F 13 :12008_8_1619628399.383281 1619628392.995201 :12008 (:12006,:12010)
[Wed Apr 28 2021 09:46:39.384876] r LSUPDATE :12004 3 F 20 :12002_9_1619628399.381978 1619628364.469712 :12002 (:12000,:12004,:12010)
[Wed Apr 28 2021 09:46:39.385075] i LSUPDATE :12000 2 F 20 :12002_9_1619628399.381978 1619628364.469712 :12002 (:12000,:12004,:12010)
[Wed Apr 28 2021 09:46:39.385193] i LSUPDATE :12010 2 F 20 :12002_9_1619628399.381978 1619628364.469712 :12002 (:12000,:12004,:12010)
[Wed Apr 28 2021 09:46:39.385255] r LSUPDATE :12010 7 F 13 :12010_6_1619628399.384241 1619628399.382160 :12010 (:12002,:12008)
[Wed Apr 28 2021 09:46:39.385383] r LSUPDATE :12004 6 F 13 :12006_7_1619628399.383377 1619628386.303212 :12006 (:12004,:12008)
[Wed Apr 28 2021 09:46:39.385627] d LSUPDATE :12000 6 F 13 :12010_6_1619628399.384241 1619628399.382160 :12010 (:12002,:12008)
[Wed Apr 28 2021 09:46:39.385733] d LSUPDATE :12004 6 F 13 :12010_6_1619628399.384241 1619628399.382160 :12010 (:12002,:12008)
[Wed Apr 28 2021 09:46:39.385766] d LSUPDATE :12000 5 F 13 :12006_7_1619628399.383377 1619628386.303212 :12006 (:12004,:12008)
[Wed Apr 28 2021 09:46:39.385992] d LSUPDATE :12010 5 F 13 :12006_7_1619628399.383377 1619628386.303212 :12006 (:12004,:12008)
[Wed Apr 28 2021 09:46:39.386097] r LSUPDATE :12010 2 F 13 :12010_2_1619628399.382168 1619628399.382160 :12010 (:12002,:12008)
[Wed Apr 28 2021 09:46:39.386178] r LSUPDATE :12004 4 F 13 :12010_3_1619628399.382491 1619628399.382160 :12010 (:12002,:12008)
[Wed Apr 28 2021 09:46:39.386635] d LSUPDATE :12010 3 F 13 :12010_3_1619628399.382491 1619628399.382160 :12010 (:12002,:12008)
[Wed Apr 28 2021 09:46:39.386691] d LSUPDATE :12000 3 F 13 :12010_3_1619628399.382491 1619628399.382160 :12010 (:12002,:12008)
[Wed Apr 28 2021 09:46:39.386909] r LSUPDATE :12010 7 F 13 :12010_8_1619628399.385050 1619628399.382160 :12010 (:12002,:12008)
[Wed Apr 28 2021 09:46:39.387151] r LSUPDATE :12004 5 F 13 :12008_7_1619628399.383265 1619628392.995201 :12008 (:12006,:12010)
[Wed Apr 28 2021 09:46:39.387359] d LSUPDATE :12004 6 F 13 :12010_8_1619628399.385050 1619628399.382160 :12010 (:12002,:12008)
[Wed Apr 28 2021 09:46:39.387477] d LSUPDATE :12010 4 F 13 :12008_7_1619628399.383265 1619628392.995201 :12008 (:12006,:12010)
[Wed Apr 28 2021 09:46:39.387674] d LSUPDATE :12000 6 F 13 :12010_8_1619628399.385050 1619628399.382160 :12010 (:12002,:12008)
[Wed Apr 28 2021 09:46:39.387803] d LSUPDATE :12000 4 F 13 :12008_7_1619628399.383265 1619628392.995201 :12008 (:12006,:12010)
[Wed Apr 28 2021 09:46:39.387842] r LSUPDATE :12010 5 F 13 :12006_8_1619628399.383392 1619628386.303212 :12006 (:12004,:12008)
[Wed Apr 28 2021 09:46:39.387995] d LSUPDATE :12000 4 F 13 :12006_8_1619628399.383392 1619628386.303212 :12006 (:12004,:12008)
[Wed Apr 28 2021 09:46:39.388138] d LSUPDATE :12004 4 F 13 :12006_8_1619628399.383392 1619628386.303212 :12006 (:12004,:12008)
[Wed Apr 28 2021 09:46:39.388201] r LSUPDATE :12004 4 F 13 :12010_4_1619628399.382532 1619628399.382160 :12010 (:12002,:12008)
[Wed Apr 28 2021 09:46:39.388368] d LSUPDATE :12000 3 F 13 :12010_4_1619628399.382532 1619628399.382160 :12010 (:12002,:12008)
[Wed Apr 28 2021 09:46:39.388407] r LSUPDATE :12010 7 F 13 :12010_10_1619628399.385523 1619628399.382160 :12010 (:12002,:12008)
[Wed Apr 28 2021 09:46:39.388519] d LSUPDATE :12010 3 F 13 :12010_4_1619628399.382532 1619628399.382160 :12010 (:12002,:12008)
[Wed Apr 28 2021 09:46:39.388732] d LSUPDATE :12000 6 F 13 :12010_10_1619628399.385523 1619628399.382160 :12010 (:12002,:12008)
[Wed Apr 28 2021 09:46:39.388777] d LSUPDATE :12004 6 F 13 :12010_10_1619628399.385523 1619628399.382160 :12010 (:12002,:12008)
[Wed Apr 28 2021 09:46:39.388978] r LSUPDATE :12004 2 F 13 :12004_8_1619628399.382872 1619628379.421306 :12004 (:12002,:12006)
[Wed Apr 28 2021 09:46:39.389065] r LSUPDATE :12010 4 F 13 :12004_9_1619628399.382891 1619628379.421306 :12004 (:12002,:12006)
[Wed Apr 28 2021 09:46:39.389315] d LSUPDATE :12000 3 F 13 :12004_9_1619628399.382891 1619628379.421306 :12004 (:12002,:12006)
[Wed Apr 28 2021 09:46:39.389376] d LSUPDATE :12004 3 F 13 :12004_9_1619628399.382891 1619628379.421306 :12004 (:12002,:12006)
[Wed Apr 28 2021 09:46:39.389821] r LSUPDATE :12004 4 F 13 :12010_7_1619628399.384257 1619628399.382160 :12010 (:12002,:12008)
[Wed Apr 28 2021 09:46:39.389912] r LSUPDATE :12010 3 F 20 :12002_11_1619628399.382513 1619628364.469712 :12002 (:12000,:12004,:12010)
[Wed Apr 28 2021 09:46:39.389992] d LSUPDATE :12000 3 F 13 :12010_7_1619628399.384257 1619628399.382160 :12010 (:12002,:12008)
[Wed Apr 28 2021 09:46:39.390149] i LSUPDATE :12000 2 F 20 :12002_11_1619628399.382513 1619628364.469712 :12002 (:12000,:12004,:12010)
[Wed Apr 28 2021 09:46:39.390276] i LSUPDATE :12004 2 F 20 :12002_11_1619628399.382513 1619628364.469712 :12002 (:12000,:12004,:12010)
[Wed Apr 28 2021 09:46:39.390340] d LSUPDATE :12010 3 F 13 :12010_7_1619628399.384257 1619628399.382160 :12010 (:12002,:12008)
[Wed Apr 28 2021 09:46:39.390535] r LSUPDATE :12004 4 F 13 :12010_9_1619628399.385064 1619628399.382160 :12010 (:12002,:12008)
[Wed Apr 28 2021 09:46:39.390659] r LSUPDATE :12010 2 F 13 :12010_5_1619628399.382879 1619628399.382160 :12010 (:12002,:12008)
[Wed Apr 28 2021 09:46:39.390700] d LSUPDATE :12000 3 F 13 :12010_9_1619628399.385064 1619628399.382160 :12010 (:12002,:12008)
[Wed Apr 28 2021 09:46:39.390740] d LSUPDATE :12010 3 F 13 :12010_9_1619628399.385064 1619628399.382160 :12010 (:12002,:12008)
[Wed Apr 28 2021 09:46:39.391028] r LSUPDATE :12004 4 F 13 :12010_11_1619628399.385538 1619628399.382160 :12010 (:12002,:12008)
[Wed Apr 28 2021 09:46:39.391212] d LSUPDATE :12000 3 F 13 :12010_11_1619628399.385538 1619628399.382160 :12010 (:12002,:12008)
[Wed Apr 28 2021 09:46:39.391294] d LSUPDATE :12010 3 F 13 :12010_11_1619628399.385538 1619628399.382160 :12010 (:12002,:12008)
[Wed Apr 28 2021 09:46:39.391537] r LSUPDATE :12010 2 F 13 :12010_6_1619628399.384241 1619628399.382160 :12010 (:12002,:12008)
[Wed Apr 28 2021 09:46:39.391875] r LSUPDATE :12010 2 F 13 :12010_8_1619628399.385050 1619628399.382160 :12010 (:12002,:12008)
[Wed Apr 28 2021 09:46:39.392346] r LSUPDATE :12010 2 F 13 :12010_10_1619628399.385523 1619628399.382160 :12010 (:12002,:12008)
[Wed Apr 28 2021 10:08:43.428106] i LSUPDATE :12004 7 F 13 :12002_13_1619629723.427869 1619628364.469712 :12002 (:12004,:12010)
[Wed Apr 28 2021 10:08:43.428229] i LSUPDATE :12010 7 F 13 :12002_14_1619629723.427904 1619628364.469712 :12002 (:12004,:12010)
[Wed Apr 28 2021 10:08:43.430149] r LSUPDATE :12010 3 F 13 :12002_13_1619629723.427869 1619628364.469712 :12002 (:12004,:12010)
[Wed Apr 28 2021 10:08:43.430236] r LSUPDATE :12004 3 F 13 :12002_14_1619629723.427904 1619628364.469712 :12002 (:12004,:12010)
[Wed Apr 28 2021 10:08:43.430390] i LSUPDATE :12004 2 F 13 :12002_13_1619629723.427869 1619628364.469712 :12002 (:12004,:12010)
[Wed Apr 28 2021 10:08:43.430447] i LSUPDATE :12010 2 F 13 :12002_14_1619629723.427904 1619628364.469712 :12002 (:12004,:12010)
[Wed Apr 28 2021 10:09:16.755463] i SAYHELLO :12000 1 - 0
[Wed Apr 28 2021 10:09:16.756283] r SAYHELLO :12000 1 - 0
[Wed Apr 28 2021 10:09:16.756434] i LSUPDATE :12000 7 F 6 :12002_2_1619629756.756317 1619629756.756311 :12002 (:12000)
[Wed Apr 28 2021 10:09:16.756524] r LSUPDATE :12000 7 F 6 :12000_2_1619629756.756109 1619629756.756102 :12000 (:12002)
[Wed Apr 28 2021 10:09:18.580996] r SAYHELLO :12004 1 - 0
[Wed Apr 28 2021 10:09:18.581080] i SAYHELLO :12004 1 - 0
[Wed Apr 28 2021 10:09:18.581212] i LSUPDATE :12004 7 F 13 :12002_3_1619629758.581056 1619629756.756311 :12002 (:12000,:12004)
[Wed Apr 28 2021 10:09:18.581934] r LSUPDATE :12004 7 F 6 :12004_2_1619629758.581611 1619629758.581603 :12004 (:12002)
[Wed Apr 28 2021 10:09:18.582088] d LSUPDATE :12000 6 F 6 :12004_2_1619629758.581611 1619629758.581603 :12004 (:12002)
[Wed Apr 28 2021 10:09:18.582190] i LSUPDATE :12000 7 F 13 :12002_4_1619629758.582009 1619629756.756311 :12002 (:12000,:12004)
[Wed Apr 28 2021 10:09:18.582571] r LSUPDATE :12000 7 F 6 :12000_3_1619629758.582274 1619629756.756102 :12000 (:12002)
[Wed Apr 28 2021 10:09:18.582708] d LSUPDATE :12004 6 F 6 :12000_3_1619629758.582274 1619629756.756102 :12000 (:12002)
[Wed Apr 28 2021 10:09:18.583146] r LSUPDATE :12004 7 F 6 :12004_3_1619629758.582937 1619629758.581603 :12004 (:12002)
[Wed Apr 28 2021 10:09:18.583269] d LSUPDATE :12000 6 F 6 :12004_3_1619629758.582937 1619629758.581603 :12004 (:12002)
[Wed Apr 28 2021 10:09:20.054882] r LSUPDATE :12004 6 F 6 :12006_2_1619629760.053965 1619629760.053944 :12006 (:12004)
[Wed Apr 28 2021 10:09:20.055131] d LSUPDATE :12000 5 F 6 :12006_2_1619629760.053965 1619629760.053944 :12006 (:12004)
[Wed Apr 28 2021 10:09:20.055183] i LSUPDATE :12004 7 F 13 :12002_6_1619629760.055021 1619629756.756311 :12002 (:12000,:12004)
[Wed Apr 28 2021 10:09:20.055271] i LSUPDATE :12000 7 F 13 :12002_5_1619629760.055000 1619629756.756311 :12002 (:12000,:12004)
[Wed Apr 28 2021 10:09:20.055387] r LSUPDATE :12004 7 F 13 :12004_5_1619629760.054496 1619629758.581603 :12004 (:12002,:12006)
[Wed Apr 28 2021 10:09:20.055586] d LSUPDATE :12000 6 F 13 :12004_5_1619629760.054496 1619629758.581603 :12004 (:12002,:12006)
[Wed Apr 28 2021 10:09:20.056043] r LSUPDATE :12000 7 F 6 :12000_4_1619629760.055550 1619629756.756102 :12000 (:12002)
[Wed Apr 28 2021 10:09:20.056230] d LSUPDATE :12004 6 F 6 :12000_4_1619629760.055550 1619629756.756102 :12000 (:12002)
[Wed Apr 28 2021 10:09:20.057396] r LSUPDATE :12004 6 F 6 :12006_3_1619629760.056164 1619629760.053944 :12006 (:12004)
[Wed Apr 28 2021 10:09:20.057570] d LSUPDATE :12000 5 F 6 :12006_3_1619629760.056164 1619629760.053944 :12006 (:12004)
[Wed Apr 28 2021 10:09:20.057853] r LSUPDATE :12004 6 F 6 :12006_4_1619629760.057120 1619629760.053944 :12006 (:12004)
[Wed Apr 28 2021 10:09:20.058034] d LSUPDATE :12000 5 F 6 :12006_4_1619629760.057120 1619629760.053944 :12006 (:12004)
[Wed Apr 28 2021 10:09:21.935456] r LSUPDATE :12004 5 F 6 :12008_2_1619629761.934634 1619629761.934629 :12008 (:12006)
[Wed Apr 28 2021 10:09:21.935635] d LSUPDATE :12000 4 F 6 :12008_2_1619629761.934634 1619629761.934629 :12008 (:12006)
[Wed Apr 28 2021 10:09:21.935679] i LSUPDATE :12004 7 F 13 :12002_8_1619629761.935543 1619629756.756311 :12002 (:12000,:12004)
[Wed Apr 28 2021 10:09:21.935760] i LSUPDATE :12000 7 F 13 :12002_7_1619629761.935533 1619629756.756311 :12002 (:12000,:12004)
[Wed Apr 28 2021 10:09:21.935805] r LSUPDATE :12004 7 F 13 :12004_6_1619629761.935239 1619629758.581603 :12004 (:12002,:12006)
[Wed Apr 28 2021 10:09:21.935928] d LSUPDATE :12000 6 F 13 :12004_6_1619629761.935239 1619629758.581603 :12004 (:12002,:12006)
[Wed Apr 28 2021 10:09:21.936088] r LSUPDATE :12004 6 F 13 :12006_6_1619629761.934948 1619629760.053944 :12006 (:12004,:12008)
[Wed Apr 28 2021 10:09:21.936190] r LSUPDATE :12000 7 F 6 :12000_5_1619629761.935889 1619629756.756102 :12000 (:12002)
[Wed Apr 28 2021 10:09:21.936251] d LSUPDATE :12000 5 F 13 :12006_6_1619629761.934948 1619629760.053944 :12006 (:12004,:12008)
[Wed Apr 28 2021 10:09:21.936318] d LSUPDATE :12004 6 F 6 :12000_5_1619629761.935889 1619629756.756102 :12000 (:12002)
[Wed Apr 28 2021 10:09:21.936843] r LSUPDATE :12004 5 F 6 :12008_3_1619629761.935910 1619629761.934629 :12008 (:12006)
[Wed Apr 28 2021 10:09:21.936970] d LSUPDATE :12000 4 F 6 :12008_3_1619629761.935910 1619629761.934629 :12008 (:12006)
[Wed Apr 28 2021 10:09:21.937428] r LSUPDATE :12004 5 F 6 :12008_4_1619629761.936550 1619629761.934629 :12008 (:12006)
[Wed Apr 28 2021 10:09:21.937561] d LSUPDATE :12000 4 F 6 :12008_4_1619629761.936550 1619629761.934629 :12008 (:12006)
[Wed Apr 28 2021 10:09:21.937884] r LSUPDATE :12004 5 F 6 :12008_5_1619629761.937160 1619629761.934629 :12008 (:12006)
[Wed Apr 28 2021 10:09:21.938021] d LSUPDATE :12000 4 F 6 :12008_5_1619629761.937160 1619629761.934629 :12008 (:12006)
[Wed Apr 28 2021 10:09:23.943313] r SAYHELLO :12010 1 - 0
[Wed Apr 28 2021 10:09:23.943422] i SAYHELLO :12010 1 - 0
[Wed Apr 28 2021 10:09:23.943528] i LSUPDATE :12010 7 F 20 :12002_9_1619629763.943373 1619629756.756311 :12002 (:12000,:12004,:12010)
[Wed Apr 28 2021 10:09:23.944079] r LSUPDATE :12010 7 F 13 :12010_2_1619629763.943748 1619629763.943740 :12010 (:12002,:12008)
[Wed Apr 28 2021 10:09:23.944278] d LSUPDATE :12004 6 F 13 :12010_2_1619629763.943748 1619629763.943740 :12010 (:12002,:12008)
[Wed Apr 28 2021 10:09:23.944332] d LSUPDATE :12000 6 F 13 :12010_2_1619629763.943748 1619629763.943740 :12010 (:12002,:12008)
[Wed Apr 28 2021 10:09:23.944448] i LSUPDATE :12004 7 F 20 :12002_11_1619629763.944189 1619629756.756311 :12002 (:12000,:12004,:12010)
[Wed Apr 28 2021 10:09:23.944503] i LSUPDATE :12000 7 F 20 :12002_10_1619629763.944176 1619629756.756311 :12002 (:12000,:12004,:12010)
[Wed Apr 28 2021 10:09:23.944993] r LSUPDATE :12010 6 F 13 :12008_6_1619629763.943836 1619629761.934629 :12008 (:12006,:12010)
[Wed Apr 28 2021 10:09:23.945124] r LSUPDATE :12000 7 F 6 :12000_6_1619629763.944604 1619629756.756102 :12000 (:12002)
[Wed Apr 28 2021 10:09:23.945297] d LSUPDATE :12000 5 F 13 :12008_6_1619629763.943836 1619629761.934629 :12008 (:12006,:12010)
[Wed Apr 28 2021 10:09:23.945452] d LSUPDATE :12004 5 F 13 :12008_6_1619629763.943836 1619629761.934629 :12008 (:12006,:12010)
[Wed Apr 28 2021 10:09:23.945546] r LSUPDATE :12004 7 F 13 :12004_8_1619629763.944583 1619629758.581603 :12004 (:12002,:12006)
[Wed Apr 28 2021 10:09:23.945640] d LSUPDATE :12004 6 F 6 :12000_6_1619629763.944604 1619629756.756102 :12000 (:12002)
[Wed Apr 28 2021 10:09:23.945675] d LSUPDATE :12010 6 F 6 :12000_6_1619629763.944604 1619629756.756102 :12000 (:12002)
[Wed Apr 28 2021 10:09:23.945721] r LSUPDATE :12010 7 F 13 :12010_5_1619629763.944574 1619629763.943740 :12010 (:12002,:12008)
[Wed Apr 28 2021 10:09:23.945814] d LSUPDATE :12010 6 F 13 :12004_8_1619629763.944583 1619629758.581603 :12004 (:12002,:12006)
[Wed Apr 28 2021 10:09:23.945855] d LSUPDATE :12000 6 F 13 :12004_8_1619629763.944583 1619629758.581603 :12004 (:12002,:12006)
[Wed Apr 28 2021 10:09:23.945915] d LSUPDATE :12004 6 F 13 :12010_5_1619629763.944574 1619629763.943740 :12010 (:12002,:12008)
[Wed Apr 28 2021 10:09:23.946119] d LSUPDATE :12000 6 F 13 :12010_5_1619629763.944574 1619629763.943740 :12010 (:12002,:12008)
[Wed Apr 28 2021 10:09:23.946363] r LSUPDATE :12004 3 F 20 :12002_9_1619629763.943373 1619629756.756311 :12002 (:12000,:12004,:12010)
[Wed Apr 28 2021 10:09:23.946512] r LSUPDATE :12010 6 F 13 :12008_8_1619629763.944791 1619629761.934629 :12008 (:12006,:12010)
[Wed Apr 28 2021 10:09:23.946598] i LSUPDATE :12010 2 F 20 :12002_9_1619629763.943373 1619629756.756311 :12002 (:12000,:12004,:12010)
[Wed Apr 28 2021 10:09:23.946700] i LSUPDATE :12000 2 F 20 :12002_9_1619629763.943373 1619629756.756311 :12002 (:12000,:12004,:12010)
[Wed Apr 28 2021 10:09:23.946741] d LSUPDATE :12004 5 F 13 :12008_8_1619629763.944791 1619629761.934629 :12008 (:12006,:12010)
[Wed Apr 28 2021 10:09:23.946845] d LSUPDATE :12000 5 F 13 :12008_8_1619629763.944791 1619629761.934629 :12008 (:12006,:12010)
[Wed Apr 28 2021 10:09:23.946998] r LSUPDATE :12004 6 F 13 :12006_7_1619629763.945316 1619629760.053944 :12006 (:12004,:12008)
[Wed Apr 28 2021 10:09:23.947079] r LSUPDATE :12010 7 F 13 :12010_6_1619629763.945958 1619629763.943740 :12010 (:12002,:12008)
[Wed Apr 28 2021 10:09:23.947278] d LSUPDATE :12000 5 F 13 :12006_7_1619629763.945316 1619629760.053944 :12006 (:12004,:12008)
[Wed Apr 28 2021 10:09:23.947371] d LSUPDATE :12010 5 F 13 :12006_7_1619629763.945316 1619629760.053944 :12006 (:12004,:12008)
[Wed Apr 28 2021 10:09:23.947411] d LSUPDATE :12000 6 F 13 :12010_6_1619629763.945958 1619629763.943740 :12010 (:12002,:12008)
[Wed Apr 28 2021 10:09:23.947582] r LSUPDATE :12010 7 F 13 :12010_8_1619629763.946858 1619629763.943740 :12010 (:12002,:12008)
[Wed Apr 28 2021 10:09:23.947944] d LSUPDATE :12004 6 F 13 :12010_6_1619629763.945958 1619629763.943740 :12010 (:12002,:12008)
[Wed Apr 28 2021 10:09:23.948010] d LSUPDATE :12000 6 F 13 :12010_8_1619629763.946858 1619629763.943740 :12010 (:12002,:12008)
[Wed Apr 28 2021 10:09:23.948115] d LSUPDATE :12004 6 F 13 :12010_8_1619629763.946858 1619629763.943740 :12010 (:12002,:12008)
[Wed Apr 28 2021 10:09:23.948183] r LSUPDATE :12010 2 F 13 :12010_2_1619629763.943748 1619629763.943740 :12010 (:12002,:12008)
[Wed Apr 28 2021 10:09:23.948227] r LSUPDATE :12004 4 F 13 :12010_3_1619629763.944130 1619629763.943740 :12010 (:12002,:12008)
[Wed Apr 28 2021 10:09:23.948478] d LSUPDATE :12010 3 F 13 :12010_3_1619629763.944130 1619629763.943740 :12010 (:12002,:12008)
[Wed Apr 28 2021 10:09:23.948518] d LSUPDATE :12000 3 F 13 :12010_3_1619629763.944130 1619629763.943740 :12010 (:12002,:12008)
[Wed Apr 28 2021 10:09:23.949211] r LSUPDATE :12010 5 F 13 :12006_8_1619629763.945345 1619629760.053944 :12006 (:12004,:12008)
[Wed Apr 28 2021 10:09:23.949498] r LSUPDATE :12004 5 F 13 :12008_7_1619629763.944773 1619629761.934629 :12008 (:12006,:12010)
[Wed Apr 28 2021 10:09:23.949575] d LSUPDATE :12000 4 F 13 :12006_8_1619629763.945345 1619629760.053944 :12006 (:12004,:12008)
[Wed Apr 28 2021 10:09:23.949731] d LSUPDATE :12000 4 F 13 :12008_7_1619629763.944773 1619629761.934629 :12008 (:12006,:12010)
[Wed Apr 28 2021 10:09:23.949779] d LSUPDATE :12004 4 F 13 :12006_8_1619629763.945345 1619629760.053944 :12006 (:12004,:12008)
[Wed Apr 28 2021 10:09:23.949856] r LSUPDATE :12010 7 F 13 :12010_10_1619629763.947654 1619629763.943740 :12010 (:12002,:12008)
[Wed Apr 28 2021 10:09:23.950079] d LSUPDATE :12010 4 F 13 :12008_7_1619629763.944773 1619629761.934629 :12008 (:12006,:12010)
[Wed Apr 28 2021 10:09:23.950193] d LSUPDATE :12000 6 F 13 :12010_10_1619629763.947654 1619629763.943740 :12010 (:12002,:12008)
[Wed Apr 28 2021 10:09:23.950232] r LSUPDATE :12004 4 F 13 :12010_4_1619629763.944154 1619629763.943740 :12010 (:12002,:12008)
[Wed Apr 28 2021 10:09:23.950310] d LSUPDATE :12004 6 F 13 :12010_10_1619629763.947654 1619629763.943740 :12010 (:12002,:12008)
[Wed Apr 28 2021 10:09:23.950401] d LSUPDATE :12000 3 F 13 :12010_4_1619629763.944154 1619629763.943740 :12010 (:12002,:12008)
[Wed Apr 28 2021 10:09:23.950440] d LSUPDATE :12010 3 F 13 :12010_4_1619629763.944154 1619629763.943740 :12010 (:12002,:12008)
[Wed Apr 28 2021 10:09:23.950638] r LSUPDATE :12010 4 F 13 :12004_9_1619629763.944606 1619629758.581603 :12004 (:12002,:12006)
[Wed Apr 28 2021 10:09:23.950900] r LSUPDATE :12004 4 F 13 :12010_7_1619629763.945975 1619629763.943740 :12010 (:12002,:12008)
[Wed Apr 28 2021 10:09:23.951012] d LSUPDATE :12000 3 F 13 :12004_9_1619629763.944606 1619629758.581603 :12004 (:12002,:12006)
[Wed Apr 28 2021 10:09:23.951145] d LSUPDATE :12010 3 F 13 :12010_7_1619629763.945975 1619629763.943740 :12010 (:12002,:12008)
[Wed Apr 28 2021 10:09:23.951183] d LSUPDATE :12004 3 F 13 :12004_9_1619629763.944606 1619629758.581603 :12004 (:12002,:12006)
[Wed Apr 28 2021 10:09:23.951223] d LSUPDATE :12000 3 F 13 :12010_7_1619629763.945975 1619629763.943740 :12010 (:12002,:12008)
[Wed Apr 28 2021 10:09:23.951436] r LSUPDATE :12010 3 F 20 :12002_11_1619629763.944189 1619629756.756311 :12002 (:12000,:12004,:12010)
[Wed Apr 28 2021 10:09:23.951530] r LSUPDATE :12004 2 F 13 :12004_8_1619629763.944583 1619629758.581603 :12004 (:12002,:12006)
[Wed Apr 28 2021 10:09:23.951657] i LSUPDATE :12004 2 F 20 :12002_11_1619629763.944189 1619629756.756311 :12002 (:12000,:12004,:12010)
[Wed Apr 28 2021 10:09:23.951738] i LSUPDATE :12000 2 F 20 :12002_11_1619629763.944189 1619629756.756311 :12002 (:12000,:12004,:12010)
[Wed Apr 28 2021 10:09:23.952054] r LSUPDATE :12004 4 F 13 :12010_9_1619629763.946874 1619629763.943740 :12010 (:12002,:12008)
[Wed Apr 28 2021 10:09:23.952328] d LSUPDATE :12000 3 F 13 :12010_9_1619629763.946874 1619629763.943740 :12010 (:12002,:12008)
[Wed Apr 28 2021 10:09:23.952432] r LSUPDATE :12010 2 F 13 :12010_5_1619629763.944574 1619629763.943740 :12010 (:12002,:12008)
[Wed Apr 28 2021 10:09:23.952570] d LSUPDATE :12010 3 F 13 :12010_9_1619629763.946874 1619629763.943740 :12010 (:12002,:12008)
[Wed Apr 28 2021 10:09:23.952741] r LSUPDATE :12004 4 F 13 :12010_11_1619629763.947667 1619629763.943740 :12010 (:12002,:12008)
[Wed Apr 28 2021 10:09:23.952900] d LSUPDATE :12000 3 F 13 :12010_11_1619629763.947667 1619629763.943740 :12010 (:12002,:12008)
[Wed Apr 28 2021 10:09:23.952942] d LSUPDATE :12010 3 F 13 :12010_11_1619629763.947667 1619629763.943740 :12010 (:12002,:12008)
[Wed Apr 28 2021 10:09:23.953370] r LSUPDATE :12010 2 F 13 :12010_6_1619629763.945958 1619629763.943740 :12010 (:12002,:12008)
[Wed Apr 28 2021 10:09:23.953688] r LSUPDATE :12010 2 F 13 :12010_8_1619629763.946858 1619629763.943740 :12010 (:12002,:12008)
[Wed Apr 28 2021 10:09:23.953993] r LSUPDATE :12010 2 F 13 :12010_10_1619629763.947654 1619629763.943740 :12010 (:12002,:12008)
[Wed Apr 28 2021 10:12:32.237644] i LSUPDATE :12010 7 F 13 :12002_15_1619629952.237480 1619629756.756311 :12002 (:12000,:12010)
[Wed Apr 28 2021 10:12:32.237735] i LSUPDATE :12000 7 F 13 :12002_14_1619629952.237450 1619629756.756311 :12002 (:12000,:12010)
[Wed Apr 28 2021 10:12:32.238537] r LSUPDATE :12010 5 F 6 :12006_13_1619629952.237465 1619629760.053944 :12006 (:12008)
[Wed Apr 28 2021 10:12:32.238712] d LSUPDATE :12000 4 F 6 :12006_13_1619629952.237465 1619629760.053944 :12006 (:12008)
[Wed Apr 28 2021 10:12:51.148717] r SAYHELLO :12004 1 - 0
[Wed Apr 28 2021 10:12:51.148802] i SAYHELLO :12004 1 - 0
[Wed Apr 28 2021 10:12:51.148920] i LSUPDATE :12004 7 F 20 :12002_17_1619629971.148778 1619629756.756311 :12002 (:12000,:12010,:12004)
[Wed Apr 28 2021 10:12:51.149306] r LSUPDATE :12004 7 F 13 :12004_2_1619629971.149053 1619629971.149046 :12004 (:12002,:12006)
[Wed Apr 28 2021 10:12:51.149461] d LSUPDATE :12000 6 F 13 :12004_2_1619629971.149053 1619629971.149046 :12004 (:12002,:12006)
[Wed Apr 28 2021 10:12:51.149517] d LSUPDATE :12010 6 F 13 :12004_2_1619629971.149053 1619629971.149046 :12004 (:12002,:12006)
[Wed Apr 28 2021 10:12:51.149612] i LSUPDATE :12000 7 F 20 :12002_18_1619629971.149387 1619629756.756311 :12002 (:12000,:12010,:12004)
[Wed Apr 28 2021 10:12:51.149649] i LSUPDATE :12010 7 F 20 :12002_19_1619629971.149399 1619629756.756311 :12002 (:12000,:12010,:12004)
[Wed Apr 28 2021 10:12:51.150113] r LSUPDATE :12004 6 F 13 :12006_17_1619629971.149221 1619629760.053944 :12006 (:12008,:12004)
[Wed Apr 28 2021 10:12:51.150265] r LSUPDATE :12000 7 F 6 :12000_10_1619629971.149781 1619629756.756102 :12000 (:12002)
[Wed Apr 28 2021 10:12:51.150409] d LSUPDATE :12010 5 F 13 :12006_17_1619629971.149221 1619629760.053944 :12006 (:12008,:12004)
[Wed Apr 28 2021 10:12:51.150460] d LSUPDATE :12000 5 F 13 :12006_17_1619629971.149221 1619629760.053944 :12006 (:12008,:12004)
[Wed Apr 28 2021 10:12:51.150550] d LSUPDATE :12004 6 F 6 :12000_10_1619629971.149781 1619629756.756102 :12000 (:12002)
[Wed Apr 28 2021 10:12:51.150602] r LSUPDATE :12010 7 F 13 :12010_13_1619629971.149862 1619629763.943740 :12010 (:12002,:12008)
[Wed Apr 28 2021 10:12:51.150742] r LSUPDATE :12004 7 F 13 :12004_5_1619629971.149742 1619629971.149046 :12004 (:12002,:12006)
[Wed Apr 28 2021 10:12:51.150800] d LSUPDATE :12000 6 F 13 :12010_13_1619629971.149862 1619629763.943740 :12010 (:12002,:12008)
[Wed Apr 28 2021 10:12:51.150899] d LSUPDATE :12004 6 F 13 :12010_13_1619629971.149862 1619629763.943740 :12010 (:12002,:12008)
[Wed Apr 28 2021 10:12:51.150999] d LSUPDATE :12000 6 F 13 :12004_5_1619629971.149742 1619629971.149046 :12004 (:12002,:12006)
[Wed Apr 28 2021 10:12:51.151234] d LSUPDATE :12010 6 F 6 :12000_10_1619629971.149781 1619629756.756102 :12000 (:12002)
[Wed Apr 28 2021 10:12:51.151400] d LSUPDATE :12010 6 F 13 :12004_5_1619629971.149742 1619629971.149046 :12004 (:12002,:12006)
[Wed Apr 28 2021 10:12:51.151481] r LSUPDATE :12010 3 F 20 :12002_17_1619629971.148778 1619629756.756311 :12002 (:12000,:12010,:12004)
[Wed Apr 28 2021 10:12:51.151706] i LSUPDATE :12000 2 F 20 :12002_17_1619629971.148778 1619629756.756311 :12002 (:12000,:12010,:12004)
[Wed Apr 28 2021 10:12:51.151834] i LSUPDATE :12004 2 F 20 :12002_17_1619629971.148778 1619629756.756311 :12002 (:12000,:12010,:12004)
[Wed Apr 28 2021 10:12:51.151892] r LSUPDATE :12004 6 F 13 :12006_19_1619629971.150083 1619629760.053944 :12006 (:12008,:12004)
[Wed Apr 28 2021 10:12:51.152156] d LSUPDATE :12000 5 F 13 :12006_19_1619629971.150083 1619629760.053944 :12006 (:12008,:12004)
[Wed Apr 28 2021 10:12:51.152214] d LSUPDATE :12010 5 F 13 :12006_19_1619629971.150083 1619629760.053944 :12006 (:12008,:12004)
[Wed Apr 28 2021 10:12:51.152416] r LSUPDATE :12010 6 F 13 :12008_10_1619629971.150355 1619629761.934629 :12008 (:12006,:12010)
[Wed Apr 28 2021 10:12:51.152673] r LSUPDATE :12004 7 F 13 :12004_6_1619629971.150982 1619629971.149046 :12004 (:12002,:12006)
[Wed Apr 28 2021 10:12:51.152722] d LSUPDATE :12000 5 F 13 :12008_10_1619629971.150355 1619629761.934629 :12008 (:12006,:12010)
[Wed Apr 28 2021 10:12:51.152901] d LSUPDATE :12000 6 F 13 :12004_6_1619629971.150982 1619629971.149046 :12004 (:12002,:12006)
[Wed Apr 28 2021 10:12:51.152944] d LSUPDATE :12004 5 F 13 :12008_10_1619629971.150355 1619629761.934629 :12008 (:12006,:12010)
[Wed Apr 28 2021 10:12:51.153007] d LSUPDATE :12010 6 F 13 :12004_6_1619629971.150982 1619629971.149046 :12004 (:12002,:12006)
[Wed Apr 28 2021 10:12:51.153129] r LSUPDATE :12010 4 F 13 :12004_3_1619629971.149352 1619629971.149046 :12004 (:12002,:12006)
[Wed Apr 28 2021 10:12:51.153354] r LSUPDATE :12004 2 F 13 :12004_2_1619629971.149053 1619629971.149046 :12004 (:12002,:12006)
[Wed Apr 28 2021 10:12:51.153428] d LSUPDATE :12000 3 F 13 :12004_3_1619629971.149352 1619629971.149046 :12004 (:12002,:12006)
[Wed Apr 28 2021 10:12:51.153568] d LSUPDATE :12004 3 F 13 :12004_3_1619629971.149352 1619629971.149046 :12004 (:12002,:12006)
[Wed Apr 28 2021 10:12:51.153910] r LSUPDATE :12010 5 F 13 :12006_18_1619629971.150070 1619629760.053944 :12006 (:12008,:12004)
[Wed Apr 28 2021 10:12:51.154048] r LSUPDATE :12004 7 F 13 :12004_8_1619629971.151922 1619629971.149046 :12004 (:12002,:12006)
[Wed Apr 28 2021 10:12:51.154135] d LSUPDATE :12000 4 F 13 :12006_18_1619629971.150070 1619629760.053944 :12006 (:12008,:12004)
[Wed Apr 28 2021 10:12:51.154275] d LSUPDATE :12000 6 F 13 :12004_8_1619629971.151922 1619629971.149046 :12004 (:12002,:12006)
[Wed Apr 28 2021 10:12:51.154423] d LSUPDATE :12010 6 F 13 :12004_8_1619629971.151922 1619629971.149046 :12004 (:12002,:12006)
[Wed Apr 28 2021 10:12:51.154517] r LSUPDATE :12004 5 F 13 :12008_9_1619629971.150338 1619629761.934629 :12008 (:12006,:12010)
[Wed Apr 28 2021 10:12:51.154696] d LSUPDATE :12004 4 F 13 :12006_18_1619629971.150070 1619629760.053944 :12006 (:12008,:12004)
[Wed Apr 28 2021 10:12:51.154872] d LSUPDATE :12000 4 F 13 :12008_9_1619629971.150338 1619629761.934629 :12008 (:12006,:12010)
[Wed Apr 28 2021 10:12:51.155017] d LSUPDATE :12010 4 F 13 :12008_9_1619629971.150338 1619629761.934629 :12008 (:12006,:12010)
[Wed Apr 28 2021 10:12:51.155078] r LSUPDATE :12004 7 F 13 :12004_10_1619629971.152783 1619629971.149046 :12004 (:12002,:12006)
[Wed Apr 28 2021 10:12:51.155260] d LSUPDATE :12000 6 F 13 :12004_10_1619629971.152783 1619629971.149046 :12004 (:12002,:12006)
[Wed Apr 28 2021 10:12:51.155340] d LSUPDATE :12010 6 F 13 :12004_10_1619629971.152783 1619629971.149046 :12004 (:12002,:12006)
[Wed Apr 28 2021 10:12:51.155421] r LSUPDATE :12010 4 F 13 :12004_4_1619629971.149415 1619629971.149046 :12004 (:12002,:12006)
[Wed Apr 28 2021 10:12:51.155545] r LSUPDATE :12004 4 F 13 :12010_14_1619629971.149881 1619629763.943740 :12010 (:12002,:12008)
[Wed Apr 28 2021 10:12:51.155624] d LSUPDATE :12000 3 F 13 :12004_4_1619629971.149415 1619629971.149046 :12004 (:12002,:12006)
[Wed Apr 28 2021 10:12:51.155783] d LSUPDATE :12004 3 F 13 :12004_4_1619629971.149415 1619629971.149046 :12004 (:12002,:12006)
[Wed Apr 28 2021 10:12:51.155875] r LSUPDATE :12010 4 F 13 :12004_7_1619629971.151000 1619629971.149046 :12004 (:12002,:12006)
[Wed Apr 28 2021 10:12:51.155985] r LSUPDATE :12004 3 F 20 :12002_19_1619629971.149399 1619629756.756311 :12002 (:12000,:12010,:12004)
[Wed Apr 28 2021 10:12:51.156097] d LSUPDATE :12000 3 F 13 :12010_14_1619629971.149881 1619629763.943740 :12010 (:12002,:12008)
[Wed Apr 28 2021 10:12:51.156140] d LSUPDATE :12004 3 F 13 :12004_7_1619629971.151000 1619629971.149046 :12004 (:12002,:12006)
[Wed Apr 28 2021 10:12:51.156194] d LSUPDATE :12010 3 F 13 :12010_14_1619629971.149881 1619629763.943740 :12010 (:12002,:12008)
[Wed Apr 28 2021 10:12:51.156229] d LSUPDATE :12000 3 F 13 :12004_7_1619629971.151000 1619629971.149046 :12004 (:12002,:12006)
[Wed Apr 28 2021 10:12:51.156322] i LSUPDATE :12010 2 F 20 :12002_19_1619629971.149399 1619629756.756311 :12002 (:12000,:12010,:12004)
[Wed Apr 28 2021 10:12:51.156354] i LSUPDATE :12000 2 F 20 :12002_19_1619629971.149399 1619629756.756311 :12002 (:12000,:12010,:12004)
[Wed Apr 28 2021 10:12:51.156442] r LSUPDATE :12010 2 F 13 :12010_13_1619629971.149862 1619629763.943740 :12010 (:12002,:12008)
[Wed Apr 28 2021 10:12:51.156490] r LSUPDATE :12004 2 F 13 :12004_5_1619629971.149742 1619629971.149046 :12004 (:12002,:12006)
[Wed Apr 28 2021 10:12:51.156867] r LSUPDATE :12010 4 F 13 :12004_9_1619629971.151935 1619629971.149046 :12004 (:12002,:12006)
[Wed Apr 28 2021 10:12:51.157166] d LSUPDATE :12000 3 F 13 :12004_9_1619629971.151935 1619629971.149046 :12004 (:12002,:12006)
[Wed Apr 28 2021 10:12:51.157229] d LSUPDATE :12004 3 F 13 :12004_9_1619629971.151935 1619629971.149046 :12004 (:12002,:12006)
[Wed Apr 28 2021 10:12:51.157265] r LSUPDATE :12010 4 F 13 :12004_11_1619629971.152797 1619629971.149046 :12004 (:12002,:12006)
[Wed Apr 28 2021 10:12:51.157385] r LSUPDATE :12004 2 F 13 :12004_6_1619629971.150982 1619629971.149046 :12004 (:12002,:12006)
[Wed Apr 28 2021 10:12:51.157472] d LSUPDATE :12000 3 F 13 :12004_11_1619629971.152797 1619629971.149046 :12004 (:12002,:12006)
[Wed Apr 28 2021 10:12:51.157573] d LSUPDATE :12004 3 F 13 :12004_11_1619629971.152797 1619629971.149046 :12004 (:12002,:12006)
[Wed Apr 28 2021 10:12:51.157857] r LSUPDATE :12004 2 F 13 :12004_8_1619629971.151922 1619629971.149046 :12004 (:12002,:12006)
[Wed Apr 28 2021 10:12:51.158362] r LSUPDATE :12004 2 F 13 :12004_10_1619629971.152783 1619629971.149046 :12004 (:12002,:12006)
[Wed Apr 28 2021 10:15:42.060941] i LSUPDATE :12000 7 F 13 :12002_25_1619630142.060740 1619629756.756311 :12002 (:12000,:12010)
[Wed Apr 28 2021 10:15:42.061028] i LSUPDATE :12010 7 F 13 :12002_26_1619630142.060775 1619629756.756311 :12002 (:12000,:12010)
[Wed Apr 28 2021 10:15:42.061848] r LSUPDATE :12010 5 F 6 :12006_27_1619630142.060805 1619629760.053944 :12006 (:12008)
[Wed Apr 28 2021 10:15:42.062017] d LSUPDATE :12000 4 F 6 :12006_27_1619630142.060805 1619629760.053944 :12006 (:12008)
[Wed Apr 28 2021 10:16:11.238391] i LSUPDATE :12010 7 F 6 :12002_29_1619630171.238190 1619629756.756311 :12002 (:12010)
[Wed Apr 28 2021 10:16:47.997075] i SAYHELLO :12000 1 - 0
[Wed Apr 28 2021 10:16:47.997734] r SAYHELLO :12000 1 - 0
[Wed Apr 28 2021 10:16:47.997924] i LSUPDATE :12000 7 F 6 :12002_2_1619630207.997774 1619630207.997767 :12002 (:12000)
[Wed Apr 28 2021 10:16:47.997971] r LSUPDATE :12000 7 F 6 :12000_2_1619630207.997541 1619630207.997533 :12000 (:12002)
[Wed Apr 28 2021 10:16:51.488943] r SAYHELLO :12004 1 - 0
[Wed Apr 28 2021 10:16:51.489045] i SAYHELLO :12004 1 - 0
[Wed Apr 28 2021 10:16:51.489143] i LSUPDATE :12004 7 F 13 :12002_3_1619630211.489003 1619630207.997767 :12002 (:12000,:12004)
[Wed Apr 28 2021 10:16:51.489529] r LSUPDATE :12004 7 F 6 :12004_2_1619630211.489236 1619630211.489229 :12004 (:12002)
[Wed Apr 28 2021 10:16:51.489671] d LSUPDATE :12000 6 F 6 :12004_2_1619630211.489236 1619630211.489229 :12004 (:12002)
[Wed Apr 28 2021 10:16:51.489767] i LSUPDATE :12000 7 F 13 :12002_4_1619630211.489603 1619630207.997767 :12002 (:12000,:12004)
[Wed Apr 28 2021 10:16:51.490164] r LSUPDATE :12000 7 F 6 :12000_3_1619630211.489891 1619630207.997533 :12000 (:12002)
[Wed Apr 28 2021 10:16:51.490293] d LSUPDATE :12004 6 F 6 :12000_3_1619630211.489891 1619630207.997533 :12000 (:12002)
[Wed Apr 28 2021 10:16:51.490673] r LSUPDATE :12004 7 F 6 :12004_3_1619630211.490462 1619630211.489229 :12004 (:12002)
[Wed Apr 28 2021 10:16:51.490815] d LSUPDATE :12000 6 F 6 :12004_3_1619630211.490462 1619630211.489229 :12004 (:12002)
[Wed Apr 28 2021 10:24:51.030490] i SAYHELLO :12000 1 - 0
[Wed Apr 28 2021 10:24:51.030920] r SAYHELLO :12000 1 - 0
[Wed Apr 28 2021 10:24:51.030987] i SAYHELLO :12004 1 - 0
[Wed Apr 28 2021 10:24:51.031150] i LSUPDATE :12000 7 F 13 :12002_2_1619630691.030952 1619630691.030946 :12002 (:12000,:12004)
[Wed Apr 28 2021 10:24:51.031194] r LSUPDATE :12000 7 F 6 :12000_35_1619630691.030645 1619630207.997533 :12000 (:12002)
[Wed Apr 28 2021 10:24:51.031291] r SAYHELLO :12004 1 - 0
[Wed Apr 28 2021 10:24:51.031355] d LSUPDATE :12004 6 F 6 :12000_35_1619630691.030645 1619630207.997533 :12000 (:12002)
[Wed Apr 28 2021 10:24:51.031468] i LSUPDATE :12004 7 F 13 :12002_3_1619630691.031254 1619630691.030946 :12002 (:12000,:12004)
[Wed Apr 28 2021 10:24:51.031516] r LSUPDATE :12004 7 F 6 :12004_29_1619630691.031144 1619630211.489229 :12004 (:12002)
[Wed Apr 28 2021 10:24:51.031567] i LSUPDATE :12004 7 F 13 :12002_4_1619630691.031313 1619630691.030946 :12002 (:12000,:12004)
[Wed Apr 28 2021 10:24:51.031650] d LSUPDATE :12000 6 F 6 :12004_29_1619630691.031144 1619630211.489229 :12004 (:12002)
[Wed Apr 28 2021 10:24:51.031759] i LSUPDATE :12000 7 F 13 :12002_5_1619630691.031612 1619630691.030946 :12002 (:12000,:12004)
[Wed Apr 28 2021 10:26:06.533517] i SAYHELLO :12000 1 - 0
[Wed Apr 28 2021 10:26:06.533885] r SAYHELLO :12000 1 - 0
[Wed Apr 28 2021 10:26:06.533972] i SAYHELLO :12004 1 - 0
[Wed Apr 28 2021 10:26:06.534128] i LSUPDATE :12000 7 F 13 :12002_2_1619630766.533939 1619630766.533930 :12002 (:12000,:12004)
[Wed Apr 28 2021 10:26:06.534173] r LSUPDATE :12000 7 F 6 :12000_48_1619630766.533680 1619630207.997533 :12000 (:12002)
[Wed Apr 28 2021 10:26:06.534262] r SAYHELLO :12004 1 - 0
[Wed Apr 28 2021 10:26:06.534337] d LSUPDATE :12004 6 F 6 :12000_48_1619630766.533680 1619630207.997533 :12000 (:12002)
[Wed Apr 28 2021 10:26:06.534443] i LSUPDATE :12004 7 F 13 :12002_3_1619630766.534231 1619630766.533930 :12002 (:12000,:12004)
[Wed Apr 28 2021 10:26:06.534520] r LSUPDATE :12004 7 F 6 :12004_42_1619630766.534124 1619630211.489229 :12004 (:12002)
[Wed Apr 28 2021 10:26:06.534572] i LSUPDATE :12004 7 F 13 :12002_4_1619630766.534319 1619630766.533930 :12002 (:12000,:12004)
[Wed Apr 28 2021 10:26:06.534646] d LSUPDATE :12000 6 F 6 :12004_42_1619630766.534124 1619630211.489229 :12004 (:12002)
[Wed Apr 28 2021 10:26:06.534748] i LSUPDATE :12000 7 F 13 :12002_5_1619630766.534606 1619630766.533930 :12002 (:12000,:12004)
[Wed Apr 28 2021 10:34:53.903279] i LSUPDATE :12000 7 F 6 :12002_17_1619631293.903097 1619630766.533930 :12002 (:12000)
[Wed Apr 28 2021 10:35:42.984686] i SAYHELLO :12000 1 - 0
[Wed Apr 28 2021 10:35:42.985333] r SAYHELLO :12000 1 - 0
[Wed Apr 28 2021 10:35:42.985519] i LSUPDATE :12000 7 F 6 :12002_2_1619631342.985395 1619631342.985388 :12002 (:12000)
[Wed Apr 28 2021 10:35:42.985609] r LSUPDATE :12000 7 F 6 :12000_2_1619631342.985176 1619631342.985170 :12000 (:12002)
[Wed Apr 28 2021 10:35:46.696805] r SAYHELLO :12004 1 - 0
[Wed Apr 28 2021 10:35:46.696899] i SAYHELLO :12004 1 - 0
[Wed Apr 28 2021 10:35:46.696992] i LSUPDATE :12004 7 F 13 :12002_3_1619631346.696859 1619631342.985388 :12002 (:12000,:12004)
[Wed Apr 28 2021 10:35:46.697359] r LSUPDATE :12004 7 F 6 :12004_2_1619631346.697089 1619631346.697084 :12004 (:12002)
[Wed Apr 28 2021 10:35:46.697536] d LSUPDATE :12000 6 F 6 :12004_2_1619631346.697089 1619631346.697084 :12004 (:12002)
[Wed Apr 28 2021 10:35:46.697632] i LSUPDATE :12000 7 F 13 :12002_4_1619631346.697428 1619631342.985388 :12002 (:12000,:12004)
[Wed Apr 28 2021 10:35:46.697959] r LSUPDATE :12000 7 F 6 :12000_3_1619631346.697724 1619631342.985170 :12000 (:12002)
[Wed Apr 28 2021 10:35:46.698087] d LSUPDATE :12004 6 F 6 :12000_3_1619631346.697724 1619631342.985170 :12000 (:12002)
[Wed Apr 28 2021 10:35:46.698454] r LSUPDATE :12004 7 F 6 :12004_3_1619631346.698249 1619631346.697084 :12004 (:12002)
[Wed Apr 28 2021 10:35:46.698577] d LSUPDATE :12000 6 F 6 :12004_3_1619631346.698249 1619631346.697084 :12004 (:12002)
[Wed Apr 28 2021 10:37:33.009964] i LSUPDATE :12000 7 F 6 :12002_5_1619631453.009766 1619631342.985388 :12002 (:12000)
[Wed Apr 28 2021 10:37:54.110436] i SAYHELLO :12000 1 - 0
[Wed Apr 28 2021 10:37:54.111327] r SAYHELLO :12000 1 - 0
[Wed Apr 28 2021 10:37:54.111529] i LSUPDATE :12000 7 F 6 :12002_2_1619631474.111371 1619631474.111363 :12002 (:12000)
[Wed Apr 28 2021 10:37:54.111593] r LSUPDATE :12000 7 F 6 :12000_2_1619631474.111124 1619631474.111117 :12000 (:12002)
[Wed Apr 28 2021 10:37:56.581455] r SAYHELLO :12004 1 - 0
[Wed Apr 28 2021 10:37:56.581559] i SAYHELLO :12004 1 - 0
[Wed Apr 28 2021 10:37:56.581658] i LSUPDATE :12004 7 F 13 :12002_3_1619631476.581512 1619631474.111363 :12002 (:12000,:12004)
[Wed Apr 28 2021 10:37:56.581967] r LSUPDATE :12004 7 F 6 :12004_2_1619631476.581738 1619631476.581731 :12004 (:12002)
[Wed Apr 28 2021 10:37:56.582106] d LSUPDATE :12000 6 F 6 :12004_2_1619631476.581738 1619631476.581731 :12004 (:12002)
[Wed Apr 28 2021 10:37:56.582206] i LSUPDATE :12000 7 F 13 :12002_4_1619631476.582030 1619631474.111363 :12002 (:12000,:12004)
[Wed Apr 28 2021 10:37:56.582501] r LSUPDATE :12000 7 F 6 :12000_3_1619631476.582282 1619631474.111117 :12000 (:12002)
[Wed Apr 28 2021 10:37:56.582640] d LSUPDATE :12004 6 F 6 :12000_3_1619631476.582282 1619631474.111117 :12000 (:12002)
[Wed Apr 28 2021 10:37:56.583022] r LSUPDATE :12004 7 F 6 :12004_3_1619631476.582814 1619631476.581731 :12004 (:12002)
[Wed Apr 28 2021 10:37:56.583140] d LSUPDATE :12000 6 F 6 :12004_3_1619631476.582814 1619631476.581731 :12004 (:12002)
[Wed Apr 28 2021 10:39:59.993917] i SAYHELLO :12000 1 - 0
[Wed Apr 28 2021 10:39:59.994309] r SAYHELLO :12000 1 - 0
[Wed Apr 28 2021 10:39:59.994435] i SAYHELLO :12004 1 - 0
[Wed Apr 28 2021 10:39:59.994478] i LSUPDATE :12000 7 F 13 :12002_2_1619631599.994349 1619631599.994341 :12002 (:12000,:12004)
[Wed Apr 28 2021 10:39:59.994597] r LSUPDATE :12000 7 F 6 :12000_16_1619631599.994072 1619631474.111117 :12000 (:12002)
[Wed Apr 28 2021 10:39:59.994705] r SAYHELLO :12004 1 - 0
[Wed Apr 28 2021 10:39:59.994756] d LSUPDATE :12004 6 F 6 :12000_16_1619631599.994072 1619631474.111117 :12000 (:12002)
[Wed Apr 28 2021 10:39:59.994869] i LSUPDATE :12004 7 F 13 :12002_3_1619631599.994662 1619631599.994341 :12002 (:12000,:12004)
[Wed Apr 28 2021 10:39:59.994938] r LSUPDATE :12004 7 F 6 :12004_16_1619631599.994577 1619631476.581731 :12004 (:12002)
[Wed Apr 28 2021 10:39:59.994998] i LSUPDATE :12004 7 F 13 :12002_4_1619631599.994737 1619631599.994341 :12002 (:12000,:12004)
[Wed Apr 28 2021 10:39:59.995087] d LSUPDATE :12000 6 F 6 :12004_16_1619631599.994577 1619631476.581731 :12004 (:12002)
[Wed Apr 28 2021 10:39:59.995203] i LSUPDATE :12000 7 F 13 :12002_5_1619631599.995053 1619631599.994341 :12002 (:12000,:12004)
[Wed Apr 28 2021 10:42:52.649106] i LSUPDATE :12004 7 F 6 :12002_40_1619631772.648945 1619631599.994341 :12002 (:12004)
