[Wed Apr 28 2021 09:46:19.420801] i SAYHELLO :12002 1 - 0
[Wed Apr 28 2021 09:46:19.421269] r SAYHELLO :12002 1 - 0
[Wed Apr 28 2021 09:46:19.421439] i LSUPDATE :12002 7 F 6 :12004_2_1619628379.421313 1619628379.421306 :12004 (:12002)
[Wed Apr 28 2021 09:46:19.421567] r LSUPDATE :12002 7 F 13 :12002_3_1619628379.421024 1619628364.469712 :12002 (:12000,:12004)
[Wed Apr 28 2021 09:46:19.422534] r LSUPDATE :12002 6 F 6 :12000_3_1619628379.421967 1619628364.469470 :12000 (:12002)
[Wed Apr 28 2021 09:46:19.422689] i LSUPDATE :12002 7 F 6 :12004_3_1619628379.422584 1619628379.421306 :12004 (:12002)
[Wed Apr 28 2021 09:46:26.302913] r SAYHELLO :12006 1 - 0
[Wed Apr 28 2021 09:46:26.303005] i SAYHELLO :12006 1 - 0
[Wed Apr 28 2021 09:46:26.303101] i LSUPDATE :12006 7 F 13 :12004_4_1619628386.302964 1619628379.421306 :12004 (:12002,:12006)
[Wed Apr 28 2021 09:46:26.303539] r LSUPDATE :12006 7 F 6 :12006_2_1619628386.303220 1619628386.303212 :12006 (:12004)
[Wed Apr 28 2021 09:46:26.303708] d LSUPDATE :12002 6 F 6 :12006_2_1619628386.303220 1619628386.303212 :12006 (:12004)
[Wed Apr 28 2021 09:46:26.303807] i LSUPDATE :12002 7 F 13 :12004_5_1619628386.303613 1619628379.421306 :12004 (:12002,:12006)
[Wed Apr 28 2021 09:46:26.304564] r LSUPDATE :12002 7 F 13 :12002_6_1619628386.304280 1619628364.469712 :12002 (:12000,:12004)
[Wed Apr 28 2021 09:46:26.304732] d LSUPDATE :12006 6 F 13 :12002_6_1619628386.304280 1619628364.469712 :12002 (:12000,:12004)
[Wed Apr 28 2021 09:46:26.305118] r LSUPDATE :12006 7 F 6 :12006_3_1619628386.304893 1619628386.303212 :12006 (:12004)
[Wed Apr 28 2021 09:46:26.305249] d LSUPDATE :12002 6 F 6 :12006_3_1619628386.304893 1619628386.303212 :12006 (:12004)
[Wed Apr 28 2021 09:46:26.305465] r LSUPDATE :12002 6 F 6 :12000_4_1619628386.304900 1619628364.469470 :12000 (:12002)
[Wed Apr 28 2021 09:46:26.305595] d LSUPDATE :12006 5 F 6 :12000_4_1619628386.304900 1619628364.469470 :12000 (:12002)
[Wed Apr 28 2021 09:46:26.306004] r LSUPDATE :12006 7 F 6 :12006_4_1619628386.305767 1619628386.303212 :12006 (:12004)
[Wed Apr 28 2021 09:46:26.306130] d LSUPDATE :12002 6 F 6 :12006_4_1619628386.305767 1619628386.303212 :12006 (:12004)
[Wed Apr 28 2021 09:46:32.995720] r LSUPDATE :12006 6 F 6 :12008_2_1619628392.995208 1619628392.995201 :12008 (:12006)
[Wed Apr 28 2021 09:46:32.995858] d LSUPDATE :12002 5 F 6 :12008_2_1619628392.995208 1619628392.995201 :12008 (:12006)
[Wed Apr 28 2021 09:46:32.995925] i LSUPDATE :12006 7 F 13 :12004_7_1619628392.995797 1619628379.421306 :12004 (:12002,:12006)
[Wed Apr 28 2021 09:46:32.995966] i LSUPDATE :12002 7 F 13 :12004_6_1619628392.995787 1619628379.421306 :12004 (:12002,:12006)
[Wed Apr 28 2021 09:46:32.996006] r LSUPDATE :12006 7 F 13 :12006_6_1619628392.995504 1619628386.303212 :12006 (:12004,:12008)
[Wed Apr 28 2021 09:46:32.996188] d LSUPDATE :12002 6 F 13 :12006_6_1619628392.995504 1619628386.303212 :12006 (:12004,:12008)
[Wed Apr 28 2021 09:46:32.996438] r LSUPDATE :12002 7 F 13 :12002_8_1619628392.996074 1619628364.469712 :12002 (:12000,:12004)
[Wed Apr 28 2021 09:46:32.996636] d LSUPDATE :12006 6 F 13 :12002_8_1619628392.996074 1619628364.469712 :12002 (:12000,:12004)
[Wed Apr 28 2021 09:46:32.997098] r LSUPDATE :12002 6 F 6 :12000_5_1619628392.996433 1619628364.469470 :12000 (:12002)
[Wed Apr 28 2021 09:46:32.997202] r LSUPDATE :12006 6 F 6 :12008_3_1619628392.996604 1619628392.995201 :12008 (:12006)
[Wed Apr 28 2021 09:46:32.997261] d LSUPDATE :12006 5 F 6 :12000_5_1619628392.996433 1619628364.469470 :12000 (:12002)
[Wed Apr 28 2021 09:46:32.997344] d LSUPDATE :12002 5 F 6 :12008_3_1619628392.996604 1619628392.995201 :12008 (:12006)
[Wed Apr 28 2021 09:46:32.997760] r LSUPDATE :12006 6 F 6 :12008_4_1619628392.997202 1619628392.995201 :12008 (:12006)
[Wed Apr 28 2021 09:46:32.997899] d LSUPDATE :12002 5 F 6 :12008_4_1619628392.997202 1619628392.995201 :12008 (:12006)
[Wed Apr 28 2021 09:46:32.998186] r LSUPDATE :12006 6 F 6 :12008_5_1619628392.997725 1619628392.995201 :12008 (:12006)
[Wed Apr 28 2021 09:46:32.998311] d LSUPDATE :12002 5 F 6 :12008_5_1619628392.997725 1619628392.995201 :12008 (:12006)
[Wed Apr 28 2021 09:46:39.382798] r LSUPDATE :12002 6 F 13 :12010_2_1619628399.382168 1619628399.382160 :12010 (:12002,:12008)
[Wed Apr 28 2021 09:46:39.382977] d LSUPDATE :12006 5 F 13 :12010_2_1619628399.382168 1619628399.382160 :12010 (:12002,:12008)
[Wed Apr 28 2021 09:46:39.383021] i LSUPDATE :12002 7 F 13 :12004_8_1619628399.382872 1619628379.421306 :12004 (:12002,:12006)
[Wed Apr 28 2021 09:46:39.383115] i LSUPDATE :12006 7 F 13 :12004_9_1619628399.382891 1619628379.421306 :12004 (:12002,:12006)
[Wed Apr 28 2021 09:46:39.383289] r LSUPDATE :12002 7 F 20 :12002_11_1619628399.382513 1619628364.469712 :12002 (:12000,:12004,:12010)
[Wed Apr 28 2021 09:46:39.383723] d LSUPDATE :12006 6 F 20 :12002_11_1619628399.382513 1619628364.469712 :12002 (:12000,:12004,:12010)
[Wed Apr 28 2021 09:46:39.383876] r LSUPDATE :12002 5 F 13 :12008_6_1619628399.382313 1619628392.995201 :12008 (:12006,:12010)
[Wed Apr 28 2021 09:46:39.384068] r LSUPDATE :12006 4 F 20 :12002_9_1619628399.381978 1619628364.469712 :12002 (:12000,:12004,:12010)
[Wed Apr 28 2021 09:46:39.384165] d LSUPDATE :12006 4 F 13 :12008_6_1619628399.382313 1619628392.995201 :12008 (:12006,:12010)
[Wed Apr 28 2021 09:46:39.384236] d LSUPDATE :12002 3 F 20 :12002_9_1619628399.381978 1619628364.469712 :12002 (:12000,:12004,:12010)
[Wed Apr 28 2021 09:46:39.384417] r LSUPDATE :12002 6 F 6 :12000_6_1619628399.382999 1619628364.469470 :12000 (:12002)
[Wed Apr 28 2021 09:46:39.384671] d LSUPDATE :12006 5 F 6 :12000_6_1619628399.382999 1619628364.469470 :12000 (:12002)
[Wed Apr 28 2021 09:46:39.384759] r LSUPDATE :12006 7 F 13 :12006_7_1619628399.383377 1619628386.303212 :12006 (:12004,:12008)
[Wed Apr 28 2021 09:46:39.384977] d LSUPDATE :12002 6 F 13 :12006_7_1619628399.383377 1619628386.303212 :12006 (:12004,:12008)
[Wed Apr 28 2021 09:46:39.385112] r LSUPDATE :12002 6 F 13 :12010_5_1619628399.382879 1619628399.382160 :12010 (:12002,:12008)
[Wed Apr 28 2021 09:46:39.385214] r LSUPDATE :12006 5 F 13 :12010_3_1619628399.382491 1619628399.382160 :12010 (:12002,:12008)
[Wed Apr 28 2021 09:46:39.385462] d LSUPDATE :12006 5 F 13 :12010_5_1619628399.382879 1619628399.382160 :12010 (:12002,:12008)
[Wed Apr 28 2021 09:46:39.385807] d LSUPDATE :12002 4 F 13 :12010_3_1619628399.382491 1619628399.382160 :12010 (:12002,:12008)
[Wed Apr 28 2021 09:46:39.386052] r LSUPDATE :12006 6 F 13 :12008_7_1619628399.383265 1619628392.995201 :12008 (:12006,:12010)
[Wed Apr 28 2021 09:46:39.386128] r LSUPDATE :12002 5 F 13 :12008_8_1619628399.383281 1619628392.995201 :12008 (:12006,:12010)
[Wed Apr 28 2021 09:46:39.386255] d LSUPDATE :12002 5 F 13 :12008_7_1619628399.383265 1619628392.995201 :12008 (:12006,:12010)
[Wed Apr 28 2021 09:46:39.386387] d LSUPDATE :12006 4 F 13 :12008_8_1619628399.383281 1619628392.995201 :12008 (:12006,:12010)
[Wed Apr 28 2021 09:46:39.386863] r LSUPDATE :12006 5 F 13 :12010_4_1619628399.382532 1619628399.382160 :12010 (:12002,:12008)
[Wed Apr 28 2021 09:46:39.387034] d LSUPDATE :12002 4 F 13 :12010_4_1619628399.382532 1619628399.382160 :12010 (:12002,:12008)
[Wed Apr 28 2021 09:46:39.387137] r LSUPDATE :12002 6 F 13 :12010_6_1619628399.384241 1619628399.382160 :12010 (:12002,:12008)
[Wed Apr 28 2021 09:46:39.387487] r LSUPDATE :12006 3 F 13 :12004_8_1619628399.382872 1619628379.421306 :12004 (:12002,:12006)
[Wed Apr 28 2021 09:46:39.387654] d LSUPDATE :12006 5 F 13 :12010_6_1619628399.384241 1619628399.382160 :12010 (:12002,:12008)
[Wed Apr 28 2021 09:46:39.387793] i LSUPDATE :12002 2 F 13 :12004_8_1619628399.382872 1619628379.421306 :12004 (:12002,:12006)
[Wed Apr 28 2021 09:46:39.388161] r LSUPDATE :12002 6 F 13 :12010_8_1619628399.385050 1619628399.382160 :12010 (:12002,:12008)
[Wed Apr 28 2021 09:46:39.388271] r LSUPDATE :12006 5 F 13 :12010_7_1619628399.384257 1619628399.382160 :12010 (:12002,:12008)
[Wed Apr 28 2021 09:46:39.388413] d LSUPDATE :12006 5 F 13 :12010_8_1619628399.385050 1619628399.382160 :12010 (:12002,:12008)
[Wed Apr 28 2021 09:46:39.388569] d LSUPDATE :12002 4 F 13 :12010_7_1619628399.384257 1619628399.382160 :12010 (:12002,:12008)
[Wed Apr 28 2021 09:46:39.388796] r LSUPDATE :12002 4 F 13 :12006_8_1619628399.383392 1619628386.303212 :12006 (:12004,:12008)
[Wed Apr 28 2021 09:46:39.388956] d LSUPDATE :12006 3 F 13 :12006_8_1619628399.383392 1619628386.303212 :12006 (:12004,:12008)
[Wed Apr 28 2021 09:46:39.389218] r LSUPDATE :12006 5 F 13 :12010_9_1619628399.385064 1619628399.382160 :12010 (:12002,:12008)
[Wed Apr 28 2021 09:46:39.389493] d LSUPDATE :12002 4 F 13 :12010_9_1619628399.385064 1619628399.382160 :12010 (:12002,:12008)
[Wed Apr 28 2021 09:46:39.389844] r LSUPDATE :12002 6 F 13 :12010_10_1619628399.385523 1619628399.382160 :12010 (:12002,:12008)
[Wed Apr 28 2021 09:46:39.389955] r LSUPDATE :12006 5 F 13 :12010_11_1619628399.385538 1619628399.382160 :12010 (:12002,:12008)
[Wed Apr 28 2021 09:46:39.390088] d LSUPDATE :12006 5 F 13 :12010_10_1619628399.385523 1619628399.382160 :12010 (:12002,:12008)
[Wed Apr 28 2021 09:46:39.390431] d LSUPDATE :12002 4 F 13 :12010_11_1619628399.385538 1619628399.382160 :12010 (:12002,:12008)
[Wed Apr 28 2021 09:46:39.390711] r LSUPDATE :12006 2 F 13 :12006_7_1619628399.383377 1619628386.303212 :12006 (:12004,:12008)
[Wed Apr 28 2021 09:46:39.390753] r LSUPDATE :12002 3 F 13 :12004_9_1619628399.382891 1619628379.421306 :12004 (:12002,:12006)
[Wed Apr 28 2021 09:46:39.390913] i LSUPDATE :12006 2 F 13 :12004_9_1619628399.382891 1619628379.421306 :12004 (:12002,:12006)
[Wed Apr 28 2021 09:46:39.391187] r LSUPDATE :12002 2 F 20 :12002_11_1619628399.382513 1619628364.469712 :12002 (:12000,:12004,:12010)
[Wed Apr 28 2021 10:08:43.428287] r LSUPDATE :12002 7 F 13 :12002_13_1619629723.427869 1619628364.469712 :12002 (:12004,:12010)
[Wed Apr 28 2021 10:08:43.428514] d LSUPDATE :12006 6 F 13 :12002_13_1619629723.427869 1619628364.469712 :12002 (:12004,:12010)
[Wed Apr 28 2021 10:08:43.429772] r LSUPDATE :12006 4 F 13 :12002_14_1619629723.427904 1619628364.469712 :12002 (:12004,:12010)
[Wed Apr 28 2021 10:08:43.430022] d LSUPDATE :12002 3 F 13 :12002_14_1619629723.427904 1619628364.469712 :12002 (:12004,:12010)
[Wed Apr 28 2021 10:08:43.430558] r LSUPDATE :12002 2 F 13 :12002_13_1619629723.427869 1619628364.469712 :12002 (:12004,:12010)
[Wed Apr 28 2021 10:08:46.033786] i LSUPDATE :12006 7 F 6 :12004_10_1619629726.033579 1619628379.421306 :12004 (:12006)
[Wed Apr 28 2021 10:08:46.034582] r LSUPDATE :12006 5 F 6 :12010_12_1619629726.033629 1619628399.382160 :12010 (:12008)
[Wed Apr 28 2021 10:09:18.580875] i SAYHELLO :12002 1 - 0
[Wed Apr 28 2021 10:09:18.581551] r SAYHELLO :12002 1 - 0
[Wed Apr 28 2021 10:09:18.581751] i LSUPDATE :12002 7 F 6 :12004_2_1619629758.581611 1619629758.581603 :12004 (:12002)
[Wed Apr 28 2021 10:09:18.581864] r LSUPDATE :12002 7 F 13 :12002_3_1619629758.581056 1619629756.756311 :12002 (:12000,:12004)
[Wed Apr 28 2021 10:09:18.582885] r LSUPDATE :12002 6 F 6 :12000_3_1619629758.582274 1619629756.756102 :12000 (:12002)
[Wed Apr 28 2021 10:09:18.583028] i LSUPDATE :12002 7 F 6 :12004_3_1619629758.582937 1619629758.581603 :12004 (:12002)
[Wed Apr 28 2021 10:09:20.052941] r SAYHELLO :12006 1 - 0
[Wed Apr 28 2021 10:09:20.053262] i SAYHELLO :12006 1 - 0
[Wed Apr 28 2021 10:09:20.053482] i LSUPDATE :12006 7 F 13 :12004_4_1619629760.053148 1619629758.581603 :12004 (:12002,:12006)
[Wed Apr 28 2021 10:09:20.054380] r LSUPDATE :12006 7 F 6 :12006_2_1619629760.053965 1619629760.053944 :12006 (:12004)
[Wed Apr 28 2021 10:09:20.054647] d LSUPDATE :12002 6 F 6 :12006_2_1619629760.053965 1619629760.053944 :12006 (:12004)
[Wed Apr 28 2021 10:09:20.054792] i LSUPDATE :12002 7 F 13 :12004_5_1619629760.054496 1619629758.581603 :12004 (:12002,:12006)
[Wed Apr 28 2021 10:09:20.055468] r LSUPDATE :12002 7 F 13 :12002_6_1619629760.055021 1619629756.756311 :12002 (:12000,:12004)
[Wed Apr 28 2021 10:09:20.055841] d LSUPDATE :12006 6 F 13 :12002_6_1619629760.055021 1619629756.756311 :12002 (:12000,:12004)
[Wed Apr 28 2021 10:09:20.056619] r LSUPDATE :12002 6 F 6 :12000_4_1619629760.055550 1619629756.756102 :12000 (:12002)
[Wed Apr 28 2021 10:09:20.056769] r LSUPDATE :12006 7 F 6 :12006_3_1619629760.056164 1619629760.053944 :12006 (:12004)
[Wed Apr 28 2021 10:09:20.056835] d LSUPDATE :12006 5 F 6 :12000_4_1619629760.055550 1619629756.756102 :12000 (:12002)
[Wed Apr 28 2021 10:09:20.057087] d LSUPDATE :12002 6 F 6 :12006_3_1619629760.056164 1619629760.053944 :12006 (:12004)
[Wed Apr 28 2021 10:09:20.057501] r LSUPDATE :12006 7 F 6 :12006_4_1619629760.057120 1619629760.053944 :12006 (:12004)
[Wed Apr 28 2021 10:09:20.057678] d LSUPDATE :12002 6 F 6 :12006_4_1619629760.057120 1619629760.053944 :12006 (:12004)
[Wed Apr 28 2021 10:09:21.935158] r LSUPDATE :12006 6 F 6 :12008_2_1619629761.934634 1619629761.934629 :12008 (:12006)
[Wed Apr 28 2021 10:09:21.935310] d LSUPDATE :12002 5 F 6 :12008_2_1619629761.934634 1619629761.934629 :12008 (:12006)
[Wed Apr 28 2021 10:09:21.935368] i LSUPDATE :12006 7 F 13 :12004_7_1619629761.935250 1619629758.581603 :12004 (:12002,:12006)
[Wed Apr 28 2021 10:09:21.935414] i LSUPDATE :12002 7 F 13 :12004_6_1619629761.935239 1619629758.581603 :12004 (:12002,:12006)
[Wed Apr 28 2021 10:09:21.935459] r LSUPDATE :12006 7 F 13 :12006_6_1619629761.934948 1619629760.053944 :12006 (:12004,:12008)
[Wed Apr 28 2021 10:09:21.935600] d LSUPDATE :12002 6 F 13 :12006_6_1619629761.934948 1619629760.053944 :12006 (:12004,:12008)
[Wed Apr 28 2021 10:09:21.935836] r LSUPDATE :12002 7 F 13 :12002_8_1619629761.935543 1619629756.756311 :12002 (:12000,:12004)
[Wed Apr 28 2021 10:09:21.935988] d LSUPDATE :12006 6 F 13 :12002_8_1619629761.935543 1619629756.756311 :12002 (:12000,:12004)
[Wed Apr 28 2021 10:09:21.936497] r LSUPDATE :12002 6 F 6 :12000_5_1619629761.935889 1619629756.756102 :12000 (:12002)
[Wed Apr 28 2021 10:09:21.936558] r LSUPDATE :12006 6 F 6 :12008_3_1619629761.935910 1619629761.934629 :12008 (:12006)
[Wed Apr 28 2021 10:09:21.936637] d LSUPDATE :12006 5 F 6 :12000_5_1619629761.935889 1619629756.756102 :12000 (:12002)
[Wed Apr 28 2021 10:09:21.936710] d LSUPDATE :12002 5 F 6 :12008_3_1619629761.935910 1619629761.934629 :12008 (:12006)
[Wed Apr 28 2021 10:09:21.937177] r LSUPDATE :12006 6 F 6 :12008_4_1619629761.936550 1619629761.934629 :12008 (:12006)
[Wed Apr 28 2021 10:09:21.937300] d LSUPDATE :12002 5 F 6 :12008_4_1619629761.936550 1619629761.934629 :12008 (:12006)
[Wed Apr 28 2021 10:09:21.937640] r LSUPDATE :12006 6 F 6 :12008_5_1619629761.937160 1619629761.934629 :12008 (:12006)
[Wed Apr 28 2021 10:09:21.937763] d LSUPDATE :12002 5 F 6 :12008_5_1619629761.937160 1619629761.934629 :12008 (:12006)
[Wed Apr 28 2021 10:09:23.944473] r LSUPDATE :12002 6 F 13 :12010_2_1619629763.943748 1619629763.943740 :12010 (:12002,:12008)
[Wed Apr 28 2021 10:09:23.944726] d LSUPDATE :12006 5 F 13 :12010_2_1619629763.943748 1619629763.943740 :12010 (:12002,:12008)
[Wed Apr 28 2021 10:09:23.944773] i LSUPDATE :12002 7 F 13 :12004_8_1619629763.944583 1619629758.581603 :12004 (:12002,:12006)
[Wed Apr 28 2021 10:09:23.944890] i LSUPDATE :12006 7 F 13 :12004_9_1619629763.944606 1619629758.581603 :12004 (:12002,:12006)
[Wed Apr 28 2021 10:09:23.945176] r LSUPDATE :12002 7 F 20 :12002_11_1619629763.944189 1619629756.756311 :12002 (:12000,:12004,:12010)
[Wed Apr 28 2021 10:09:23.945377] d LSUPDATE :12006 6 F 20 :12002_11_1619629763.944189 1619629756.756311 :12002 (:12000,:12004,:12010)
[Wed Apr 28 2021 10:09:23.945708] r LSUPDATE :12006 4 F 20 :12002_9_1619629763.943373 1619629756.756311 :12002 (:12000,:12004,:12010)
[Wed Apr 28 2021 10:09:23.945796] r LSUPDATE :12002 5 F 13 :12008_6_1619629763.943836 1619629761.934629 :12008 (:12006,:12010)
[Wed Apr 28 2021 10:09:23.945897] d LSUPDATE :12002 3 F 20 :12002_9_1619629763.943373 1619629756.756311 :12002 (:12000,:12004,:12010)
[Wed Apr 28 2021 10:09:23.946041] d LSUPDATE :12006 4 F 13 :12008_6_1619629763.943836 1619629761.934629 :12008 (:12006,:12010)
[Wed Apr 28 2021 10:09:23.946192] r LSUPDATE :12006 7 F 13 :12006_7_1619629763.945316 1619629760.053944 :12006 (:12004,:12008)
[Wed Apr 28 2021 10:09:23.946390] d LSUPDATE :12002 6 F 13 :12006_7_1619629763.945316 1619629760.053944 :12006 (:12004,:12008)
[Wed Apr 28 2021 10:09:23.946613] r LSUPDATE :12002 6 F 6 :12000_6_1619629763.944604 1619629756.756102 :12000 (:12002)
[Wed Apr 28 2021 10:09:23.946848] d LSUPDATE :12006 5 F 6 :12000_6_1619629763.944604 1619629756.756102 :12000 (:12002)
[Wed Apr 28 2021 10:09:23.946950] r LSUPDATE :12006 5 F 13 :12010_3_1619629763.944130 1619629763.943740 :12010 (:12002,:12008)
[Wed Apr 28 2021 10:09:23.947143] r LSUPDATE :12002 6 F 13 :12010_5_1619629763.944574 1619629763.943740 :12010 (:12002,:12008)
[Wed Apr 28 2021 10:09:23.947371] d LSUPDATE :12002 4 F 13 :12010_3_1619629763.944130 1619629763.943740 :12010 (:12002,:12008)
[Wed Apr 28 2021 10:09:23.947479] r LSUPDATE :12006 6 F 13 :12008_7_1619629763.944773 1619629761.934629 :12008 (:12006,:12010)
[Wed Apr 28 2021 10:09:23.947543] d LSUPDATE :12006 5 F 13 :12010_5_1619629763.944574 1619629763.943740 :12010 (:12002,:12008)
[Wed Apr 28 2021 10:09:23.947667] r LSUPDATE :12002 5 F 13 :12008_8_1619629763.944791 1619629761.934629 :12008 (:12006,:12010)
[Wed Apr 28 2021 10:09:23.947846] d LSUPDATE :12002 5 F 13 :12008_7_1619629763.944773 1619629761.934629 :12008 (:12006,:12010)
[Wed Apr 28 2021 10:09:23.947891] r LSUPDATE :12006 5 F 13 :12010_4_1619629763.944154 1619629763.943740 :12010 (:12002,:12008)
[Wed Apr 28 2021 10:09:23.948137] d LSUPDATE :12006 4 F 13 :12008_8_1619629763.944791 1619629761.934629 :12008 (:12006,:12010)
[Wed Apr 28 2021 10:09:23.948179] d LSUPDATE :12002 4 F 13 :12010_4_1619629763.944154 1619629763.943740 :12010 (:12002,:12008)
[Wed Apr 28 2021 10:09:23.948455] r LSUPDATE :12002 6 F 13 :12010_6_1619629763.945958 1619629763.943740 :12010 (:12002,:12008)
[Wed Apr 28 2021 10:09:23.948664] d LSUPDATE :12006 5 F 13 :12010_6_1619629763.945958 1619629763.943740 :12010 (:12002,:12008)
[Wed Apr 28 2021 10:09:23.948859] r LSUPDATE :12006 3 F 6 :12000_6_1619629763.944604 1619629756.756102 :12000 (:12002)
[Wed Apr 28 2021 10:09:23.949415] r LSUPDATE :12006 5 F 13 :12010_7_1619629763.945975 1619629763.943740 :12010 (:12002,:12008)
[Wed Apr 28 2021 10:09:23.949710] r LSUPDATE :12002 6 F 13 :12010_8_1619629763.946858 1619629763.943740 :12010 (:12002,:12008)
[Wed Apr 28 2021 10:09:23.949779] d LSUPDATE :12002 4 F 13 :12010_7_1619629763.945975 1619629763.943740 :12010 (:12002,:12008)
[Wed Apr 28 2021 10:09:23.950054] d LSUPDATE :12006 5 F 13 :12010_8_1619629763.946858 1619629763.943740 :12010 (:12002,:12008)
[Wed Apr 28 2021 10:09:23.950432] r LSUPDATE :12002 4 F 13 :12006_8_1619629763.945345 1619629760.053944 :12006 (:12004,:12008)
[Wed Apr 28 2021 10:09:23.950520] r LSUPDATE :12006 3 F 13 :12004_8_1619629763.944583 1619629758.581603 :12004 (:12002,:12006)
[Wed Apr 28 2021 10:09:23.950621] d LSUPDATE :12006 3 F 13 :12006_8_1619629763.945345 1619629760.053944 :12006 (:12004,:12008)
[Wed Apr 28 2021 10:09:23.950737] i LSUPDATE :12002 2 F 13 :12004_8_1619629763.944583 1619629758.581603 :12004 (:12002,:12006)
[Wed Apr 28 2021 10:09:23.951343] r LSUPDATE :12006 5 F 13 :12010_9_1619629763.946874 1619629763.943740 :12010 (:12002,:12008)
[Wed Apr 28 2021 10:09:23.951369] r LSUPDATE :12002 6 F 13 :12010_10_1619629763.947654 1619629763.943740 :12010 (:12002,:12008)
[Wed Apr 28 2021 10:09:23.951542] d LSUPDATE :12006 5 F 13 :12010_10_1619629763.947654 1619629763.943740 :12010 (:12002,:12008)
[Wed Apr 28 2021 10:09:23.951669] d LSUPDATE :12002 4 F 13 :12010_9_1619629763.946874 1619629763.943740 :12010 (:12002,:12008)
[Wed Apr 28 2021 10:09:23.951878] r LSUPDATE :12006 5 F 13 :12010_11_1619629763.947667 1619629763.943740 :12010 (:12002,:12008)
[Wed Apr 28 2021 10:09:23.951958] r LSUPDATE :12002 3 F 13 :12004_9_1619629763.944606 1619629758.581603 :12004 (:12002,:12006)
[Wed Apr 28 2021 10:09:23.952041] d LSUPDATE :12002 4 F 13 :12010_11_1619629763.947667 1619629763.943740 :12010 (:12002,:12008)
[Wed Apr 28 2021 10:09:23.952199] i LSUPDATE :12006 2 F 13 :12004_9_1619629763.944606 1619629758.581603 :12004 (:12002,:12006)
[Wed Apr 28 2021 10:09:23.952589] r LSUPDATE :12006 2 F 13 :12006_7_1619629763.945316 1619629760.053944 :12006 (:12004,:12008)
[Wed Apr 28 2021 10:09:23.952723] r LSUPDATE :12002 2 F 20 :12002_11_1619629763.944189 1619629756.756311 :12002 (:12000,:12004,:12010)
[Wed Apr 28 2021 10:12:51.148646] i SAYHELLO :12002 1 - 0
[Wed Apr 28 2021 10:12:51.148995] r SAYHELLO :12002 1 - 0
[Wed Apr 28 2021 10:12:51.149117] i SAYHELLO :12006 1 - 0
[Wed Apr 28 2021 10:12:51.149167] i LSUPDATE :12002 7 F 13 :12004_2_1619629971.149053 1619629971.149046 :12004 (:12002,:12006)
[Wed Apr 28 2021 10:12:51.149291] r LSUPDATE :12002 7 F 20 :12002_17_1619629971.148778 1619629756.756311 :12002 (:12000,:12010,:12004)
[Wed Apr 28 2021 10:12:51.149386] r SAYHELLO :12006 1 - 0
[Wed Apr 28 2021 10:12:51.149439] d LSUPDATE :12006 6 F 20 :12002_17_1619629971.148778 1619629756.756311 :12002 (:12000,:12010,:12004)
[Wed Apr 28 2021 10:12:51.149555] i LSUPDATE :12006 7 F 13 :12004_3_1619629971.149352 1619629971.149046 :12004 (:12002,:12006)
[Wed Apr 28 2021 10:12:51.149657] i LSUPDATE :12006 7 F 13 :12004_4_1619629971.149415 1619629971.149046 :12004 (:12002,:12006)
[Wed Apr 28 2021 10:12:51.149685] r LSUPDATE :12006 7 F 13 :12006_17_1619629971.149221 1619629760.053944 :12006 (:12008,:12004)
[Wed Apr 28 2021 10:12:51.149847] d LSUPDATE :12002 6 F 13 :12006_17_1619629971.149221 1619629760.053944 :12006 (:12008,:12004)
[Wed Apr 28 2021 10:12:51.149993] i LSUPDATE :12002 7 F 13 :12004_5_1619629971.149742 1619629971.149046 :12004 (:12002,:12006)
[Wed Apr 28 2021 10:12:51.150564] r LSUPDATE :12006 7 F 13 :12006_19_1619629971.150083 1619629760.053944 :12006 (:12008,:12004)
[Wed Apr 28 2021 10:12:51.150748] d LSUPDATE :12002 6 F 13 :12006_19_1619629971.150083 1619629760.053944 :12006 (:12008,:12004)
[Wed Apr 28 2021 10:12:51.150905] r LSUPDATE :12002 6 F 6 :12000_10_1619629971.149781 1619629756.756102 :12000 (:12002)
[Wed Apr 28 2021 10:12:51.151149] d LSUPDATE :12006 5 F 6 :12000_10_1619629971.149781 1619629756.756102 :12000 (:12002)
[Wed Apr 28 2021 10:12:51.151279] i LSUPDATE :12002 7 F 13 :12004_6_1619629971.150982 1619629971.149046 :12004 (:12002,:12006)
[Wed Apr 28 2021 10:12:51.151369] i LSUPDATE :12006 7 F 13 :12004_7_1619629971.151000 1619629971.149046 :12004 (:12002,:12006)
[Wed Apr 28 2021 10:12:51.151756] r LSUPDATE :12006 3 F 13 :12004_2_1619629971.149053 1619629971.149046 :12004 (:12002,:12006)
[Wed Apr 28 2021 10:12:51.151845] r LSUPDATE :12002 6 F 13 :12010_13_1619629971.149862 1619629763.943740 :12010 (:12002,:12008)
[Wed Apr 28 2021 10:12:51.152010] i LSUPDATE :12002 2 F 13 :12004_2_1619629971.149053 1619629971.149046 :12004 (:12002,:12006)
[Wed Apr 28 2021 10:12:51.152299] d LSUPDATE :12006 5 F 13 :12010_13_1619629971.149862 1619629763.943740 :12010 (:12002,:12008)
[Wed Apr 28 2021 10:12:51.152364] i LSUPDATE :12002 7 F 13 :12004_8_1619629971.151922 1619629971.149046 :12004 (:12002,:12006)
[Wed Apr 28 2021 10:12:51.152441] i LSUPDATE :12006 7 F 13 :12004_9_1619629971.151935 1619629971.149046 :12004 (:12002,:12006)
[Wed Apr 28 2021 10:12:51.152652] r LSUPDATE :12006 6 F 13 :12008_9_1619629971.150338 1619629761.934629 :12008 (:12006,:12010)
[Wed Apr 28 2021 10:12:51.152926] d LSUPDATE :12002 5 F 13 :12008_9_1619629971.150338 1619629761.934629 :12008 (:12006,:12010)
[Wed Apr 28 2021 10:12:51.152996] r LSUPDATE :12002 2 F 20 :12002_17_1619629971.148778 1619629756.756311 :12002 (:12000,:12010,:12004)
[Wed Apr 28 2021 10:12:51.153046] i LSUPDATE :12006 7 F 13 :12004_11_1619629971.152797 1619629971.149046 :12004 (:12002,:12006)
[Wed Apr 28 2021 10:12:51.153134] i LSUPDATE :12002 7 F 13 :12004_10_1619629971.152783 1619629971.149046 :12004 (:12002,:12006)
[Wed Apr 28 2021 10:12:51.153489] r LSUPDATE :12006 5 F 13 :12010_14_1619629971.149881 1619629763.943740 :12010 (:12002,:12008)
[Wed Apr 28 2021 10:12:51.153799] r LSUPDATE :12002 5 F 13 :12008_10_1619629971.150355 1619629761.934629 :12008 (:12006,:12010)
[Wed Apr 28 2021 10:12:51.153878] d LSUPDATE :12002 4 F 13 :12010_14_1619629971.149881 1619629763.943740 :12010 (:12002,:12008)
[Wed Apr 28 2021 10:12:51.153971] d LSUPDATE :12006 4 F 13 :12008_10_1619629971.150355 1619629761.934629 :12008 (:12006,:12010)
[Wed Apr 28 2021 10:12:51.154208] r LSUPDATE :12006 4 F 20 :12002_19_1619629971.149399 1619629756.756311 :12002 (:12000,:12010,:12004)
[Wed Apr 28 2021 10:12:51.154556] r LSUPDATE :12002 3 F 13 :12004_3_1619629971.149352 1619629971.149046 :12004 (:12002,:12006)
[Wed Apr 28 2021 10:12:51.154767] d LSUPDATE :12002 3 F 20 :12002_19_1619629971.149399 1619629756.756311 :12002 (:12000,:12010,:12004)
[Wed Apr 28 2021 10:12:51.154913] i LSUPDATE :12006 2 F 13 :12004_3_1619629971.149352 1619629971.149046 :12004 (:12002,:12006)
[Wed Apr 28 2021 10:12:51.154955] r LSUPDATE :12006 2 F 13 :12006_17_1619629971.149221 1619629760.053944 :12006 (:12008,:12004)
[Wed Apr 28 2021 10:12:51.155415] r LSUPDATE :12002 4 F 13 :12006_18_1619629971.150070 1619629760.053944 :12006 (:12008,:12004)
[Wed Apr 28 2021 10:12:51.155562] r LSUPDATE :12006 3 F 13 :12004_5_1619629971.149742 1619629971.149046 :12004 (:12002,:12006)
[Wed Apr 28 2021 10:12:51.155795] d LSUPDATE :12006 3 F 13 :12006_18_1619629971.150070 1619629760.053944 :12006 (:12008,:12004)
[Wed Apr 28 2021 10:12:51.155905] i LSUPDATE :12002 2 F 13 :12004_5_1619629971.149742 1619629971.149046 :12004 (:12002,:12006)
[Wed Apr 28 2021 10:12:51.156022] r LSUPDATE :12006 2 F 13 :12006_19_1619629971.150083 1619629760.053944 :12006 (:12008,:12004)
[Wed Apr 28 2021 10:12:51.156461] r LSUPDATE :12002 3 F 13 :12004_4_1619629971.149415 1619629971.149046 :12004 (:12002,:12006)
[Wed Apr 28 2021 10:12:51.156552] r LSUPDATE :12006 3 F 13 :12004_6_1619629971.150982 1619629971.149046 :12004 (:12002,:12006)
[Wed Apr 28 2021 10:12:51.156688] i LSUPDATE :12006 2 F 13 :12004_4_1619629971.149415 1619629971.149046 :12004 (:12002,:12006)
[Wed Apr 28 2021 10:12:51.156755] i LSUPDATE :12002 2 F 13 :12004_6_1619629971.150982 1619629971.149046 :12004 (:12002,:12006)
[Wed Apr 28 2021 10:12:51.157050] r LSUPDATE :12002 3 F 13 :12004_7_1619629971.151000 1619629971.149046 :12004 (:12002,:12006)
[Wed Apr 28 2021 10:12:51.157250] i LSUPDATE :12006 2 F 13 :12004_7_1619629971.151000 1619629971.149046 :12004 (:12002,:12006)
[Wed Apr 28 2021 10:12:51.157449] r LSUPDATE :12002 3 F 13 :12004_9_1619629971.151935 1619629971.149046 :12004 (:12002,:12006)
[Wed Apr 28 2021 10:12:51.157522] r LSUPDATE :12006 3 F 13 :12004_8_1619629971.151922 1619629971.149046 :12004 (:12002,:12006)
[Wed Apr 28 2021 10:12:51.157621] i LSUPDATE :12006 2 F 13 :12004_9_1619629971.151935 1619629971.149046 :12004 (:12002,:12006)
[Wed Apr 28 2021 10:12:51.157691] i LSUPDATE :12002 2 F 13 :12004_8_1619629971.151922 1619629971.149046 :12004 (:12002,:12006)
[Wed Apr 28 2021 10:12:51.157801] r LSUPDATE :12002 3 F 13 :12004_11_1619629971.152797 1619629971.149046 :12004 (:12002,:12006)
[Wed Apr 28 2021 10:12:51.157948] i LSUPDATE :12006 2 F 13 :12004_11_1619629971.152797 1619629971.149046 :12004 (:12002,:12006)
[Wed Apr 28 2021 10:12:51.158091] r LSUPDATE :12006 3 F 13 :12004_10_1619629971.152783 1619629971.149046 :12004 (:12002,:12006)
[Wed Apr 28 2021 10:12:51.158222] i LSUPDATE :12002 2 F 13 :12004_10_1619629971.152783 1619629971.149046 :12004 (:12002,:12006)
[Wed Apr 28 2021 10:16:51.488850] i SAYHELLO :12002 1 - 0
[Wed Apr 28 2021 10:16:51.489196] r SAYHELLO :12002 1 - 0
[Wed Apr 28 2021 10:16:51.489386] i LSUPDATE :12002 7 F 6 :12004_2_1619630211.489236 1619630211.489229 :12004 (:12002)
[Wed Apr 28 2021 10:16:51.489449] r LSUPDATE :12002 7 F 13 :12002_3_1619630211.489003 1619630207.997767 :12002 (:12000,:12004)
[Wed Apr 28 2021 10:16:51.490418] r LSUPDATE :12002 6 F 6 :12000_3_1619630211.489891 1619630207.997533 :12000 (:12002)
[Wed Apr 28 2021 10:16:51.490556] i LSUPDATE :12002 7 F 6 :12004_3_1619630211.490462 1619630211.489229 :12004 (:12002)
[Wed Apr 28 2021 10:24:51.031089] r SAYHELLO :12002 1 - 0
[Wed Apr 28 2021 10:24:51.031169] i SAYHELLO :12002 1 - 0
[Wed Apr 28 2021 10:24:51.031288] i LSUPDATE :12002 7 F 6 :12004_29_1619630691.031144 1619630211.489229 :12004 (:12002)
[Wed Apr 28 2021 10:24:51.031481] r LSUPDATE :12002 6 F 6 :12000_35_1619630691.030645 1619630207.997533 :12000 (:12002)
[Wed Apr 28 2021 10:24:51.031709] r LSUPDATE :12002 7 F 13 :12002_3_1619630691.031254 1619630691.030946 :12002 (:12000,:12004)
[Wed Apr 28 2021 10:24:51.031924] r LSUPDATE :12002 7 F 13 :12002_4_1619630691.031313 1619630691.030946 :12002 (:12000,:12004)
[Wed Apr 28 2021 10:26:06.534081] r SAYHELLO :12002 1 - 0
[Wed Apr 28 2021 10:26:06.534147] i SAYHELLO :12002 1 - 0
[Wed Apr 28 2021 10:26:06.534257] i LSUPDATE :12002 7 F 6 :12004_42_1619630766.534124 1619630211.489229 :12004 (:12002)
[Wed Apr 28 2021 10:26:06.534428] r LSUPDATE :12002 6 F 6 :12000_48_1619630766.533680 1619630207.997533 :12000 (:12002)
[Wed Apr 28 2021 10:26:06.534648] r LSUPDATE :12002 7 F 13 :12002_3_1619630766.534231 1619630766.533930 :12002 (:12000,:12004)
[Wed Apr 28 2021 10:26:06.534858] r LSUPDATE :12002 7 F 13 :12002_4_1619630766.534319 1619630766.533930 :12002 (:12000,:12004)
[Wed Apr 28 2021 10:35:46.696721] i SAYHELLO :12002 1 - 0
[Wed Apr 28 2021 10:35:46.697062] r SAYHELLO :12002 1 - 0
[Wed Apr 28 2021 10:35:46.697226] i LSUPDATE :12002 7 F 6 :12004_2_1619631346.697089 1619631346.697084 :12004 (:12002)
[Wed Apr 28 2021 10:35:46.697294] r LSUPDATE :12002 7 F 13 :12002_3_1619631346.696859 1619631342.985388 :12002 (:12000,:12004)
[Wed Apr 28 2021 10:35:46.698203] r LSUPDATE :12002 6 F 6 :12000_3_1619631346.697724 1619631342.985170 :12000 (:12002)
[Wed Apr 28 2021 10:35:46.698339] i LSUPDATE :12002 7 F 6 :12004_3_1619631346.698249 1619631346.697084 :12004 (:12002)
[Wed Apr 28 2021 10:37:56.581359] i SAYHELLO :12002 1 - 0
[Wed Apr 28 2021 10:37:56.581698] r SAYHELLO :12002 1 - 0
[Wed Apr 28 2021 10:37:56.581849] i LSUPDATE :12002 7 F 6 :12004_2_1619631476.581738 1619631476.581731 :12004 (:12002)
[Wed Apr 28 2021 10:37:56.581954] r LSUPDATE :12002 7 F 13 :12002_3_1619631476.581512 1619631474.111363 :12002 (:12000,:12004)
[Wed Apr 28 2021 10:37:56.582760] r LSUPDATE :12002 6 F 6 :12000_3_1619631476.582282 1619631474.111117 :12000 (:12002)
[Wed Apr 28 2021 10:37:56.582907] i LSUPDATE :12002 7 F 6 :12004_3_1619631476.582814 1619631476.581731 :12004 (:12002)
[Wed Apr 28 2021 10:39:59.994523] r SAYHELLO :12002 1 - 0
[Wed Apr 28 2021 10:39:59.994600] i SAYHELLO :12002 1 - 0
[Wed Apr 28 2021 10:39:59.994714] i LSUPDATE :12002 7 F 6 :12004_16_1619631599.994577 1619631476.581731 :12004 (:12002)
[Wed Apr 28 2021 10:39:59.994867] r LSUPDATE :12002 6 F 6 :12000_16_1619631599.994072 1619631474.111117 :12000 (:12002)
[Wed Apr 28 2021 10:39:59.995117] r LSUPDATE :12002 7 F 13 :12002_3_1619631599.994662 1619631599.994341 :12002 (:12000,:12004)
[Wed Apr 28 2021 10:39:59.995339] r LSUPDATE :12002 7 F 13 :12002_4_1619631599.994737 1619631599.994341 :12002 (:12000,:12004)
[Wed Apr 28 2021 10:42:52.649258] r LSUPDATE :12002 7 F 6 :12002_40_1619631772.648945 1619631599.994341 :12002 (:12004)
