[Wed Apr 28 2021 09:46:32.994823] i SAYHELLO :12006 1 - 0
[Wed Apr 28 2021 09:46:32.995172] r SAYHELLO :12006 1 - 0
[Wed Apr 28 2021 09:46:32.995318] i LSUPDATE :12006 7 F 6 :12008_2_1619628392.995208 1619628392.995201 :12008 (:12006)
[Wed Apr 28 2021 09:46:32.995426] r LSUPDATE :12006 7 F 13 :12006_5_1619628392.994975 1619628386.303212 :12006 (:12004,:12008)
[Wed Apr 28 2021 09:46:32.996531] r LSUPDATE :12006 6 F 13 :12004_7_1619628392.995797 1619628379.421306 :12004 (:12002,:12006)
[Wed Apr 28 2021 09:46:32.996714] i LSUPDATE :12006 7 F 6 :12008_3_1619628392.996604 1619628392.995201 :12008 (:12006)
[Wed Apr 28 2021 09:46:32.997153] r LSUPDATE :12006 5 F 13 :12002_8_1619628392.996074 1619628364.469712 :12002 (:12000,:12004)
[Wed Apr 28 2021 09:46:32.997308] i LSUPDATE :12006 7 F 6 :12008_4_1619628392.997202 1619628392.995201 :12008 (:12006)
[Wed Apr 28 2021 09:46:32.997680] r LSUPDATE :12006 4 F 6 :12000_5_1619628392.996433 1619628364.469470 :12000 (:12002)
[Wed Apr 28 2021 09:46:32.997817] i LSUPDATE :12006 7 F 6 :12008_5_1619628392.997725 1619628392.995201 :12008 (:12006)
[Wed Apr 28 2021 09:46:39.382270] r SAYHELLO :12010 1 - 0
[Wed Apr 28 2021 09:46:39.382340] i SAYHELLO :12010 1 - 0
[Wed Apr 28 2021 09:46:39.382439] i LSUPDATE :12010 7 F 13 :12008_6_1619628399.382313 1619628392.995201 :12008 (:12006,:12010)
[Wed Apr 28 2021 09:46:39.382735] r LSUPDATE :12010 6 F 20 :12002_9_1619628399.381978 1619628364.469712 :12002 (:12000,:12004,:12010)
[Wed Apr 28 2021 09:46:39.382926] d LSUPDATE :12006 5 F 20 :12002_9_1619628399.381978 1619628364.469712 :12002 (:12000,:12004,:12010)
[Wed Apr 28 2021 09:46:39.383199] r LSUPDATE :12010 7 F 13 :12010_3_1619628399.382491 1619628399.382160 :12010 (:12002,:12008)
[Wed Apr 28 2021 09:46:39.383360] d LSUPDATE :12006 6 F 13 :12010_3_1619628399.382491 1619628399.382160 :12010 (:12002,:12008)
[Wed Apr 28 2021 09:46:39.383413] i LSUPDATE :12010 7 F 13 :12008_8_1619628399.383281 1619628392.995201 :12008 (:12006,:12010)
[Wed Apr 28 2021 09:46:39.383504] i LSUPDATE :12006 7 F 13 :12008_7_1619628399.383265 1619628392.995201 :12008 (:12006,:12010)
[Wed Apr 28 2021 09:46:39.383637] r LSUPDATE :12010 7 F 13 :12010_4_1619628399.382532 1619628399.382160 :12010 (:12002,:12008)
[Wed Apr 28 2021 09:46:39.383901] d LSUPDATE :12006 6 F 13 :12010_4_1619628399.382532 1619628399.382160 :12010 (:12002,:12008)
[Wed Apr 28 2021 09:46:39.384028] r LSUPDATE :12006 4 F 13 :12010_2_1619628399.382168 1619628399.382160 :12010 (:12002,:12008)
[Wed Apr 28 2021 09:46:39.384199] d LSUPDATE :12010 3 F 13 :12010_2_1619628399.382168 1619628399.382160 :12010 (:12002,:12008)
[Wed Apr 28 2021 09:46:39.384725] r LSUPDATE :12006 7 F 13 :12006_8_1619628399.383392 1619628386.303212 :12006 (:12004,:12008)
[Wed Apr 28 2021 09:46:39.384899] d LSUPDATE :12010 6 F 13 :12006_8_1619628399.383392 1619628386.303212 :12006 (:12004,:12008)
[Wed Apr 28 2021 09:46:39.385026] r LSUPDATE :12010 5 F 13 :12004_8_1619628399.382872 1619628379.421306 :12004 (:12002,:12006)
[Wed Apr 28 2021 09:46:39.385176] r LSUPDATE :12006 6 F 13 :12004_9_1619628399.382891 1619628379.421306 :12004 (:12002,:12006)
[Wed Apr 28 2021 09:46:39.385310] d LSUPDATE :12006 4 F 13 :12004_8_1619628399.382872 1619628379.421306 :12004 (:12002,:12006)
[Wed Apr 28 2021 09:46:39.385545] r LSUPDATE :12010 7 F 13 :12010_7_1619628399.384257 1619628399.382160 :12010 (:12002,:12008)
[Wed Apr 28 2021 09:46:39.385824] r LSUPDATE :12006 5 F 20 :12002_11_1619628399.382513 1619628364.469712 :12002 (:12000,:12004,:12010)
[Wed Apr 28 2021 09:46:39.385981] d LSUPDATE :12010 5 F 13 :12004_9_1619628399.382891 1619628379.421306 :12004 (:12002,:12006)
[Wed Apr 28 2021 09:46:39.386100] d LSUPDATE :12006 6 F 13 :12010_7_1619628399.384257 1619628399.382160 :12010 (:12002,:12008)
[Wed Apr 28 2021 09:46:39.386249] r LSUPDATE :12010 5 F 6 :12000_6_1619628399.382999 1619628364.469470 :12000 (:12002)
[Wed Apr 28 2021 09:46:39.386622] r LSUPDATE :12006 3 F 13 :12008_6_1619628399.382313 1619628392.995201 :12008 (:12006,:12010)
[Wed Apr 28 2021 09:46:39.386714] d LSUPDATE :12010 4 F 20 :12002_11_1619628399.382513 1619628364.469712 :12002 (:12000,:12004,:12010)
[Wed Apr 28 2021 09:46:39.386843] d LSUPDATE :12006 4 F 6 :12000_6_1619628399.382999 1619628364.469470 :12000 (:12002)
[Wed Apr 28 2021 09:46:39.386872] i LSUPDATE :12010 2 F 13 :12008_6_1619628399.382313 1619628392.995201 :12008 (:12006,:12010)
[Wed Apr 28 2021 09:46:39.386982] r LSUPDATE :12010 7 F 13 :12010_9_1619628399.385064 1619628399.382160 :12010 (:12002,:12008)
[Wed Apr 28 2021 09:46:39.387288] d LSUPDATE :12006 6 F 13 :12010_9_1619628399.385064 1619628399.382160 :12010 (:12002,:12008)
[Wed Apr 28 2021 09:46:39.387696] r LSUPDATE :12006 4 F 6 :12000_6_1619628399.382999 1619628364.469470 :12000 (:12002)
[Wed Apr 28 2021 09:46:39.387767] r LSUPDATE :12010 7 F 13 :12010_11_1619628399.385538 1619628399.382160 :12010 (:12002,:12008)
[Wed Apr 28 2021 09:46:39.387979] d LSUPDATE :12006 6 F 13 :12010_11_1619628399.385538 1619628399.382160 :12010 (:12002,:12008)
[Wed Apr 28 2021 09:46:39.388360] r LSUPDATE :12010 4 F 13 :12006_7_1619628399.383377 1619628386.303212 :12006 (:12004,:12008)
[Wed Apr 28 2021 09:46:39.388423] r LSUPDATE :12006 4 F 13 :12010_5_1619628399.382879 1619628399.382160 :12010 (:12002,:12008)
[Wed Apr 28 2021 09:46:39.388579] d LSUPDATE :12006 3 F 13 :12006_7_1619628399.383377 1619628386.303212 :12006 (:12004,:12008)
[Wed Apr 28 2021 09:46:39.388737] d LSUPDATE :12010 3 F 13 :12010_5_1619628399.382879 1619628399.382160 :12010 (:12002,:12008)
[Wed Apr 28 2021 09:46:39.388980] r LSUPDATE :12010 2 F 13 :12010_3_1619628399.382491 1619628399.382160 :12010 (:12002,:12008)
[Wed Apr 28 2021 09:46:39.389626] r LSUPDATE :12006 3 F 13 :12008_8_1619628399.383281 1619628392.995201 :12008 (:12006,:12010)
[Wed Apr 28 2021 09:46:39.389792] i LSUPDATE :12010 2 F 13 :12008_8_1619628399.383281 1619628392.995201 :12008 (:12006,:12010)
[Wed Apr 28 2021 09:46:39.389895] r LSUPDATE :12010 3 F 13 :12008_7_1619628399.383265 1619628392.995201 :12008 (:12006,:12010)
[Wed Apr 28 2021 09:46:39.390135] i LSUPDATE :12006 2 F 13 :12008_7_1619628399.383265 1619628392.995201 :12008 (:12006,:12010)
[Wed Apr 28 2021 09:46:39.390311] r LSUPDATE :12006 4 F 13 :12010_6_1619628399.384241 1619628399.382160 :12010 (:12002,:12008)
[Wed Apr 28 2021 09:46:39.390494] d LSUPDATE :12010 3 F 13 :12010_6_1619628399.384241 1619628399.382160 :12010 (:12002,:12008)
[Wed Apr 28 2021 09:46:39.390775] r LSUPDATE :12010 2 F 13 :12010_4_1619628399.382532 1619628399.382160 :12010 (:12002,:12008)
[Wed Apr 28 2021 09:46:39.391001] r LSUPDATE :12006 4 F 13 :12010_8_1619628399.385050 1619628399.382160 :12010 (:12002,:12008)
[Wed Apr 28 2021 09:46:39.391219] d LSUPDATE :12010 3 F 13 :12010_8_1619628399.385050 1619628399.382160 :12010 (:12002,:12008)
[Wed Apr 28 2021 09:46:39.391394] r LSUPDATE :12010 2 F 13 :12010_7_1619628399.384257 1619628399.382160 :12010 (:12002,:12008)
[Wed Apr 28 2021 09:46:39.391456] r LSUPDATE :12006 2 F 13 :12006_8_1619628399.383392 1619628386.303212 :12006 (:12004,:12008)
[Wed Apr 28 2021 09:46:39.391720] r LSUPDATE :12010 2 F 13 :12010_9_1619628399.385064 1619628399.382160 :12010 (:12002,:12008)
[Wed Apr 28 2021 09:46:39.391765] r LSUPDATE :12006 4 F 13 :12010_10_1619628399.385523 1619628399.382160 :12010 (:12002,:12008)
[Wed Apr 28 2021 09:46:39.391912] d LSUPDATE :12010 3 F 13 :12010_10_1619628399.385523 1619628399.382160 :12010 (:12002,:12008)
[Wed Apr 28 2021 09:46:39.392007] r LSUPDATE :12010 2 F 13 :12010_11_1619628399.385538 1619628399.382160 :12010 (:12002,:12008)
[Wed Apr 28 2021 10:08:43.428786] r LSUPDATE :12010 6 F 13 :12002_14_1619629723.427904 1619628364.469712 :12002 (:12004,:12010)
[Wed Apr 28 2021 10:08:43.429077] d LSUPDATE :12006 5 F 13 :12002_14_1619629723.427904 1619628364.469712 :12002 (:12004,:12010)
[Wed Apr 28 2021 10:08:43.429234] r LSUPDATE :12006 5 F 13 :12002_13_1619629723.427869 1619628364.469712 :12002 (:12004,:12010)
[Wed Apr 28 2021 10:08:43.429509] d LSUPDATE :12010 4 F 13 :12002_13_1619629723.427869 1619628364.469712 :12002 (:12004,:12010)
[Wed Apr 28 2021 10:08:46.033979] r LSUPDATE :12010 7 F 6 :12010_12_1619629726.033629 1619628399.382160 :12010 (:12008)
[Wed Apr 28 2021 10:08:46.034168] d LSUPDATE :12006 6 F 6 :12010_12_1619629726.033629 1619628399.382160 :12010 (:12008)
[Wed Apr 28 2021 10:08:46.034295] r LSUPDATE :12006 6 F 6 :12004_10_1619629726.033579 1619628379.421306 :12004 (:12006)
[Wed Apr 28 2021 10:08:46.034437] d LSUPDATE :12010 5 F 6 :12004_10_1619629726.033579 1619628379.421306 :12004 (:12006)
[Wed Apr 28 2021 10:08:49.460228] r LSUPDATE :12006 7 F 6 :12006_9_1619629729.459909 1619628386.303212 :12006 (:12008)
[Wed Apr 28 2021 10:08:49.460398] d LSUPDATE :12010 6 F 6 :12006_9_1619629729.459909 1619628386.303212 :12006 (:12008)
[Wed Apr 28 2021 10:08:51.612892] i LSUPDATE :12010 7 F 6 :12008_9_1619629731.612704 1619628392.995201 :12008 (:12010)
[Wed Apr 28 2021 10:09:21.934037] i SAYHELLO :12006 1 - 0
[Wed Apr 28 2021 10:09:21.934604] r SAYHELLO :12006 1 - 0
[Wed Apr 28 2021 10:09:21.934767] i LSUPDATE :12006 7 F 6 :12008_2_1619629761.934634 1619629761.934629 :12008 (:12006)
[Wed Apr 28 2021 10:09:21.934848] r LSUPDATE :12006 7 F 13 :12006_5_1619629761.934192 1619629760.053944 :12006 (:12004,:12008)
[Wed Apr 28 2021 10:09:21.935863] r LSUPDATE :12006 6 F 13 :12004_7_1619629761.935250 1619629758.581603 :12004 (:12002,:12006)
[Wed Apr 28 2021 10:09:21.936042] i LSUPDATE :12006 7 F 6 :12008_3_1619629761.935910 1619629761.934629 :12008 (:12006)
[Wed Apr 28 2021 10:09:21.936506] r LSUPDATE :12006 5 F 13 :12002_8_1619629761.935543 1619629756.756311 :12002 (:12000,:12004)
[Wed Apr 28 2021 10:09:21.936651] i LSUPDATE :12006 7 F 6 :12008_4_1619629761.936550 1619629761.934629 :12008 (:12006)
[Wed Apr 28 2021 10:09:21.937114] r LSUPDATE :12006 4 F 6 :12000_5_1619629761.935889 1619629756.756102 :12000 (:12002)
[Wed Apr 28 2021 10:09:21.937253] i LSUPDATE :12006 7 F 6 :12008_5_1619629761.937160 1619629761.934629 :12008 (:12006)
[Wed Apr 28 2021 10:09:23.943778] r SAYHELLO :12010 1 - 0
[Wed Apr 28 2021 10:09:23.943883] i SAYHELLO :12010 1 - 0
[Wed Apr 28 2021 10:09:23.943999] i LSUPDATE :12010 7 F 13 :12008_6_1619629763.943836 1619629761.934629 :12008 (:12006,:12010)
[Wed Apr 28 2021 10:09:23.944352] r LSUPDATE :12010 6 F 20 :12002_9_1619629763.943373 1619629756.756311 :12002 (:12000,:12004,:12010)
[Wed Apr 28 2021 10:09:23.944552] d LSUPDATE :12006 5 F 20 :12002_9_1619629763.943373 1619629756.756311 :12002 (:12000,:12004,:12010)
[Wed Apr 28 2021 10:09:23.944679] r LSUPDATE :12010 7 F 13 :12010_3_1619629763.944130 1619629763.943740 :12010 (:12002,:12008)
[Wed Apr 28 2021 10:09:23.944908] d LSUPDATE :12006 6 F 13 :12010_3_1619629763.944130 1619629763.943740 :12010 (:12002,:12008)
[Wed Apr 28 2021 10:09:23.944952] i LSUPDATE :12010 7 F 13 :12008_8_1619629763.944791 1619629761.934629 :12008 (:12006,:12010)
[Wed Apr 28 2021 10:09:23.945077] i LSUPDATE :12006 7 F 13 :12008_7_1619629763.944773 1619629761.934629 :12008 (:12006,:12010)
[Wed Apr 28 2021 10:09:23.945268] r LSUPDATE :12010 7 F 13 :12010_4_1619629763.944154 1619629763.943740 :12010 (:12002,:12008)
[Wed Apr 28 2021 10:09:23.945597] d LSUPDATE :12006 6 F 13 :12010_4_1619629763.944154 1619629763.943740 :12010 (:12002,:12008)
[Wed Apr 28 2021 10:09:23.945872] r LSUPDATE :12006 4 F 13 :12010_2_1619629763.943748 1619629763.943740 :12010 (:12002,:12008)
[Wed Apr 28 2021 10:09:23.946072] d LSUPDATE :12010 3 F 13 :12010_2_1619629763.943748 1619629763.943740 :12010 (:12002,:12008)
[Wed Apr 28 2021 10:09:23.946816] r LSUPDATE :12006 7 F 13 :12006_8_1619629763.945345 1619629760.053944 :12006 (:12004,:12008)
[Wed Apr 28 2021 10:09:23.946922] r LSUPDATE :12010 5 F 6 :12000_6_1619629763.944604 1619629756.756102 :12000 (:12002)
[Wed Apr 28 2021 10:09:23.947083] d LSUPDATE :12010 6 F 13 :12006_8_1619629763.945345 1619629760.053944 :12006 (:12004,:12008)
[Wed Apr 28 2021 10:09:23.947125] d LSUPDATE :12006 4 F 6 :12000_6_1619629763.944604 1619629756.756102 :12000 (:12002)
[Wed Apr 28 2021 10:09:23.947483] r LSUPDATE :12006 6 F 13 :12004_9_1619629763.944606 1619629758.581603 :12004 (:12002,:12006)
[Wed Apr 28 2021 10:09:23.947748] r LSUPDATE :12010 7 F 13 :12010_7_1619629763.945975 1619629763.943740 :12010 (:12002,:12008)
[Wed Apr 28 2021 10:09:23.947940] r LSUPDATE :12006 5 F 20 :12002_11_1619629763.944189 1619629756.756311 :12002 (:12000,:12004,:12010)
[Wed Apr 28 2021 10:09:23.948110] d LSUPDATE :12006 6 F 13 :12010_7_1619629763.945975 1619629763.943740 :12010 (:12002,:12008)
[Wed Apr 28 2021 10:09:23.948155] r LSUPDATE :12010 5 F 13 :12004_8_1619629763.944583 1619629758.581603 :12004 (:12002,:12006)
[Wed Apr 28 2021 10:09:23.948222] d LSUPDATE :12010 5 F 13 :12004_9_1619629763.944606 1619629758.581603 :12004 (:12002,:12006)
[Wed Apr 28 2021 10:09:23.948327] d LSUPDATE :12006 4 F 13 :12004_8_1619629763.944583 1619629758.581603 :12004 (:12002,:12006)
[Wed Apr 28 2021 10:09:23.948360] d LSUPDATE :12010 4 F 20 :12002_11_1619629763.944189 1619629756.756311 :12002 (:12000,:12004,:12010)
[Wed Apr 28 2021 10:09:23.949106] r LSUPDATE :12010 7 F 13 :12010_9_1619629763.946874 1619629763.943740 :12010 (:12002,:12008)
[Wed Apr 28 2021 10:09:23.949267] r LSUPDATE :12006 3 F 13 :12008_6_1619629763.943836 1619629761.934629 :12008 (:12006,:12010)
[Wed Apr 28 2021 10:09:23.949456] d LSUPDATE :12006 6 F 13 :12010_9_1619629763.946874 1619629763.943740 :12010 (:12002,:12008)
[Wed Apr 28 2021 10:09:23.949547] r LSUPDATE :12010 7 F 13 :12010_11_1619629763.947667 1619629763.943740 :12010 (:12002,:12008)
[Wed Apr 28 2021 10:09:23.949635] i LSUPDATE :12010 2 F 13 :12008_6_1619629763.943836 1619629761.934629 :12008 (:12006,:12010)
[Wed Apr 28 2021 10:09:23.949884] d LSUPDATE :12006 6 F 13 :12010_11_1619629763.947667 1619629763.943740 :12010 (:12002,:12008)
[Wed Apr 28 2021 10:09:23.949982] r LSUPDATE :12010 4 F 13 :12006_7_1619629763.945316 1619629760.053944 :12006 (:12004,:12008)
[Wed Apr 28 2021 10:09:23.950340] d LSUPDATE :12006 3 F 13 :12006_7_1619629763.945316 1619629760.053944 :12006 (:12004,:12008)
[Wed Apr 28 2021 10:09:23.950505] r LSUPDATE :12006 4 F 13 :12010_5_1619629763.944574 1619629763.943740 :12010 (:12002,:12008)
[Wed Apr 28 2021 10:09:23.950635] r LSUPDATE :12010 2 F 13 :12010_3_1619629763.944130 1619629763.943740 :12010 (:12002,:12008)
[Wed Apr 28 2021 10:09:23.950709] d LSUPDATE :12010 3 F 13 :12010_5_1619629763.944574 1619629763.943740 :12010 (:12002,:12008)
[Wed Apr 28 2021 10:09:23.951496] r LSUPDATE :12006 3 F 13 :12008_8_1619629763.944791 1619629761.934629 :12008 (:12006,:12010)
[Wed Apr 28 2021 10:09:23.951671] r LSUPDATE :12010 3 F 13 :12008_7_1619629763.944773 1619629761.934629 :12008 (:12006,:12010)
[Wed Apr 28 2021 10:09:23.951801] i LSUPDATE :12010 2 F 13 :12008_8_1619629763.944791 1619629761.934629 :12008 (:12006,:12010)
[Wed Apr 28 2021 10:09:23.951948] i LSUPDATE :12006 2 F 13 :12008_7_1619629763.944773 1619629761.934629 :12008 (:12006,:12010)
[Wed Apr 28 2021 10:09:23.952131] r LSUPDATE :12006 4 F 13 :12010_6_1619629763.945958 1619629763.943740 :12010 (:12002,:12008)
[Wed Apr 28 2021 10:09:23.952543] d LSUPDATE :12010 3 F 13 :12010_6_1619629763.945958 1619629763.943740 :12010 (:12002,:12008)
[Wed Apr 28 2021 10:09:23.952584] r LSUPDATE :12010 2 F 13 :12010_4_1619629763.944154 1619629763.943740 :12010 (:12002,:12008)
[Wed Apr 28 2021 10:09:23.952781] r LSUPDATE :12006 4 F 13 :12010_8_1619629763.946858 1619629763.943740 :12010 (:12002,:12008)
[Wed Apr 28 2021 10:09:23.952941] r LSUPDATE :12010 2 F 13 :12010_7_1619629763.945975 1619629763.943740 :12010 (:12002,:12008)
[Wed Apr 28 2021 10:09:23.953008] d LSUPDATE :12010 3 F 13 :12010_8_1619629763.946858 1619629763.943740 :12010 (:12002,:12008)
[Wed Apr 28 2021 10:09:23.953138] r LSUPDATE :12006 2 F 13 :12006_8_1619629763.945345 1619629760.053944 :12006 (:12004,:12008)
[Wed Apr 28 2021 10:09:23.953289] r LSUPDATE :12010 2 F 13 :12010_9_1619629763.946874 1619629763.943740 :12010 (:12002,:12008)
[Wed Apr 28 2021 10:09:23.953404] r LSUPDATE :12006 4 F 13 :12010_10_1619629763.947654 1619629763.943740 :12010 (:12002,:12008)
[Wed Apr 28 2021 10:09:23.953530] d LSUPDATE :12010 3 F 13 :12010_10_1619629763.947654 1619629763.943740 :12010 (:12002,:12008)
[Wed Apr 28 2021 10:09:23.953562] r LSUPDATE :12010 2 F 13 :12010_11_1619629763.947667 1619629763.943740 :12010 (:12002,:12008)
[Wed Apr 28 2021 10:12:32.237861] r LSUPDATE :12006 7 F 6 :12006_13_1619629952.237465 1619629760.053944 :12006 (:12008)
[Wed Apr 28 2021 10:12:32.238076] d LSUPDATE :12010 6 F 6 :12006_13_1619629952.237465 1619629760.053944 :12006 (:12008)
[Wed Apr 28 2021 10:12:32.238190] r LSUPDATE :12010 6 F 13 :12002_15_1619629952.237480 1619629756.756311 :12002 (:12000,:12010)
[Wed Apr 28 2021 10:12:32.238330] d LSUPDATE :12006 5 F 13 :12002_15_1619629952.237480 1619629756.756311 :12002 (:12000,:12010)
[Wed Apr 28 2021 10:12:51.150113] r LSUPDATE :12006 5 F 20 :12002_17_1619629971.148778 1619629756.756311 :12002 (:12000,:12010,:12004)
[Wed Apr 28 2021 10:12:51.150250] r LSUPDATE :12010 5 F 13 :12004_2_1619629971.149053 1619629971.149046 :12004 (:12002,:12006)
[Wed Apr 28 2021 10:12:51.150439] d LSUPDATE :12006 4 F 13 :12004_2_1619629971.149053 1619629971.149046 :12004 (:12002,:12006)
[Wed Apr 28 2021 10:12:51.150562] d LSUPDATE :12010 4 F 20 :12002_17_1619629971.148778 1619629756.756311 :12002 (:12000,:12010,:12004)
[Wed Apr 28 2021 10:12:51.150620] i LSUPDATE :12006 7 F 13 :12008_9_1619629971.150338 1619629761.934629 :12008 (:12006,:12010)
[Wed Apr 28 2021 10:12:51.150718] r LSUPDATE :12006 6 F 13 :12004_3_1619629971.149352 1619629971.149046 :12004 (:12002,:12006)
[Wed Apr 28 2021 10:12:51.150798] i LSUPDATE :12010 7 F 13 :12008_10_1619629971.150355 1619629761.934629 :12008 (:12006,:12010)
[Wed Apr 28 2021 10:12:51.150844] r LSUPDATE :12010 7 F 13 :12010_14_1619629971.149881 1619629763.943740 :12010 (:12002,:12008)
[Wed Apr 28 2021 10:12:51.150942] d LSUPDATE :12010 5 F 13 :12004_3_1619629971.149352 1619629971.149046 :12004 (:12002,:12006)
[Wed Apr 28 2021 10:12:51.151087] d LSUPDATE :12006 6 F 13 :12010_14_1619629971.149881 1619629763.943740 :12010 (:12002,:12008)
[Wed Apr 28 2021 10:12:51.151405] r LSUPDATE :12006 7 F 13 :12006_18_1619629971.150070 1619629760.053944 :12006 (:12008,:12004)
[Wed Apr 28 2021 10:12:51.151487] r LSUPDATE :12010 6 F 20 :12002_19_1619629971.149399 1619629756.756311 :12002 (:12000,:12010,:12004)
[Wed Apr 28 2021 10:12:51.151580] d LSUPDATE :12010 6 F 13 :12006_18_1619629971.150070 1619629760.053944 :12006 (:12008,:12004)
[Wed Apr 28 2021 10:12:51.151680] d LSUPDATE :12006 5 F 20 :12002_19_1619629971.149399 1619629756.756311 :12002 (:12000,:12010,:12004)
[Wed Apr 28 2021 10:12:51.152083] r LSUPDATE :12006 6 F 13 :12004_4_1619629971.149415 1619629971.149046 :12004 (:12002,:12006)
[Wed Apr 28 2021 10:12:51.152312] d LSUPDATE :12010 5 F 13 :12004_4_1619629971.149415 1619629971.149046 :12004 (:12002,:12006)
[Wed Apr 28 2021 10:12:51.152358] r LSUPDATE :12010 4 F 13 :12006_17_1619629971.149221 1619629760.053944 :12006 (:12008,:12004)
[Wed Apr 28 2021 10:12:51.152610] d LSUPDATE :12006 3 F 13 :12006_17_1619629971.149221 1619629760.053944 :12006 (:12008,:12004)
[Wed Apr 28 2021 10:12:51.152727] r LSUPDATE :12006 4 F 6 :12000_10_1619629971.149781 1619629756.756102 :12000 (:12002)
[Wed Apr 28 2021 10:12:51.152808] r LSUPDATE :12010 5 F 6 :12000_10_1619629971.149781 1619629756.756102 :12000 (:12002)
[Wed Apr 28 2021 10:12:51.152925] d LSUPDATE :12010 3 F 6 :12000_10_1619629971.149781 1619629756.756102 :12000 (:12002)
[Wed Apr 28 2021 10:12:51.153510] r LSUPDATE :12010 5 F 13 :12004_5_1619629971.149742 1619629971.149046 :12004 (:12002,:12006)
[Wed Apr 28 2021 10:12:51.153741] d LSUPDATE :12006 4 F 13 :12004_5_1619629971.149742 1619629971.149046 :12004 (:12002,:12006)
[Wed Apr 28 2021 10:12:51.153882] r LSUPDATE :12006 6 F 13 :12004_7_1619629971.151000 1619629971.149046 :12004 (:12002,:12006)
[Wed Apr 28 2021 10:12:51.154109] r LSUPDATE :12010 4 F 13 :12006_19_1619629971.150083 1619629760.053944 :12006 (:12008,:12004)
[Wed Apr 28 2021 10:12:51.154347] r LSUPDATE :12006 4 F 13 :12010_13_1619629971.149862 1619629763.943740 :12010 (:12002,:12008)
[Wed Apr 28 2021 10:12:51.154428] d LSUPDATE :12010 5 F 13 :12004_7_1619629971.151000 1619629971.149046 :12004 (:12002,:12006)
[Wed Apr 28 2021 10:12:51.154534] r LSUPDATE :12010 5 F 13 :12004_6_1619629971.150982 1619629971.149046 :12004 (:12002,:12006)
[Wed Apr 28 2021 10:12:51.154607] d LSUPDATE :12010 3 F 13 :12010_13_1619629971.149862 1619629763.943740 :12010 (:12002,:12008)
[Wed Apr 28 2021 10:12:51.154710] d LSUPDATE :12006 3 F 13 :12006_19_1619629971.150083 1619629760.053944 :12006 (:12008,:12004)
[Wed Apr 28 2021 10:12:51.154866] r LSUPDATE :12006 6 F 13 :12004_9_1619629971.151935 1619629971.149046 :12004 (:12002,:12006)
[Wed Apr 28 2021 10:12:51.154993] d LSUPDATE :12006 4 F 13 :12004_6_1619629971.150982 1619629971.149046 :12004 (:12002,:12006)
[Wed Apr 28 2021 10:12:51.155147] d LSUPDATE :12010 5 F 13 :12004_9_1619629971.151935 1619629971.149046 :12004 (:12002,:12006)
[Wed Apr 28 2021 10:12:51.155394] r LSUPDATE :12006 6 F 13 :12004_11_1619629971.152797 1619629971.149046 :12004 (:12002,:12006)
[Wed Apr 28 2021 10:12:51.155595] d LSUPDATE :12010 5 F 13 :12004_11_1619629971.152797 1619629971.149046 :12004 (:12002,:12006)
[Wed Apr 28 2021 10:12:51.155759] r LSUPDATE :12010 5 F 13 :12004_8_1619629971.151922 1619629971.149046 :12004 (:12002,:12006)
[Wed Apr 28 2021 10:12:51.155792] r LSUPDATE :12006 3 F 13 :12008_10_1619629971.150355 1619629761.934629 :12008 (:12006,:12010)
[Wed Apr 28 2021 10:12:51.156056] i LSUPDATE :12010 2 F 13 :12008_10_1619629971.150355 1619629761.934629 :12008 (:12006,:12010)
[Wed Apr 28 2021 10:12:51.156261] d LSUPDATE :12006 4 F 13 :12004_8_1619629971.151922 1619629971.149046 :12004 (:12002,:12006)
[Wed Apr 28 2021 10:12:51.156697] r LSUPDATE :12010 3 F 13 :12008_9_1619629971.150338 1619629761.934629 :12008 (:12006,:12010)
[Wed Apr 28 2021 10:12:51.157007] r LSUPDATE :12006 2 F 13 :12006_18_1619629971.150070 1619629760.053944 :12006 (:12008,:12004)
[Wed Apr 28 2021 10:12:51.157052] i LSUPDATE :12006 2 F 13 :12008_9_1619629971.150338 1619629761.934629 :12008 (:12006,:12010)
[Wed Apr 28 2021 10:12:51.157180] r LSUPDATE :12010 5 F 13 :12004_10_1619629971.152783 1619629971.149046 :12004 (:12002,:12006)
[Wed Apr 28 2021 10:12:51.157357] d LSUPDATE :12006 4 F 13 :12004_10_1619629971.152783 1619629971.149046 :12004 (:12002,:12006)
[Wed Apr 28 2021 10:12:51.157605] r LSUPDATE :12010 2 F 13 :12010_14_1619629971.149881 1619629763.943740 :12010 (:12002,:12008)
[Wed Apr 28 2021 10:15:42.061177] r LSUPDATE :12006 7 F 6 :12006_27_1619630142.060805 1619629760.053944 :12006 (:12008)
[Wed Apr 28 2021 10:15:42.061355] d LSUPDATE :12010 6 F 6 :12006_27_1619630142.060805 1619629760.053944 :12006 (:12008)
[Wed Apr 28 2021 10:15:42.061546] r LSUPDATE :12010 6 F 13 :12002_26_1619630142.060775 1619629756.756311 :12002 (:12000,:12010)
[Wed Apr 28 2021 10:15:42.061733] d LSUPDATE :12006 5 F 13 :12002_26_1619630142.060775 1619629756.756311 :12002 (:12000,:12010)
[Wed Apr 28 2021 10:16:11.239005] r LSUPDATE :12010 6 F 6 :12002_29_1619630171.238190 1619629756.756311 :12002 (:12010)
[Wed Apr 28 2021 10:16:11.239232] d LSUPDATE :12006 5 F 6 :12002_29_1619630171.238190 1619629756.756311 :12002 (:12010)
[Wed Apr 28 2021 10:16:17.947160] r LSUPDATE :12010 7 F 6 :12010_19_1619630177.946782 1619629763.943740 :12010 (:12008)
[Wed Apr 28 2021 10:16:17.947357] d LSUPDATE :12006 6 F 6 :12010_19_1619630177.946782 1619629763.943740 :12010 (:12008)
[Wed Apr 28 2021 10:16:25.168877] i LSUPDATE :12010 7 F 6 :12008_14_1619630185.168702 1619629761.934629 :12008 (:12010)
