[Wed Apr 28 2021 09:46:04.468981] r SAYHELLO :12002 1 - 0
[Wed Apr 28 2021 09:46:04.469544] i SAYHELLO :12002 1 - 0
[Wed Apr 28 2021 09:46:04.469699] i LSUPDATE :12002 7 F 6 :12000_2_1619628364.469477 1619628364.469470 :12000 (:12002)
[Wed Apr 28 2021 09:46:04.469995] r LSUPDATE :12002 7 F 6 :12002_2_1619628364.469722 1619628364.469712 :12002 (:12000)
[Wed Apr 28 2021 09:46:19.421909] r LSUPDATE :12002 6 F 6 :12004_2_1619628379.421313 1619628379.421306 :12004 (:12002)
[Wed Apr 28 2021 09:46:19.422111] i LSUPDATE :12002 7 F 6 :12000_3_1619628379.421967 1619628364.469470 :12000 (:12002)
[Wed Apr 28 2021 09:46:19.422207] r LSUPDATE :12002 7 F 13 :12002_4_1619628379.421654 1619628364.469712 :12002 (:12000,:12004)
[Wed Apr 28 2021 09:46:19.423091] r LSUPDATE :12002 6 F 6 :12004_3_1619628379.422584 1619628379.421306 :12004 (:12002)
[Wed Apr 28 2021 09:46:26.304535] r LSUPDATE :12002 5 F 6 :12006_2_1619628386.303220 1619628386.303212 :12006 (:12004)
[Wed Apr 28 2021 09:46:26.305016] i LSUPDATE :12002 7 F 6 :12000_4_1619628386.304900 1619628364.469470 :12000 (:12002)
[Wed Apr 28 2021 09:46:26.305110] r LSUPDATE :12002 7 F 13 :12002_5_1619628386.304270 1619628364.469712 :12002 (:12000,:12004)
[Wed Apr 28 2021 09:46:26.305336] r LSUPDATE :12002 6 F 13 :12004_5_1619628386.303613 1619628379.421306 :12004 (:12002,:12006)
[Wed Apr 28 2021 09:46:26.305640] r LSUPDATE :12002 5 F 6 :12006_3_1619628386.304893 1619628386.303212 :12006 (:12004)
[Wed Apr 28 2021 09:46:26.306476] r LSUPDATE :12002 5 F 6 :12006_4_1619628386.305767 1619628386.303212 :12006 (:12004)
[Wed Apr 28 2021 09:46:32.996380] r LSUPDATE :12002 4 F 6 :12008_2_1619628392.995208 1619628392.995201 :12008 (:12006)
[Wed Apr 28 2021 09:46:32.996552] i LSUPDATE :12002 7 F 6 :12000_5_1619628392.996433 1619628364.469470 :12000 (:12002)
[Wed Apr 28 2021 09:46:32.996726] r LSUPDATE :12002 7 F 13 :12002_7_1619628392.996065 1619628364.469712 :12002 (:12000,:12004)
[Wed Apr 28 2021 09:46:32.996985] r LSUPDATE :12002 6 F 13 :12004_6_1619628392.995787 1619628379.421306 :12004 (:12002,:12006)
[Wed Apr 28 2021 09:46:32.997232] r LSUPDATE :12002 5 F 13 :12006_6_1619628392.995504 1619628386.303212 :12006 (:12004,:12008)
[Wed Apr 28 2021 09:46:32.997752] r LSUPDATE :12002 4 F 6 :12008_3_1619628392.996604 1619628392.995201 :12008 (:12006)
[Wed Apr 28 2021 09:46:32.998278] r LSUPDATE :12002 4 F 6 :12008_4_1619628392.997202 1619628392.995201 :12008 (:12006)
[Wed Apr 28 2021 09:46:32.998662] r LSUPDATE :12002 4 F 6 :12008_5_1619628392.997725 1619628392.995201 :12008 (:12006)
[Wed Apr 28 2021 09:46:39.382811] r LSUPDATE :12002 6 F 13 :12010_2_1619628399.382168 1619628399.382160 :12010 (:12002,:12008)
[Wed Apr 28 2021 09:46:39.383121] i LSUPDATE :12002 7 F 6 :12000_6_1619628399.382999 1619628364.469470 :12000 (:12002)
[Wed Apr 28 2021 09:46:39.383611] r LSUPDATE :12002 7 F 20 :12002_10_1619628399.382501 1619628364.469712 :12002 (:12000,:12004,:12010)
[Wed Apr 28 2021 09:46:39.384142] r LSUPDATE :12002 5 F 13 :12008_6_1619628399.382313 1619628392.995201 :12008 (:12006,:12010)
[Wed Apr 28 2021 09:46:39.385020] r LSUPDATE :12002 6 F 13 :12004_8_1619628399.382872 1619628379.421306 :12004 (:12002,:12006)
[Wed Apr 28 2021 09:46:39.385463] r LSUPDATE :12002 6 F 13 :12010_5_1619628399.382879 1619628399.382160 :12010 (:12002,:12008)
[Wed Apr 28 2021 09:46:39.386009] r LSUPDATE :12002 5 F 13 :12008_8_1619628399.383281 1619628392.995201 :12008 (:12006,:12010)
[Wed Apr 28 2021 09:46:39.386484] r LSUPDATE :12002 2 F 20 :12002_9_1619628399.381978 1619628364.469712 :12002 (:12000,:12004,:12010)
[Wed Apr 28 2021 09:46:39.387111] r LSUPDATE :12002 6 F 13 :12010_6_1619628399.384241 1619628399.382160 :12010 (:12002,:12008)
[Wed Apr 28 2021 09:46:39.387729] r LSUPDATE :12002 5 F 13 :12006_7_1619628399.383377 1619628386.303212 :12006 (:12004,:12008)
[Wed Apr 28 2021 09:46:39.388294] r LSUPDATE :12002 3 F 13 :12010_3_1619628399.382491 1619628399.382160 :12010 (:12002,:12008)
[Wed Apr 28 2021 09:46:39.388792] r LSUPDATE :12002 6 F 13 :12010_8_1619628399.385050 1619628399.382160 :12010 (:12002,:12008)
[Wed Apr 28 2021 09:46:39.389465] r LSUPDATE :12002 4 F 13 :12008_7_1619628399.383265 1619628392.995201 :12008 (:12006,:12010)
[Wed Apr 28 2021 09:46:39.389985] r LSUPDATE :12002 4 F 13 :12006_8_1619628399.383392 1619628386.303212 :12006 (:12004,:12008)
[Wed Apr 28 2021 09:46:39.390853] r LSUPDATE :12002 3 F 13 :12010_4_1619628399.382532 1619628399.382160 :12010 (:12002,:12008)
[Wed Apr 28 2021 09:46:39.391266] r LSUPDATE :12002 6 F 13 :12010_10_1619628399.385523 1619628399.382160 :12010 (:12002,:12008)
[Wed Apr 28 2021 09:46:39.391607] r LSUPDATE :12002 3 F 13 :12004_9_1619628399.382891 1619628379.421306 :12004 (:12002,:12006)
[Wed Apr 28 2021 09:46:39.391885] r LSUPDATE :12002 3 F 13 :12010_7_1619628399.384257 1619628399.382160 :12010 (:12002,:12008)
[Wed Apr 28 2021 09:46:39.392114] r LSUPDATE :12002 2 F 20 :12002_11_1619628399.382513 1619628364.469712 :12002 (:12000,:12004,:12010)
[Wed Apr 28 2021 09:46:39.392322] r LSUPDATE :12002 3 F 13 :12010_9_1619628399.385064 1619628399.382160 :12010 (:12002,:12008)
[Wed Apr 28 2021 09:46:39.392519] r LSUPDATE :12002 3 F 13 :12010_11_1619628399.385538 1619628399.382160 :12010 (:12002,:12008)
[Wed Apr 28 2021 10:09:16.755594] r SAYHELLO :12002 1 - 0
[Wed Apr 28 2021 10:09:16.756186] i SAYHELLO :12002 1 - 0
[Wed Apr 28 2021 10:09:16.756298] i LSUPDATE :12002 7 F 6 :12000_2_1619629756.756109 1619629756.756102 :12000 (:12002)
[Wed Apr 28 2021 10:09:16.756562] r LSUPDATE :12002 7 F 6 :12002_2_1619629756.756317 1619629756.756311 :12002 (:12000)
[Wed Apr 28 2021 10:09:18.582221] r LSUPDATE :12002 6 F 6 :12004_2_1619629758.581611 1619629758.581603 :12004 (:12002)
[Wed Apr 28 2021 10:09:18.582409] i LSUPDATE :12002 7 F 6 :12000_3_1619629758.582274 1619629756.756102 :12000 (:12002)
[Wed Apr 28 2021 10:09:18.582473] r LSUPDATE :12002 7 F 13 :12002_4_1619629758.582009 1619629756.756311 :12002 (:12000,:12004)
[Wed Apr 28 2021 10:09:18.583389] r LSUPDATE :12002 6 F 6 :12004_3_1619629758.582937 1619629758.581603 :12004 (:12002)
[Wed Apr 28 2021 10:09:20.055449] r LSUPDATE :12002 5 F 6 :12006_2_1619629760.053965 1619629760.053944 :12006 (:12004)
[Wed Apr 28 2021 10:09:20.055757] i LSUPDATE :12002 7 F 6 :12000_4_1619629760.055550 1619629756.756102 :12000 (:12002)
[Wed Apr 28 2021 10:09:20.055992] r LSUPDATE :12002 7 F 13 :12002_5_1619629760.055000 1619629756.756311 :12002 (:12000,:12004)
[Wed Apr 28 2021 10:09:20.056295] r LSUPDATE :12002 6 F 13 :12004_5_1619629760.054496 1619629758.581603 :12004 (:12002,:12006)
[Wed Apr 28 2021 10:09:20.057757] r LSUPDATE :12002 5 F 6 :12006_3_1619629760.056164 1619629760.053944 :12006 (:12004)
[Wed Apr 28 2021 10:09:20.058236] r LSUPDATE :12002 5 F 6 :12006_4_1619629760.057120 1619629760.053944 :12006 (:12004)
[Wed Apr 28 2021 10:09:21.935836] r LSUPDATE :12002 4 F 6 :12008_2_1619629761.934634 1619629761.934629 :12008 (:12006)
[Wed Apr 28 2021 10:09:21.936005] i LSUPDATE :12002 7 F 6 :12000_5_1619629761.935889 1619629756.756102 :12000 (:12002)
[Wed Apr 28 2021 10:09:21.936141] r LSUPDATE :12002 7 F 13 :12002_7_1619629761.935533 1619629756.756311 :12002 (:12000,:12004)
[Wed Apr 28 2021 10:09:21.936370] r LSUPDATE :12002 6 F 13 :12004_6_1619629761.935239 1619629758.581603 :12004 (:12002,:12006)
[Wed Apr 28 2021 10:09:21.936599] r LSUPDATE :12002 5 F 13 :12006_6_1619629761.934948 1619629760.053944 :12006 (:12004,:12008)
[Wed Apr 28 2021 10:09:21.937099] r LSUPDATE :12002 4 F 6 :12008_3_1619629761.935910 1619629761.934629 :12008 (:12006)
[Wed Apr 28 2021 10:09:21.937689] r LSUPDATE :12002 4 F 6 :12008_4_1619629761.936550 1619629761.934629 :12008 (:12006)
[Wed Apr 28 2021 10:09:21.938134] r LSUPDATE :12002 4 F 6 :12008_5_1619629761.937160 1619629761.934629 :12008 (:12006)
[Wed Apr 28 2021 10:09:23.944538] r LSUPDATE :12002 6 F 13 :12010_2_1619629763.943748 1619629763.943740 :12010 (:12002,:12008)
[Wed Apr 28 2021 10:09:23.944766] i LSUPDATE :12002 7 F 6 :12000_6_1619629763.944604 1619629756.756102 :12000 (:12002)
[Wed Apr 28 2021 10:09:23.945183] r LSUPDATE :12002 7 F 20 :12002_10_1619629763.944176 1619629756.756311 :12002 (:12000,:12004,:12010)
[Wed Apr 28 2021 10:09:23.945801] r LSUPDATE :12002 5 F 13 :12008_6_1619629763.943836 1619629761.934629 :12008 (:12006,:12010)
[Wed Apr 28 2021 10:09:23.946572] r LSUPDATE :12002 6 F 13 :12004_8_1619629763.944583 1619629758.581603 :12004 (:12002,:12006)
[Wed Apr 28 2021 10:09:23.947109] r LSUPDATE :12002 6 F 13 :12010_5_1619629763.944574 1619629763.943740 :12010 (:12002,:12008)
[Wed Apr 28 2021 10:09:23.947737] r LSUPDATE :12002 2 F 20 :12002_9_1619629763.943373 1619629756.756311 :12002 (:12000,:12004,:12010)
[Wed Apr 28 2021 10:09:23.948168] r LSUPDATE :12002 5 F 13 :12008_8_1619629763.944791 1619629761.934629 :12008 (:12006,:12010)
[Wed Apr 28 2021 10:09:23.949015] r LSUPDATE :12002 5 F 13 :12006_7_1619629763.945316 1619629760.053944 :12006 (:12004,:12008)
[Wed Apr 28 2021 10:09:23.949520] r LSUPDATE :12002 6 F 13 :12010_6_1619629763.945958 1619629763.943740 :12010 (:12002,:12008)
[Wed Apr 28 2021 10:09:23.949903] r LSUPDATE :12002 6 F 13 :12010_8_1619629763.946858 1619629763.943740 :12010 (:12002,:12008)
[Wed Apr 28 2021 10:09:23.950570] r LSUPDATE :12002 3 F 13 :12010_3_1619629763.944130 1619629763.943740 :12010 (:12002,:12008)
[Wed Apr 28 2021 10:09:23.951490] r LSUPDATE :12002 4 F 13 :12006_8_1619629763.945345 1619629760.053944 :12006 (:12004,:12008)
[Wed Apr 28 2021 10:09:23.952106] r LSUPDATE :12002 4 F 13 :12008_7_1619629763.944773 1619629761.934629 :12008 (:12006,:12010)
[Wed Apr 28 2021 10:09:23.952788] r LSUPDATE :12002 6 F 13 :12010_10_1619629763.947654 1619629763.943740 :12010 (:12002,:12008)
[Wed Apr 28 2021 10:09:23.953097] r LSUPDATE :12002 3 F 13 :12010_4_1619629763.944154 1619629763.943740 :12010 (:12002,:12008)
[Wed Apr 28 2021 10:09:23.953363] r LSUPDATE :12002 3 F 13 :12004_9_1619629763.944606 1619629758.581603 :12004 (:12002,:12006)
[Wed Apr 28 2021 10:09:23.953595] r LSUPDATE :12002 3 F 13 :12010_7_1619629763.945975 1619629763.943740 :12010 (:12002,:12008)
[Wed Apr 28 2021 10:09:23.953808] r LSUPDATE :12002 2 F 20 :12002_11_1619629763.944189 1619629756.756311 :12002 (:12000,:12004,:12010)
[Wed Apr 28 2021 10:09:23.954015] r LSUPDATE :12002 3 F 13 :12010_9_1619629763.946874 1619629763.943740 :12010 (:12002,:12008)
[Wed Apr 28 2021 10:09:23.954212] r LSUPDATE :12002 3 F 13 :12010_11_1619629763.947667 1619629763.943740 :12010 (:12002,:12008)
[Wed Apr 28 2021 10:12:32.237822] r LSUPDATE :12002 7 F 13 :12002_14_1619629952.237450 1619629756.756311 :12002 (:12000,:12010)
[Wed Apr 28 2021 10:12:32.238846] r LSUPDATE :12002 4 F 6 :12006_13_1619629952.237465 1619629760.053944 :12006 (:12008)
[Wed Apr 28 2021 10:12:51.149707] r LSUPDATE :12002 6 F 13 :12004_2_1619629971.149053 1619629971.149046 :12004 (:12002,:12006)
[Wed Apr 28 2021 10:12:51.149929] i LSUPDATE :12002 7 F 6 :12000_10_1619629971.149781 1619629756.756102 :12000 (:12002)
[Wed Apr 28 2021 10:12:51.150163] r LSUPDATE :12002 7 F 20 :12002_18_1619629971.149387 1619629756.756311 :12002 (:12000,:12010,:12004)
[Wed Apr 28 2021 10:12:51.150651] r LSUPDATE :12002 5 F 13 :12006_17_1619629971.149221 1619629760.053944 :12006 (:12008,:12004)
[Wed Apr 28 2021 10:12:51.150999] r LSUPDATE :12002 6 F 13 :12010_13_1619629971.149862 1619629763.943740 :12010 (:12002,:12008)
[Wed Apr 28 2021 10:12:51.151647] r LSUPDATE :12002 6 F 13 :12004_5_1619629971.149742 1619629971.149046 :12004 (:12002,:12006)
[Wed Apr 28 2021 10:12:51.152214] r LSUPDATE :12002 2 F 20 :12002_17_1619629971.148778 1619629756.756311 :12002 (:12000,:12010,:12004)
[Wed Apr 28 2021 10:12:51.152784] r LSUPDATE :12002 5 F 13 :12006_19_1619629971.150083 1619629760.053944 :12006 (:12008,:12004)
[Wed Apr 28 2021 10:12:51.153409] r LSUPDATE :12002 5 F 13 :12008_10_1619629971.150355 1619629761.934629 :12008 (:12006,:12010)
[Wed Apr 28 2021 10:12:51.154087] r LSUPDATE :12002 6 F 13 :12004_6_1619629971.150982 1619629971.149046 :12004 (:12002,:12006)
[Wed Apr 28 2021 10:12:51.154509] r LSUPDATE :12002 3 F 13 :12004_3_1619629971.149352 1619629971.149046 :12004 (:12002,:12006)
[Wed Apr 28 2021 10:12:51.155002] r LSUPDATE :12002 4 F 13 :12006_18_1619629971.150070 1619629760.053944 :12006 (:12008,:12004)
[Wed Apr 28 2021 10:12:51.155448] r LSUPDATE :12002 6 F 13 :12004_8_1619629971.151922 1619629971.149046 :12004 (:12002,:12006)
[Wed Apr 28 2021 10:12:51.155977] r LSUPDATE :12002 4 F 13 :12008_9_1619629971.150338 1619629761.934629 :12008 (:12006,:12010)
[Wed Apr 28 2021 10:12:51.156607] r LSUPDATE :12002 6 F 13 :12004_10_1619629971.152783 1619629971.149046 :12004 (:12002,:12006)
[Wed Apr 28 2021 10:12:51.157138] r LSUPDATE :12002 3 F 13 :12004_4_1619629971.149415 1619629971.149046 :12004 (:12002,:12006)
[Wed Apr 28 2021 10:12:51.157512] r LSUPDATE :12002 3 F 13 :12010_14_1619629971.149881 1619629763.943740 :12010 (:12002,:12008)
[Wed Apr 28 2021 10:12:51.157826] r LSUPDATE :12002 3 F 13 :12004_7_1619629971.151000 1619629971.149046 :12004 (:12002,:12006)
[Wed Apr 28 2021 10:12:51.158095] r LSUPDATE :12002 2 F 20 :12002_19_1619629971.149399 1619629756.756311 :12002 (:12000,:12010,:12004)
[Wed Apr 28 2021 10:12:51.158312] r LSUPDATE :12002 3 F 13 :12004_9_1619629971.151935 1619629971.149046 :12004 (:12002,:12006)
[Wed Apr 28 2021 10:12:51.158512] r LSUPDATE :12002 3 F 13 :12004_11_1619629971.152797 1619629971.149046 :12004 (:12002,:12006)
[Wed Apr 28 2021 10:15:42.061141] r LSUPDATE :12002 7 F 13 :12002_25_1619630142.060740 1619629756.756311 :12002 (:12000,:12010)
[Wed Apr 28 2021 10:15:42.062168] r LSUPDATE :12002 4 F 6 :12006_27_1619630142.060805 1619629760.053944 :12006 (:12008)
[Wed Apr 28 2021 10:16:47.997169] r SAYHELLO :12002 1 - 0
[Wed Apr 28 2021 10:16:47.997623] i SAYHELLO :12002 1 - 0
[Wed Apr 28 2021 10:16:47.997735] i LSUPDATE :12002 7 F 6 :12000_2_1619630207.997541 1619630207.997533 :12000 (:12002)
[Wed Apr 28 2021 10:16:47.998034] r LSUPDATE :12002 7 F 6 :12002_2_1619630207.997774 1619630207.997767 :12002 (:12000)
[Wed Apr 28 2021 10:16:51.489829] r LSUPDATE :12002 6 F 6 :12004_2_1619630211.489236 1619630211.489229 :12004 (:12002)
[Wed Apr 28 2021 10:16:51.489986] i LSUPDATE :12002 7 F 6 :12000_3_1619630211.489891 1619630207.997533 :12000 (:12002)
[Wed Apr 28 2021 10:16:51.490090] r LSUPDATE :12002 7 F 13 :12002_4_1619630211.489603 1619630207.997767 :12002 (:12000,:12004)
[Wed Apr 28 2021 10:16:51.490910] r LSUPDATE :12002 6 F 6 :12004_3_1619630211.490462 1619630211.489229 :12004 (:12002)
[Wed Apr 28 2021 10:24:51.030594] r SAYHELLO :12002 1 - 0
[Wed Apr 28 2021 10:24:51.030685] i SAYHELLO :12002 1 - 0
[Wed Apr 28 2021 10:24:51.030784] i LSUPDATE :12002 7 F 6 :12000_35_1619630691.030645 1619630207.997533 :12000 (:12002)
[Wed Apr 28 2021 10:24:51.031221] r LSUPDATE :12002 7 F 13 :12002_2_1619630691.030952 1619630691.030946 :12002 (:12000,:12004)
[Wed Apr 28 2021 10:24:51.031785] r LSUPDATE :12002 6 F 6 :12004_29_1619630691.031144 1619630211.489229 :12004 (:12002)
[Wed Apr 28 2021 10:24:51.032005] r LSUPDATE :12002 7 F 13 :12002_5_1619630691.031612 1619630691.030946 :12002 (:12000,:12004)
[Wed Apr 28 2021 10:26:06.533621] r SAYHELLO :12002 1 - 0
[Wed Apr 28 2021 10:26:06.533708] i SAYHELLO :12002 1 - 0
[Wed Apr 28 2021 10:26:06.533813] i LSUPDATE :12002 7 F 6 :12000_48_1619630766.533680 1619630207.997533 :12000 (:12002)
[Wed Apr 28 2021 10:26:06.534193] r LSUPDATE :12002 7 F 13 :12002_2_1619630766.533939 1619630766.533930 :12002 (:12000,:12004)
[Wed Apr 28 2021 10:26:06.534763] r LSUPDATE :12002 6 F 6 :12004_42_1619630766.534124 1619630211.489229 :12004 (:12002)
[Wed Apr 28 2021 10:26:06.534974] r LSUPDATE :12002 7 F 13 :12002_5_1619630766.534606 1619630766.533930 :12002 (:12000,:12004)
[Wed Apr 28 2021 10:34:53.903468] r LSUPDATE :12002 7 F 6 :12002_17_1619631293.903097 1619630766.533930 :12002 (:12000)
[Wed Apr 28 2021 10:35:42.984825] r SAYHELLO :12002 1 - 0
[Wed Apr 28 2021 10:35:42.985214] i SAYHELLO :12002 1 - 0
[Wed Apr 28 2021 10:35:42.985347] i LSUPDATE :12002 7 F 6 :12000_2_1619631342.985176 1619631342.985170 :12000 (:12002)
[Wed Apr 28 2021 10:35:42.985663] r LSUPDATE :12002 7 F 6 :12002_2_1619631342.985395 1619631342.985388 :12002 (:12000)
[Wed Apr 28 2021 10:35:46.697673] r LSUPDATE :12002 6 F 6 :12004_2_1619631346.697089 1619631346.697084 :12004 (:12002)
[Wed Apr 28 2021 10:35:46.697838] i LSUPDATE :12002 7 F 6 :12000_3_1619631346.697724 1619631342.985170 :12000 (:12002)
[Wed Apr 28 2021 10:35:46.697918] r LSUPDATE :12002 7 F 13 :12002_4_1619631346.697428 1619631342.985388 :12002 (:12000,:12004)
[Wed Apr 28 2021 10:35:46.698694] r LSUPDATE :12002 6 F 6 :12004_3_1619631346.698249 1619631346.697084 :12004 (:12002)
[Wed Apr 28 2021 10:37:33.010173] r LSUPDATE :12002 7 F 6 :12002_5_1619631453.009766 1619631342.985388 :12002 (:12000)
[Wed Apr 28 2021 10:37:54.110565] r SAYHELLO :12002 1 - 0
[Wed Apr 28 2021 10:37:54.111179] i SAYHELLO :12002 1 - 0
[Wed Apr 28 2021 10:37:54.111310] i LSUPDATE :12002 7 F 6 :12000_2_1619631474.111124 1619631474.111117 :12000 (:12002)
[Wed Apr 28 2021 10:37:54.111665] r LSUPDATE :12002 7 F 6 :12002_2_1619631474.111371 1619631474.111363 :12002 (:12000)
[Wed Apr 28 2021 10:37:56.582229] r LSUPDATE :12002 6 F 6 :12004_2_1619631476.581738 1619631476.581731 :12004 (:12002)
[Wed Apr 28 2021 10:37:56.582377] i LSUPDATE :12002 7 F 6 :12000_3_1619631476.582282 1619631474.111117 :12000 (:12002)
[Wed Apr 28 2021 10:37:56.582484] r LSUPDATE :12002 7 F 13 :12002_4_1619631476.582030 1619631474.111363 :12002 (:12000,:12004)
[Wed Apr 28 2021 10:37:56.583251] r LSUPDATE :12002 6 F 6 :12004_3_1619631476.582814 1619631476.581731 :12004 (:12002)
[Wed Apr 28 2021 10:39:59.994013] r SAYHELLO :12002 1 - 0
[Wed Apr 28 2021 10:39:59.994103] i SAYHELLO :12002 1 - 0
[Wed Apr 28 2021 10:39:59.994213] i LSUPDATE :12002 7 F 6 :12000_16_1619631599.994072 1619631474.111117 :12000 (:12002)
[Wed Apr 28 2021 10:39:59.994608] r LSUPDATE :12002 7 F 13 :12002_2_1619631599.994349 1619631599.994341 :12002 (:12000,:12004)
[Wed Apr 28 2021 10:39:59.995231] r LSUPDATE :12002 6 F 6 :12004_16_1619631599.994577 1619631476.581731 :12004 (:12002)
[Wed Apr 28 2021 10:39:59.995448] r LSUPDATE :12002 7 F 13 :12002_5_1619631599.995053 1619631599.994341 :12002 (:12000,:12004)
