[Wed Apr 28 2021 09:46:26.302846] i SAYHELLO :12004 1 - 0
[Wed Apr 28 2021 09:46:26.303178] r SAYHELLO :12004 1 - 0
[Wed Apr 28 2021 09:46:26.303383] i LSUPDATE :12004 7 F 6 :12006_2_1619628386.303220 1619628386.303212 :12006 (:12004)
[Wed Apr 28 2021 09:46:26.303436] r LSUPDATE :12004 7 F 13 :12004_4_1619628386.302964 1619628379.421306 :12004 (:12002,:12006)
[Wed Apr 28 2021 09:46:26.304844] r LSUPDATE :12004 6 F 13 :12002_6_1619628386.304280 1619628364.469712 :12002 (:12000,:12004)
[Wed Apr 28 2021 09:46:26.304989] i LSUPDATE :12004 7 F 6 :12006_3_1619628386.304893 1619628386.303212 :12006 (:12004)
[Wed Apr 28 2021 09:46:26.305720] r LSUPDATE :12004 5 F 6 :12000_4_1619628386.304900 1619628364.469470 :12000 (:12002)
[Wed Apr 28 2021 09:46:26.305862] i LSUPDATE :12004 7 F 6 :12006_4_1619628386.305767 1619628386.303212 :12006 (:12004)
[Wed Apr 28 2021 09:46:32.994900] r SAYHELLO :12008 1 - 0
[Wed Apr 28 2021 09:46:32.995003] i SAYHELLO :12008 1 - 0
[Wed Apr 28 2021 09:46:32.995112] i LSUPDATE :12008 7 F 13 :12006_5_1619628392.994975 1619628386.303212 :12006 (:12004,:12008)
[Wed Apr 28 2021 09:46:32.995439] r LSUPDATE :12008 7 F 6 :12008_2_1619628392.995208 1619628392.995201 :12008 (:12006)
[Wed Apr 28 2021 09:46:32.995602] d LSUPDATE :12004 6 F 6 :12008_2_1619628392.995208 1619628392.995201 :12008 (:12006)
[Wed Apr 28 2021 09:46:32.995711] i LSUPDATE :12004 7 F 13 :12006_6_1619628392.995504 1619628386.303212 :12006 (:12004,:12008)
[Wed Apr 28 2021 09:46:32.996166] r LSUPDATE :12004 7 F 13 :12004_7_1619628392.995797 1619628379.421306 :12004 (:12002,:12006)
[Wed Apr 28 2021 09:46:32.996357] d LSUPDATE :12008 6 F 13 :12004_7_1619628392.995797 1619628379.421306 :12004 (:12002,:12006)
[Wed Apr 28 2021 09:46:32.996824] r LSUPDATE :12004 6 F 13 :12002_8_1619628392.996074 1619628364.469712 :12002 (:12000,:12004)
[Wed Apr 28 2021 09:46:32.996911] r LSUPDATE :12008 7 F 6 :12008_3_1619628392.996604 1619628392.995201 :12008 (:12006)
[Wed Apr 28 2021 09:46:32.996997] d LSUPDATE :12008 5 F 13 :12002_8_1619628392.996074 1619628364.469712 :12002 (:12000,:12004)
[Wed Apr 28 2021 09:46:32.997089] d LSUPDATE :12004 6 F 6 :12008_3_1619628392.996604 1619628392.995201 :12008 (:12006)
[Wed Apr 28 2021 09:46:32.997404] r LSUPDATE :12004 5 F 6 :12000_5_1619628392.996433 1619628364.469470 :12000 (:12002)
[Wed Apr 28 2021 09:46:32.997480] r LSUPDATE :12008 7 F 6 :12008_4_1619628392.997202 1619628392.995201 :12008 (:12006)
[Wed Apr 28 2021 09:46:32.997539] d LSUPDATE :12008 4 F 6 :12000_5_1619628392.996433 1619628364.469470 :12000 (:12002)
[Wed Apr 28 2021 09:46:32.997618] d LSUPDATE :12004 6 F 6 :12008_4_1619628392.997202 1619628392.995201 :12008 (:12006)
[Wed Apr 28 2021 09:46:32.997937] r LSUPDATE :12008 7 F 6 :12008_5_1619628392.997725 1619628392.995201 :12008 (:12006)
[Wed Apr 28 2021 09:46:32.998062] d LSUPDATE :12004 6 F 6 :12008_5_1619628392.997725 1619628392.995201 :12008 (:12006)
[Wed Apr 28 2021 09:46:39.383212] r LSUPDATE :12008 5 F 20 :12002_9_1619628399.381978 1619628364.469712 :12002 (:12000,:12004,:12010)
[Wed Apr 28 2021 09:46:39.383294] r LSUPDATE :12004 5 F 13 :12010_2_1619628399.382168 1619628399.382160 :12010 (:12002,:12008)
[Wed Apr 28 2021 09:46:39.383465] d LSUPDATE :12004 4 F 20 :12002_9_1619628399.381978 1619628364.469712 :12002 (:12000,:12004,:12010)
[Wed Apr 28 2021 09:46:39.383532] d LSUPDATE :12008 4 F 13 :12010_2_1619628399.382168 1619628399.382160 :12010 (:12002,:12008)
[Wed Apr 28 2021 09:46:39.383611] i LSUPDATE :12004 7 F 13 :12006_7_1619628399.383377 1619628386.303212 :12006 (:12004,:12008)
[Wed Apr 28 2021 09:46:39.383690] i LSUPDATE :12008 7 F 13 :12006_8_1619628399.383392 1619628386.303212 :12006 (:12004,:12008)
[Wed Apr 28 2021 09:46:39.383802] r LSUPDATE :12008 6 F 13 :12010_3_1619628399.382491 1619628399.382160 :12010 (:12002,:12008)
[Wed Apr 28 2021 09:46:39.383888] r LSUPDATE :12004 7 F 13 :12004_9_1619628399.382891 1619628379.421306 :12004 (:12002,:12006)
[Wed Apr 28 2021 09:46:39.384015] d LSUPDATE :12004 5 F 13 :12010_3_1619628399.382491 1619628399.382160 :12010 (:12002,:12008)
[Wed Apr 28 2021 09:46:39.384066] d LSUPDATE :12008 6 F 13 :12004_9_1619628399.382891 1619628379.421306 :12004 (:12002,:12006)
[Wed Apr 28 2021 09:46:39.384190] r LSUPDATE :12008 7 F 13 :12008_7_1619628399.383265 1619628392.995201 :12008 (:12006,:12010)
[Wed Apr 28 2021 09:46:39.384780] r LSUPDATE :12004 6 F 20 :12002_11_1619628399.382513 1619628364.469712 :12002 (:12000,:12004,:12010)
[Wed Apr 28 2021 09:46:39.384895] d LSUPDATE :12004 6 F 13 :12008_7_1619628399.383265 1619628392.995201 :12008 (:12006,:12010)
[Wed Apr 28 2021 09:46:39.385018] r LSUPDATE :12008 6 F 13 :12010_4_1619628399.382532 1619628399.382160 :12010 (:12002,:12008)
[Wed Apr 28 2021 09:46:39.385140] d LSUPDATE :12008 5 F 20 :12002_11_1619628399.382513 1619628364.469712 :12002 (:12000,:12004,:12010)
[Wed Apr 28 2021 09:46:39.385240] d LSUPDATE :12004 5 F 13 :12010_4_1619628399.382532 1619628399.382160 :12010 (:12002,:12008)
[Wed Apr 28 2021 09:46:39.385488] r LSUPDATE :12004 4 F 13 :12008_6_1619628399.382313 1619628392.995201 :12008 (:12006,:12010)
[Wed Apr 28 2021 09:46:39.385939] d LSUPDATE :12008 3 F 13 :12008_6_1619628399.382313 1619628392.995201 :12008 (:12006,:12010)
[Wed Apr 28 2021 09:46:39.386076] r LSUPDATE :12008 4 F 13 :12004_8_1619628399.382872 1619628379.421306 :12004 (:12002,:12006)
[Wed Apr 28 2021 09:46:39.386199] r LSUPDATE :12004 5 F 6 :12000_6_1619628399.382999 1619628364.469470 :12000 (:12002)
[Wed Apr 28 2021 09:46:39.386629] d LSUPDATE :12008 4 F 6 :12000_6_1619628399.382999 1619628364.469470 :12000 (:12002)
[Wed Apr 28 2021 09:46:39.386677] d LSUPDATE :12004 3 F 13 :12004_8_1619628399.382872 1619628379.421306 :12004 (:12002,:12006)
[Wed Apr 28 2021 09:46:39.386746] r LSUPDATE :12008 6 F 13 :12010_7_1619628399.384257 1619628399.382160 :12010 (:12002,:12008)
[Wed Apr 28 2021 09:46:39.387020] d LSUPDATE :12004 5 F 13 :12010_7_1619628399.384257 1619628399.382160 :12010 (:12002,:12008)
[Wed Apr 28 2021 09:46:39.387200] r LSUPDATE :12004 5 F 13 :12010_5_1619628399.382879 1619628399.382160 :12010 (:12002,:12008)
[Wed Apr 28 2021 09:46:39.387473] r LSUPDATE :12008 4 F 6 :12000_6_1619628399.382999 1619628364.469470 :12000 (:12002)
[Wed Apr 28 2021 09:46:39.387532] d LSUPDATE :12008 4 F 13 :12010_5_1619628399.382879 1619628399.382160 :12010 (:12002,:12008)
[Wed Apr 28 2021 09:46:39.388182] r LSUPDATE :12004 4 F 13 :12008_8_1619628399.383281 1619628392.995201 :12008 (:12006,:12010)
[Wed Apr 28 2021 09:46:39.388267] r LSUPDATE :12008 6 F 13 :12010_9_1619628399.385064 1619628399.382160 :12010 (:12002,:12008)
[Wed Apr 28 2021 09:46:39.388393] d LSUPDATE :12008 3 F 13 :12008_8_1619628399.383281 1619628392.995201 :12008 (:12006,:12010)
[Wed Apr 28 2021 09:46:39.388503] d LSUPDATE :12004 5 F 13 :12010_9_1619628399.385064 1619628399.382160 :12010 (:12002,:12008)
[Wed Apr 28 2021 09:46:39.388811] r LSUPDATE :12004 5 F 13 :12010_6_1619628399.384241 1619628399.382160 :12010 (:12002,:12008)
[Wed Apr 28 2021 09:46:39.388963] r LSUPDATE :12008 6 F 13 :12010_11_1619628399.385538 1619628399.382160 :12010 (:12002,:12008)
[Wed Apr 28 2021 09:46:39.389042] d LSUPDATE :12008 4 F 13 :12010_6_1619628399.384241 1619628399.382160 :12010 (:12002,:12008)
[Wed Apr 28 2021 09:46:39.389143] d LSUPDATE :12004 5 F 13 :12010_11_1619628399.385538 1619628399.382160 :12010 (:12002,:12008)
[Wed Apr 28 2021 09:46:39.389830] r LSUPDATE :12008 3 F 13 :12006_7_1619628399.383377 1619628386.303212 :12006 (:12004,:12008)
[Wed Apr 28 2021 09:46:39.389911] r LSUPDATE :12004 5 F 13 :12010_8_1619628399.385050 1619628399.382160 :12010 (:12002,:12008)
[Wed Apr 28 2021 09:46:39.390286] d LSUPDATE :12008 4 F 13 :12010_8_1619628399.385050 1619628399.382160 :12010 (:12002,:12008)
[Wed Apr 28 2021 09:46:39.390337] i LSUPDATE :12004 2 F 13 :12006_7_1619628399.383377 1619628386.303212 :12006 (:12004,:12008)
[Wed Apr 28 2021 09:46:39.390782] r LSUPDATE :12004 3 F 13 :12006_8_1619628399.383392 1619628386.303212 :12006 (:12004,:12008)
[Wed Apr 28 2021 09:46:39.390970] i LSUPDATE :12008 2 F 13 :12006_8_1619628399.383392 1619628386.303212 :12006 (:12004,:12008)
[Wed Apr 28 2021 09:46:39.391050] r LSUPDATE :12008 2 F 13 :12008_7_1619628399.383265 1619628392.995201 :12008 (:12006,:12010)
[Wed Apr 28 2021 09:46:39.391178] r LSUPDATE :12004 5 F 13 :12010_10_1619628399.385523 1619628399.382160 :12010 (:12002,:12008)
[Wed Apr 28 2021 09:46:39.391365] d LSUPDATE :12008 4 F 13 :12010_10_1619628399.385523 1619628399.382160 :12010 (:12002,:12008)
[Wed Apr 28 2021 09:46:39.391536] r LSUPDATE :12004 2 F 13 :12004_9_1619628399.382891 1619628379.421306 :12004 (:12002,:12006)
[Wed Apr 28 2021 10:08:43.428740] r LSUPDATE :12004 6 F 13 :12002_13_1619629723.427869 1619628364.469712 :12002 (:12004,:12010)
[Wed Apr 28 2021 10:08:43.429011] d LSUPDATE :12008 5 F 13 :12002_13_1619629723.427869 1619628364.469712 :12002 (:12004,:12010)
[Wed Apr 28 2021 10:08:43.429327] r LSUPDATE :12008 5 F 13 :12002_14_1619629723.427904 1619628364.469712 :12002 (:12004,:12010)
[Wed Apr 28 2021 10:08:43.429571] d LSUPDATE :12004 4 F 13 :12002_14_1619629723.427904 1619628364.469712 :12002 (:12004,:12010)
[Wed Apr 28 2021 10:08:46.033923] r LSUPDATE :12004 7 F 6 :12004_10_1619629726.033579 1619628379.421306 :12004 (:12006)
[Wed Apr 28 2021 10:08:46.034105] d LSUPDATE :12008 6 F 6 :12004_10_1619629726.033579 1619628379.421306 :12004 (:12006)
[Wed Apr 28 2021 10:08:46.034320] r LSUPDATE :12008 6 F 6 :12010_12_1619629726.033629 1619628399.382160 :12010 (:12008)
[Wed Apr 28 2021 10:08:46.034450] d LSUPDATE :12004 5 F 6 :12010_12_1619629726.033629 1619628399.382160 :12010 (:12008)
[Wed Apr 28 2021 10:08:49.460100] i LSUPDATE :12008 7 F 6 :12006_9_1619629729.459909 1619628386.303212 :12006 (:12008)
[Wed Apr 28 2021 10:09:20.052776] i SAYHELLO :12004 1 - 0
[Wed Apr 28 2021 10:09:20.053885] r SAYHELLO :12004 1 - 0
[Wed Apr 28 2021 10:09:20.054188] i LSUPDATE :12004 7 F 6 :12006_2_1619629760.053965 1619629760.053944 :12006 (:12004)
[Wed Apr 28 2021 10:09:20.054270] r LSUPDATE :12004 7 F 13 :12004_4_1619629760.053148 1619629758.581603 :12004 (:12002,:12006)
[Wed Apr 28 2021 10:09:20.056087] r LSUPDATE :12004 6 F 13 :12002_6_1619629760.055021 1619629756.756311 :12002 (:12000,:12004)
[Wed Apr 28 2021 10:09:20.056320] i LSUPDATE :12004 7 F 6 :12006_3_1619629760.056164 1619629760.053944 :12006 (:12004)
[Wed Apr 28 2021 10:09:20.057051] r LSUPDATE :12004 5 F 6 :12000_4_1619629760.055550 1619629756.756102 :12000 (:12002)
[Wed Apr 28 2021 10:09:20.057260] i LSUPDATE :12004 7 F 6 :12006_4_1619629760.057120 1619629760.053944 :12006 (:12004)
[Wed Apr 28 2021 10:09:21.934139] r SAYHELLO :12008 1 - 0
[Wed Apr 28 2021 10:09:21.934233] i SAYHELLO :12008 1 - 0
[Wed Apr 28 2021 10:09:21.934328] i LSUPDATE :12008 7 F 13 :12006_5_1619629761.934192 1619629760.053944 :12006 (:12004,:12008)
[Wed Apr 28 2021 10:09:21.934887] r LSUPDATE :12008 7 F 6 :12008_2_1619629761.934634 1619629761.934629 :12008 (:12006)
[Wed Apr 28 2021 10:09:21.935022] d LSUPDATE :12004 6 F 6 :12008_2_1619629761.934634 1619629761.934629 :12008 (:12006)
[Wed Apr 28 2021 10:09:21.935120] i LSUPDATE :12004 7 F 13 :12006_6_1619629761.934948 1619629760.053944 :12006 (:12004,:12008)
[Wed Apr 28 2021 10:09:21.935501] r LSUPDATE :12004 7 F 13 :12004_7_1619629761.935250 1619629758.581603 :12004 (:12002,:12006)
[Wed Apr 28 2021 10:09:21.935639] d LSUPDATE :12008 6 F 13 :12004_7_1619629761.935250 1619629758.581603 :12004 (:12002,:12006)
[Wed Apr 28 2021 10:09:21.936160] r LSUPDATE :12004 6 F 13 :12002_8_1619629761.935543 1619629756.756311 :12002 (:12000,:12004)
[Wed Apr 28 2021 10:09:21.936215] r LSUPDATE :12008 7 F 6 :12008_3_1619629761.935910 1619629761.934629 :12008 (:12006)
[Wed Apr 28 2021 10:09:21.936302] d LSUPDATE :12008 5 F 13 :12002_8_1619629761.935543 1619629756.756311 :12002 (:12000,:12004)
[Wed Apr 28 2021 10:09:21.936382] d LSUPDATE :12004 6 F 6 :12008_3_1619629761.935910 1619629761.934629 :12008 (:12006)
[Wed Apr 28 2021 10:09:21.936814] r LSUPDATE :12004 5 F 6 :12000_5_1619629761.935889 1619629756.756102 :12000 (:12002)
[Wed Apr 28 2021 10:09:21.936896] r LSUPDATE :12008 7 F 6 :12008_4_1619629761.936550 1619629761.934629 :12008 (:12006)
[Wed Apr 28 2021 10:09:21.936960] d LSUPDATE :12008 4 F 6 :12000_5_1619629761.935889 1619629756.756102 :12000 (:12002)
[Wed Apr 28 2021 10:09:21.937036] d LSUPDATE :12004 6 F 6 :12008_4_1619629761.936550 1619629761.934629 :12008 (:12006)
[Wed Apr 28 2021 10:09:21.937380] r LSUPDATE :12008 7 F 6 :12008_5_1619629761.937160 1619629761.934629 :12008 (:12006)
[Wed Apr 28 2021 10:09:21.937511] d LSUPDATE :12004 6 F 6 :12008_5_1619629761.937160 1619629761.934629 :12008 (:12006)
[Wed Apr 28 2021 10:09:23.945018] r LSUPDATE :12008 5 F 20 :12002_9_1619629763.943373 1619629756.756311 :12002 (:12000,:12004,:12010)
[Wed Apr 28 2021 10:09:23.945162] r LSUPDATE :12004 5 F 13 :12010_2_1619629763.943748 1619629763.943740 :12010 (:12002,:12008)
[Wed Apr 28 2021 10:09:23.945244] d LSUPDATE :12004 4 F 20 :12002_9_1619629763.943373 1619629756.756311 :12002 (:12000,:12004,:12010)
[Wed Apr 28 2021 10:09:23.945369] d LSUPDATE :12008 4 F 13 :12010_2_1619629763.943748 1619629763.943740 :12010 (:12002,:12008)
[Wed Apr 28 2021 10:09:23.945651] i LSUPDATE :12004 7 F 13 :12006_7_1619629763.945316 1619629760.053944 :12006 (:12004,:12008)
[Wed Apr 28 2021 10:09:23.945694] r LSUPDATE :12008 6 F 13 :12010_3_1619629763.944130 1619629763.943740 :12010 (:12002,:12008)
[Wed Apr 28 2021 10:09:23.945783] i LSUPDATE :12008 7 F 13 :12006_8_1619629763.945345 1619629760.053944 :12006 (:12004,:12008)
[Wed Apr 28 2021 10:09:23.945862] d LSUPDATE :12004 5 F 13 :12010_3_1619629763.944130 1619629763.943740 :12010 (:12002,:12008)
[Wed Apr 28 2021 10:09:23.945945] r LSUPDATE :12004 7 F 13 :12004_9_1619629763.944606 1619629758.581603 :12004 (:12002,:12006)
[Wed Apr 28 2021 10:09:23.946090] r LSUPDATE :12008 7 F 13 :12008_7_1619629763.944773 1619629761.934629 :12008 (:12006,:12010)
[Wed Apr 28 2021 10:09:23.946227] d LSUPDATE :12008 6 F 13 :12004_9_1619629763.944606 1619629758.581603 :12004 (:12002,:12006)
[Wed Apr 28 2021 10:09:23.946548] d LSUPDATE :12004 6 F 13 :12008_7_1619629763.944773 1619629761.934629 :12008 (:12006,:12010)
[Wed Apr 28 2021 10:09:23.946752] r LSUPDATE :12008 6 F 13 :12010_4_1619629763.944154 1619629763.943740 :12010 (:12002,:12008)
[Wed Apr 28 2021 10:09:23.946974] d LSUPDATE :12004 5 F 13 :12010_4_1619629763.944154 1619629763.943740 :12010 (:12002,:12008)
[Wed Apr 28 2021 10:09:23.947133] r LSUPDATE :12004 6 F 20 :12002_11_1619629763.944189 1619629756.756311 :12002 (:12000,:12004,:12010)
[Wed Apr 28 2021 10:09:23.947526] d LSUPDATE :12008 5 F 20 :12002_11_1619629763.944189 1619629756.756311 :12002 (:12000,:12004,:12010)
[Wed Apr 28 2021 10:09:23.947706] r LSUPDATE :12008 4 F 6 :12000_6_1619629763.944604 1619629756.756102 :12000 (:12002)
[Wed Apr 28 2021 10:09:23.948104] d LSUPDATE :12004 3 F 6 :12000_6_1619629763.944604 1619629756.756102 :12000 (:12002)
[Wed Apr 28 2021 10:09:23.948151] r LSUPDATE :12004 4 F 13 :12008_6_1619629763.943836 1619629761.934629 :12008 (:12006,:12010)
[Wed Apr 28 2021 10:09:23.948325] d LSUPDATE :12008 3 F 13 :12008_6_1619629763.943836 1619629761.934629 :12008 (:12006,:12010)
[Wed Apr 28 2021 10:09:23.948732] r LSUPDATE :12008 6 F 13 :12010_7_1619629763.945975 1619629763.943740 :12010 (:12002,:12008)
[Wed Apr 28 2021 10:09:23.948855] r LSUPDATE :12004 5 F 6 :12000_6_1619629763.944604 1619629756.756102 :12000 (:12002)
[Wed Apr 28 2021 10:09:23.948947] d LSUPDATE :12004 5 F 13 :12010_7_1619629763.945975 1619629763.943740 :12010 (:12002,:12008)
[Wed Apr 28 2021 10:09:23.949326] r LSUPDATE :12008 4 F 13 :12004_8_1619629763.944583 1619629758.581603 :12004 (:12002,:12006)
[Wed Apr 28 2021 10:09:23.949388] r LSUPDATE :12004 5 F 13 :12010_5_1619629763.944574 1619629763.943740 :12010 (:12002,:12008)
[Wed Apr 28 2021 10:09:23.949656] r LSUPDATE :12008 6 F 13 :12010_9_1619629763.946874 1619629763.943740 :12010 (:12002,:12008)
[Wed Apr 28 2021 10:09:23.949717] d LSUPDATE :12008 4 F 13 :12010_5_1619629763.944574 1619629763.943740 :12010 (:12002,:12008)
[Wed Apr 28 2021 10:09:23.949752] r LSUPDATE :12004 4 F 13 :12008_8_1619629763.944791 1619629761.934629 :12008 (:12006,:12010)
[Wed Apr 28 2021 10:09:23.949822] d LSUPDATE :12004 3 F 13 :12004_8_1619629763.944583 1619629758.581603 :12004 (:12002,:12006)
[Wed Apr 28 2021 10:09:23.949964] d LSUPDATE :12004 5 F 13 :12010_9_1619629763.946874 1619629763.943740 :12010 (:12002,:12008)
[Wed Apr 28 2021 10:09:23.950040] d LSUPDATE :12008 3 F 13 :12008_8_1619629763.944791 1619629761.934629 :12008 (:12006,:12010)
[Wed Apr 28 2021 10:09:23.950394] r LSUPDATE :12004 5 F 13 :12010_6_1619629763.945958 1619629763.943740 :12010 (:12002,:12008)
[Wed Apr 28 2021 10:09:23.950547] d LSUPDATE :12008 4 F 13 :12010_6_1619629763.945958 1619629763.943740 :12010 (:12002,:12008)
[Wed Apr 28 2021 10:09:23.950608] r LSUPDATE :12008 6 F 13 :12010_11_1619629763.947667 1619629763.943740 :12010 (:12002,:12008)
[Wed Apr 28 2021 10:09:23.951054] d LSUPDATE :12004 5 F 13 :12010_11_1619629763.947667 1619629763.943740 :12010 (:12002,:12008)
[Wed Apr 28 2021 10:09:23.951388] r LSUPDATE :12004 5 F 13 :12010_8_1619629763.946858 1619629763.943740 :12010 (:12002,:12008)
[Wed Apr 28 2021 10:09:23.951505] r LSUPDATE :12008 3 F 13 :12006_7_1619629763.945316 1619629760.053944 :12006 (:12004,:12008)
[Wed Apr 28 2021 10:09:23.951576] d LSUPDATE :12008 4 F 13 :12010_8_1619629763.946858 1619629763.943740 :12010 (:12002,:12008)
[Wed Apr 28 2021 10:09:23.951798] i LSUPDATE :12004 2 F 13 :12006_7_1619629763.945316 1619629760.053944 :12006 (:12004,:12008)
[Wed Apr 28 2021 10:09:23.951897] r LSUPDATE :12004 3 F 13 :12006_8_1619629763.945345 1619629760.053944 :12006 (:12004,:12008)
[Wed Apr 28 2021 10:09:23.952131] i LSUPDATE :12008 2 F 13 :12006_8_1619629763.945345 1619629760.053944 :12006 (:12004,:12008)
[Wed Apr 28 2021 10:09:23.952483] r LSUPDATE :12008 2 F 13 :12008_7_1619629763.944773 1619629761.934629 :12008 (:12006,:12010)
[Wed Apr 28 2021 10:09:23.952710] r LSUPDATE :12004 5 F 13 :12010_10_1619629763.947654 1619629763.943740 :12010 (:12002,:12008)
[Wed Apr 28 2021 10:09:23.952866] d LSUPDATE :12008 4 F 13 :12010_10_1619629763.947654 1619629763.943740 :12010 (:12002,:12008)
[Wed Apr 28 2021 10:09:23.953073] r LSUPDATE :12004 2 F 13 :12004_9_1619629763.944606 1619629758.581603 :12004 (:12002,:12006)
[Wed Apr 28 2021 10:12:32.237673] i LSUPDATE :12008 7 F 6 :12006_13_1619629952.237465 1619629760.053944 :12006 (:12008)
[Wed Apr 28 2021 10:12:32.238491] r LSUPDATE :12008 5 F 13 :12002_15_1619629952.237480 1619629756.756311 :12002 (:12000,:12010)
[Wed Apr 28 2021 10:12:51.149169] r SAYHELLO :12004 1 - 0
[Wed Apr 28 2021 10:12:51.149249] i SAYHELLO :12004 1 - 0
[Wed Apr 28 2021 10:12:51.149346] i LSUPDATE :12004 7 F 13 :12006_17_1619629971.149221 1619629760.053944 :12006 (:12008,:12004)
[Wed Apr 28 2021 10:12:51.149665] r LSUPDATE :12004 6 F 20 :12002_17_1619629971.148778 1619629756.756311 :12002 (:12000,:12010,:12004)
[Wed Apr 28 2021 10:12:51.149831] d LSUPDATE :12008 5 F 20 :12002_17_1619629971.148778 1619629756.756311 :12002 (:12000,:12010,:12004)
[Wed Apr 28 2021 10:12:51.149989] r LSUPDATE :12004 7 F 13 :12004_3_1619629971.149352 1619629971.149046 :12004 (:12002,:12006)
[Wed Apr 28 2021 10:12:51.150156] d LSUPDATE :12008 6 F 13 :12004_3_1619629971.149352 1619629971.149046 :12004 (:12002,:12006)
[Wed Apr 28 2021 10:12:51.150210] i LSUPDATE :12004 7 F 13 :12006_19_1619629971.150083 1619629760.053944 :12006 (:12008,:12004)
[Wed Apr 28 2021 10:12:51.150290] i LSUPDATE :12008 7 F 13 :12006_18_1619629971.150070 1619629760.053944 :12006 (:12008,:12004)
[Wed Apr 28 2021 10:12:51.150418] r LSUPDATE :12004 7 F 13 :12004_4_1619629971.149415 1619629971.149046 :12004 (:12002,:12006)
[Wed Apr 28 2021 10:12:51.150712] d LSUPDATE :12008 6 F 13 :12004_4_1619629971.149415 1619629971.149046 :12004 (:12002,:12006)
[Wed Apr 28 2021 10:12:51.150919] r LSUPDATE :12008 4 F 13 :12004_2_1619629971.149053 1619629971.149046 :12004 (:12002,:12006)
[Wed Apr 28 2021 10:12:51.151225] d LSUPDATE :12004 3 F 13 :12004_2_1619629971.149053 1619629971.149046 :12004 (:12002,:12006)
[Wed Apr 28 2021 10:12:51.151535] r LSUPDATE :12008 7 F 13 :12008_9_1619629971.150338 1619629761.934629 :12008 (:12006,:12010)
[Wed Apr 28 2021 10:12:51.151747] r LSUPDATE :12004 5 F 6 :12000_10_1619629971.149781 1619629756.756102 :12000 (:12002)
[Wed Apr 28 2021 10:12:51.151821] d LSUPDATE :12004 6 F 13 :12008_9_1619629971.150338 1619629761.934629 :12008 (:12006,:12010)
[Wed Apr 28 2021 10:12:51.152051] d LSUPDATE :12008 4 F 6 :12000_10_1619629971.149781 1619629756.756102 :12000 (:12002)
[Wed Apr 28 2021 10:12:51.152391] r LSUPDATE :12008 6 F 13 :12010_14_1619629971.149881 1619629763.943740 :12010 (:12002,:12008)
[Wed Apr 28 2021 10:12:51.152546] r LSUPDATE :12004 7 F 13 :12004_7_1619629971.151000 1619629971.149046 :12004 (:12002,:12006)
[Wed Apr 28 2021 10:12:51.152611] d LSUPDATE :12004 5 F 13 :12010_14_1619629971.149881 1619629763.943740 :12010 (:12002,:12008)
[Wed Apr 28 2021 10:12:51.152851] d LSUPDATE :12008 6 F 13 :12004_7_1619629971.151000 1619629971.149046 :12004 (:12002,:12006)
[Wed Apr 28 2021 10:12:51.153089] r LSUPDATE :12004 5 F 13 :12010_13_1619629971.149862 1619629763.943740 :12010 (:12002,:12008)
[Wed Apr 28 2021 10:12:51.153170] r LSUPDATE :12008 5 F 20 :12002_19_1619629971.149399 1619629756.756311 :12002 (:12000,:12010,:12004)
[Wed Apr 28 2021 10:12:51.153331] d LSUPDATE :12008 4 F 13 :12010_13_1619629971.149862 1619629763.943740 :12010 (:12002,:12008)
[Wed Apr 28 2021 10:12:51.153487] d LSUPDATE :12004 4 F 20 :12002_19_1619629971.149399 1619629756.756311 :12002 (:12000,:12010,:12004)
[Wed Apr 28 2021 10:12:51.153897] r LSUPDATE :12004 7 F 13 :12004_9_1619629971.151935 1619629971.149046 :12004 (:12002,:12006)
[Wed Apr 28 2021 10:12:51.153975] r LSUPDATE :12008 3 F 13 :12006_17_1619629971.149221 1619629760.053944 :12006 (:12008,:12004)
[Wed Apr 28 2021 10:12:51.154110] d LSUPDATE :12008 6 F 13 :12004_9_1619629971.151935 1619629971.149046 :12004 (:12002,:12006)
[Wed Apr 28 2021 10:12:51.154294] i LSUPDATE :12004 2 F 13 :12006_17_1619629971.149221 1619629760.053944 :12006 (:12008,:12004)
[Wed Apr 28 2021 10:12:51.154383] r LSUPDATE :12004 7 F 13 :12004_11_1619629971.152797 1619629971.149046 :12004 (:12002,:12006)
[Wed Apr 28 2021 10:12:51.154639] r LSUPDATE :12008 4 F 13 :12004_5_1619629971.149742 1619629971.149046 :12004 (:12002,:12006)
[Wed Apr 28 2021 10:12:51.154882] r LSUPDATE :12004 4 F 13 :12008_10_1619629971.150355 1619629761.934629 :12008 (:12006,:12010)
[Wed Apr 28 2021 10:12:51.154978] d LSUPDATE :12004 3 F 13 :12004_5_1619629971.149742 1619629971.149046 :12004 (:12002,:12006)
[Wed Apr 28 2021 10:12:51.155034] d LSUPDATE :12008 6 F 13 :12004_11_1619629971.152797 1619629971.149046 :12004 (:12002,:12006)
[Wed Apr 28 2021 10:12:51.155137] r LSUPDATE :12008 3 F 13 :12006_19_1619629971.150083 1619629760.053944 :12006 (:12008,:12004)
[Wed Apr 28 2021 10:12:51.155300] d LSUPDATE :12008 3 F 13 :12008_10_1619629971.150355 1619629761.934629 :12008 (:12006,:12010)
[Wed Apr 28 2021 10:12:51.155394] r LSUPDATE :12004 2 F 13 :12004_3_1619629971.149352 1619629971.149046 :12004 (:12002,:12006)
[Wed Apr 28 2021 10:12:51.155457] i LSUPDATE :12004 2 F 13 :12006_19_1619629971.150083 1619629760.053944 :12006 (:12008,:12004)
[Wed Apr 28 2021 10:12:51.155596] r LSUPDATE :12008 4 F 13 :12004_6_1619629971.150982 1619629971.149046 :12004 (:12002,:12006)
[Wed Apr 28 2021 10:12:51.155942] d LSUPDATE :12004 3 F 13 :12004_6_1619629971.150982 1619629971.149046 :12004 (:12002,:12006)
[Wed Apr 28 2021 10:12:51.156224] r LSUPDATE :12004 3 F 13 :12006_18_1619629971.150070 1619629760.053944 :12006 (:12008,:12004)
[Wed Apr 28 2021 10:12:51.156532] i LSUPDATE :12008 2 F 13 :12006_18_1619629971.150070 1619629760.053944 :12006 (:12008,:12004)
[Wed Apr 28 2021 10:12:51.156809] r LSUPDATE :12008 4 F 13 :12004_8_1619629971.151922 1619629971.149046 :12004 (:12002,:12006)
[Wed Apr 28 2021 10:12:51.156997] r LSUPDATE :12004 2 F 13 :12004_4_1619629971.149415 1619629971.149046 :12004 (:12002,:12006)
[Wed Apr 28 2021 10:12:51.157190] d LSUPDATE :12004 3 F 13 :12004_8_1619629971.151922 1619629971.149046 :12004 (:12002,:12006)
[Wed Apr 28 2021 10:12:51.157387] r LSUPDATE :12008 2 F 13 :12008_9_1619629971.150338 1619629761.934629 :12008 (:12006,:12010)
[Wed Apr 28 2021 10:12:51.157538] r LSUPDATE :12004 2 F 13 :12004_7_1619629971.151000 1619629971.149046 :12004 (:12002,:12006)
[Wed Apr 28 2021 10:12:51.157756] r LSUPDATE :12008 4 F 13 :12004_10_1619629971.152783 1619629971.149046 :12004 (:12002,:12006)
[Wed Apr 28 2021 10:12:51.157850] r LSUPDATE :12004 2 F 13 :12004_9_1619629971.151935 1619629971.149046 :12004 (:12002,:12006)
[Wed Apr 28 2021 10:12:51.157931] d LSUPDATE :12004 3 F 13 :12004_10_1619629971.152783 1619629971.149046 :12004 (:12002,:12006)
[Wed Apr 28 2021 10:12:51.158115] r LSUPDATE :12004 2 F 13 :12004_11_1619629971.152797 1619629971.149046 :12004 (:12002,:12006)
[Wed Apr 28 2021 10:15:42.060974] i LSUPDATE :12008 7 F 6 :12006_27_1619630142.060805 1619629760.053944 :12006 (:12008)
[Wed Apr 28 2021 10:15:42.061915] r LSUPDATE :12008 5 F 13 :12002_26_1619630142.060775 1619629756.756311 :12002 (:12000,:12010)
[Wed Apr 28 2021 10:16:11.239417] r LSUPDATE :12008 5 F 6 :12002_29_1619630171.238190 1619629756.756311 :12002 (:12010)
[Wed Apr 28 2021 10:16:17.947503] r LSUPDATE :12008 6 F 6 :12010_19_1619630177.946782 1619629763.943740 :12010 (:12008)
