[Wed Apr 28 2021 09:46:39.381723] i SAYHELLO :12002 1 - 0
[Wed Apr 28 2021 09:46:39.382132] r SAYHELLO :12002 1 - 0
[Wed Apr 28 2021 09:46:39.382225] i SAYHELLO :12008 1 - 0
[Wed Apr 28 2021 09:46:39.382280] i LSUPDATE :12002 7 F 13 :12010_2_1619628399.382168 1619628399.382160 :12010 (:12002,:12008)
[Wed Apr 28 2021 09:46:39.382405] r LSUPDATE :12002 7 F 20 :12002_9_1619628399.381978 1619628364.469712 :12002 (:12000,:12004,:12010)
[Wed Apr 28 2021 09:46:39.382461] r SAYHELLO :12008 1 - 0
[Wed Apr 28 2021 09:46:39.382557] d LSUPDATE :12008 6 F 20 :12002_9_1619628399.381978 1619628364.469712 :12002 (:12000,:12004,:12010)
[Wed Apr 28 2021 09:46:39.382668] i LSUPDATE :12008 7 F 13 :12010_3_1619628399.382491 1619628399.382160 :12010 (:12002,:12008)
[Wed Apr 28 2021 09:46:39.382751] r LSUPDATE :12008 7 F 13 :12008_6_1619628399.382313 1619628392.995201 :12008 (:12006,:12010)
[Wed Apr 28 2021 09:46:39.382813] i LSUPDATE :12008 7 F 13 :12010_4_1619628399.382532 1619628399.382160 :12010 (:12002,:12008)
[Wed Apr 28 2021 09:46:39.382908] d LSUPDATE :12002 6 F 13 :12008_6_1619628399.382313 1619628392.995201 :12008 (:12006,:12010)
[Wed Apr 28 2021 09:46:39.383057] i LSUPDATE :12002 7 F 13 :12010_5_1619628399.382879 1619628399.382160 :12010 (:12002,:12008)
[Wed Apr 28 2021 09:46:39.383819] r LSUPDATE :12008 7 F 13 :12008_8_1619628399.383281 1619628392.995201 :12008 (:12006,:12010)
[Wed Apr 28 2021 09:46:39.384012] d LSUPDATE :12002 6 F 13 :12008_8_1619628399.383281 1619628392.995201 :12008 (:12006,:12010)
[Wed Apr 28 2021 09:46:39.384116] r LSUPDATE :12002 6 F 13 :12004_8_1619628399.382872 1619628379.421306 :12004 (:12002,:12006)
[Wed Apr 28 2021 09:46:39.384330] d LSUPDATE :12008 5 F 13 :12004_8_1619628399.382872 1619628379.421306 :12004 (:12002,:12006)
[Wed Apr 28 2021 09:46:39.384370] i LSUPDATE :12002 7 F 13 :12010_6_1619628399.384241 1619628399.382160 :12010 (:12002,:12008)
[Wed Apr 28 2021 09:46:39.384473] i LSUPDATE :12008 7 F 13 :12010_7_1619628399.384257 1619628399.382160 :12010 (:12002,:12008)
[Wed Apr 28 2021 09:46:39.384810] r LSUPDATE :12008 3 F 13 :12010_2_1619628399.382168 1619628399.382160 :12010 (:12002,:12008)
[Wed Apr 28 2021 09:46:39.384969] r LSUPDATE :12002 6 F 6 :12000_6_1619628399.382999 1619628364.469470 :12000 (:12002)
[Wed Apr 28 2021 09:46:39.385077] i LSUPDATE :12002 2 F 13 :12010_2_1619628399.382168 1619628399.382160 :12010 (:12002,:12008)
[Wed Apr 28 2021 09:46:39.385240] d LSUPDATE :12008 5 F 6 :12000_6_1619628399.382999 1619628364.469470 :12000 (:12002)
[Wed Apr 28 2021 09:46:39.385305] i LSUPDATE :12002 7 F 13 :12010_8_1619628399.385050 1619628399.382160 :12010 (:12002,:12008)
[Wed Apr 28 2021 09:46:39.385376] i LSUPDATE :12008 7 F 13 :12010_9_1619628399.385064 1619628399.382160 :12010 (:12002,:12008)
[Wed Apr 28 2021 09:46:39.385443] r LSUPDATE :12008 6 F 13 :12006_8_1619628399.383392 1619628386.303212 :12006 (:12004,:12008)
[Wed Apr 28 2021 09:46:39.385875] d LSUPDATE :12002 5 F 13 :12006_8_1619628399.383392 1619628386.303212 :12006 (:12004,:12008)
[Wed Apr 28 2021 09:46:39.385945] i LSUPDATE :12008 7 F 13 :12010_11_1619628399.385538 1619628399.382160 :12010 (:12002,:12008)
[Wed Apr 28 2021 09:46:39.386006] i LSUPDATE :12002 7 F 13 :12010_10_1619628399.385523 1619628399.382160 :12010 (:12002,:12008)
[Wed Apr 28 2021 09:46:39.386074] r LSUPDATE :12002 2 F 20 :12002_9_1619628399.381978 1619628364.469712 :12002 (:12000,:12004,:12010)
[Wed Apr 28 2021 09:46:39.386138] r LSUPDATE :12008 5 F 13 :12004_9_1619628399.382891 1619628379.421306 :12004 (:12002,:12006)
[Wed Apr 28 2021 09:46:39.386400] d LSUPDATE :12002 4 F 13 :12004_9_1619628399.382891 1619628379.421306 :12004 (:12002,:12006)
[Wed Apr 28 2021 09:46:39.387064] r LSUPDATE :12008 4 F 20 :12002_11_1619628399.382513 1619628364.469712 :12002 (:12000,:12004,:12010)
[Wed Apr 28 2021 09:46:39.387208] r LSUPDATE :12002 5 F 13 :12006_7_1619628399.383377 1619628386.303212 :12006 (:12004,:12008)
[Wed Apr 28 2021 09:46:39.387299] d LSUPDATE :12002 3 F 20 :12002_11_1619628399.382513 1619628364.469712 :12002 (:12000,:12004,:12010)
[Wed Apr 28 2021 09:46:39.387483] d LSUPDATE :12008 4 F 13 :12006_7_1619628399.383377 1619628386.303212 :12006 (:12004,:12008)
[Wed Apr 28 2021 09:46:39.388112] r LSUPDATE :12008 2 F 13 :12008_6_1619628399.382313 1619628392.995201 :12008 (:12006,:12010)
[Wed Apr 28 2021 09:46:39.388156] r LSUPDATE :12002 3 F 13 :12010_3_1619628399.382491 1619628399.382160 :12010 (:12002,:12008)
[Wed Apr 28 2021 09:46:39.388322] i LSUPDATE :12008 2 F 13 :12010_3_1619628399.382491 1619628399.382160 :12010 (:12002,:12008)
[Wed Apr 28 2021 09:46:39.388831] r LSUPDATE :12002 4 F 13 :12008_7_1619628399.383265 1619628392.995201 :12008 (:12006,:12010)
[Wed Apr 28 2021 09:46:39.389147] d LSUPDATE :12008 3 F 13 :12008_7_1619628399.383265 1619628392.995201 :12008 (:12006,:12010)
[Wed Apr 28 2021 09:46:39.389686] r LSUPDATE :12002 3 F 13 :12010_4_1619628399.382532 1619628399.382160 :12010 (:12002,:12008)
[Wed Apr 28 2021 09:46:39.389761] r LSUPDATE :12008 3 F 13 :12010_5_1619628399.382879 1619628399.382160 :12010 (:12002,:12008)
[Wed Apr 28 2021 09:46:39.389854] i LSUPDATE :12008 2 F 13 :12010_4_1619628399.382532 1619628399.382160 :12010 (:12002,:12008)
[Wed Apr 28 2021 09:46:39.389951] i LSUPDATE :12002 2 F 13 :12010_5_1619628399.382879 1619628399.382160 :12010 (:12002,:12008)
[Wed Apr 28 2021 09:46:39.390281] r LSUPDATE :12008 2 F 13 :12008_8_1619628399.383281 1619628392.995201 :12008 (:12006,:12010)
[Wed Apr 28 2021 09:46:39.390880] r LSUPDATE :12002 3 F 13 :12010_7_1619628399.384257 1619628399.382160 :12010 (:12002,:12008)
[Wed Apr 28 2021 09:46:39.391039] r LSUPDATE :12008 3 F 13 :12010_6_1619628399.384241 1619628399.382160 :12010 (:12002,:12008)
[Wed Apr 28 2021 09:46:39.391133] i LSUPDATE :12008 2 F 13 :12010_7_1619628399.384257 1619628399.382160 :12010 (:12002,:12008)
[Wed Apr 28 2021 09:46:39.391239] i LSUPDATE :12002 2 F 13 :12010_6_1619628399.384241 1619628399.382160 :12010 (:12002,:12008)
[Wed Apr 28 2021 09:46:39.391303] r LSUPDATE :12002 3 F 13 :12010_9_1619628399.385064 1619628399.382160 :12010 (:12002,:12008)
[Wed Apr 28 2021 09:46:39.391471] i LSUPDATE :12008 2 F 13 :12010_9_1619628399.385064 1619628399.382160 :12010 (:12002,:12008)
[Wed Apr 28 2021 09:46:39.391505] r LSUPDATE :12008 3 F 13 :12010_8_1619628399.385050 1619628399.382160 :12010 (:12002,:12008)
[Wed Apr 28 2021 09:46:39.391672] i LSUPDATE :12002 2 F 13 :12010_8_1619628399.385050 1619628399.382160 :12010 (:12002,:12008)
[Wed Apr 28 2021 09:46:39.391709] r LSUPDATE :12002 3 F 13 :12010_11_1619628399.385538 1619628399.382160 :12010 (:12002,:12008)
[Wed Apr 28 2021 09:46:39.391858] i LSUPDATE :12008 2 F 13 :12010_11_1619628399.385538 1619628399.382160 :12010 (:12002,:12008)
[Wed Apr 28 2021 09:46:39.392071] r LSUPDATE :12008 3 F 13 :12010_10_1619628399.385523 1619628399.382160 :12010 (:12002,:12008)
[Wed Apr 28 2021 09:46:39.392199] i LSUPDATE :12002 2 F 13 :12010_10_1619628399.385523 1619628399.382160 :12010 (:12002,:12008)
[Wed Apr 28 2021 10:08:43.428310] r LSUPDATE :12002 7 F 13 :12002_14_1619629723.427904 1619628364.469712 :12002 (:12004,:12010)
[Wed Apr 28 2021 10:08:43.428551] d LSUPDATE :12008 6 F 13 :12002_14_1619629723.427904 1619628364.469712 :12002 (:12004,:12010)
[Wed Apr 28 2021 10:08:43.429710] r LSUPDATE :12008 4 F 13 :12002_13_1619629723.427869 1619628364.469712 :12002 (:12004,:12010)
[Wed Apr 28 2021 10:08:43.429951] d LSUPDATE :12002 3 F 13 :12002_13_1619629723.427869 1619628364.469712 :12002 (:12004,:12010)
[Wed Apr 28 2021 10:08:43.430693] r LSUPDATE :12002 2 F 13 :12002_14_1619629723.427904 1619628364.469712 :12002 (:12004,:12010)
[Wed Apr 28 2021 10:08:46.033795] i LSUPDATE :12008 7 F 6 :12010_12_1619629726.033629 1619628399.382160 :12010 (:12008)
[Wed Apr 28 2021 10:08:46.034565] r LSUPDATE :12008 5 F 6 :12004_10_1619629726.033579 1619628379.421306 :12004 (:12006)
[Wed Apr 28 2021 10:08:49.460559] r LSUPDATE :12008 6 F 6 :12006_9_1619629729.459909 1619628386.303212 :12006 (:12008)
[Wed Apr 28 2021 10:08:51.613029] r LSUPDATE :12008 7 F 6 :12008_9_1619629731.612704 1619628392.995201 :12008 (:12010)
[Wed Apr 28 2021 10:09:23.943218] i SAYHELLO :12002 1 - 0
[Wed Apr 28 2021 10:09:23.943655] i SAYHELLO :12008 1 - 0
[Wed Apr 28 2021 10:09:23.943717] r SAYHELLO :12002 1 - 0
[Wed Apr 28 2021 10:09:23.943920] i LSUPDATE :12002 7 F 13 :12010_2_1619629763.943748 1619629763.943740 :12010 (:12002,:12008)
[Wed Apr 28 2021 10:09:23.944016] r LSUPDATE :12002 7 F 20 :12002_9_1619629763.943373 1619629756.756311 :12002 (:12000,:12004,:12010)
[Wed Apr 28 2021 10:09:23.944084] r SAYHELLO :12008 1 - 0
[Wed Apr 28 2021 10:09:23.944187] d LSUPDATE :12008 6 F 20 :12002_9_1619629763.943373 1619629756.756311 :12002 (:12000,:12004,:12010)
[Wed Apr 28 2021 10:09:23.944310] i LSUPDATE :12008 7 F 13 :12010_3_1619629763.944130 1619629763.943740 :12010 (:12002,:12008)
[Wed Apr 28 2021 10:09:23.944399] r LSUPDATE :12008 7 F 13 :12008_6_1619629763.943836 1619629761.934629 :12008 (:12006,:12010)
[Wed Apr 28 2021 10:09:23.944468] i LSUPDATE :12008 7 F 13 :12010_4_1619629763.944154 1619629763.943740 :12010 (:12002,:12008)
[Wed Apr 28 2021 10:09:23.944603] d LSUPDATE :12002 6 F 13 :12008_6_1619629763.943836 1619629761.934629 :12008 (:12006,:12010)
[Wed Apr 28 2021 10:09:23.944757] i LSUPDATE :12002 7 F 13 :12010_5_1619629763.944574 1619629763.943740 :12010 (:12002,:12008)
[Wed Apr 28 2021 10:09:23.945413] r LSUPDATE :12008 7 F 13 :12008_8_1619629763.944791 1619629761.934629 :12008 (:12006,:12010)
[Wed Apr 28 2021 10:09:23.945673] d LSUPDATE :12002 6 F 13 :12008_8_1619629763.944791 1619629761.934629 :12008 (:12006,:12010)
[Wed Apr 28 2021 10:09:23.945855] r LSUPDATE :12002 6 F 6 :12000_6_1619629763.944604 1619629756.756102 :12000 (:12002)
[Wed Apr 28 2021 10:09:23.946092] d LSUPDATE :12008 5 F 6 :12000_6_1619629763.944604 1619629756.756102 :12000 (:12002)
[Wed Apr 28 2021 10:09:23.946231] i LSUPDATE :12008 7 F 13 :12010_7_1619629763.945975 1619629763.943740 :12010 (:12002,:12008)
[Wed Apr 28 2021 10:09:23.946278] i LSUPDATE :12002 7 F 13 :12010_6_1619629763.945958 1619629763.943740 :12010 (:12002,:12008)
[Wed Apr 28 2021 10:09:23.946787] r LSUPDATE :12002 6 F 13 :12004_8_1619629763.944583 1619629758.581603 :12004 (:12002,:12006)
[Wed Apr 28 2021 10:09:23.946905] r LSUPDATE :12008 3 F 13 :12010_2_1619629763.943748 1619629763.943740 :12010 (:12002,:12008)
[Wed Apr 28 2021 10:09:23.947034] d LSUPDATE :12008 5 F 13 :12004_8_1619629763.944583 1619629758.581603 :12004 (:12002,:12006)
[Wed Apr 28 2021 10:09:23.947110] i LSUPDATE :12002 7 F 13 :12010_8_1619629763.946858 1619629763.943740 :12010 (:12002,:12008)
[Wed Apr 28 2021 10:09:23.947260] i LSUPDATE :12002 2 F 13 :12010_2_1619629763.943748 1619629763.943740 :12010 (:12002,:12008)
[Wed Apr 28 2021 10:09:23.947290] i LSUPDATE :12008 7 F 13 :12010_9_1619629763.946874 1619629763.943740 :12010 (:12002,:12008)
[Wed Apr 28 2021 10:09:23.947526] r LSUPDATE :12002 2 F 20 :12002_9_1619629763.943373 1619629756.756311 :12002 (:12000,:12004,:12010)
[Wed Apr 28 2021 10:09:23.947581] r LSUPDATE :12008 6 F 13 :12006_8_1619629763.945345 1619629760.053944 :12006 (:12004,:12008)
[Wed Apr 28 2021 10:09:23.947953] r LSUPDATE :12002 5 F 13 :12006_7_1619629763.945316 1619629760.053944 :12006 (:12004,:12008)
[Wed Apr 28 2021 10:09:23.948077] i LSUPDATE :12008 7 F 13 :12010_11_1619629763.947667 1619629763.943740 :12010 (:12002,:12008)
[Wed Apr 28 2021 10:09:23.948151] d LSUPDATE :12002 5 F 13 :12006_8_1619629763.945345 1619629760.053944 :12006 (:12004,:12008)
[Wed Apr 28 2021 10:09:23.948210] d LSUPDATE :12008 4 F 13 :12006_7_1619629763.945316 1619629760.053944 :12006 (:12004,:12008)
[Wed Apr 28 2021 10:09:23.948283] i LSUPDATE :12002 7 F 13 :12010_10_1619629763.947654 1619629763.943740 :12010 (:12002,:12008)
[Wed Apr 28 2021 10:09:23.948505] r LSUPDATE :12008 5 F 13 :12004_9_1619629763.944606 1619629758.581603 :12004 (:12002,:12006)
[Wed Apr 28 2021 10:09:23.948795] d LSUPDATE :12002 4 F 13 :12004_9_1619629763.944606 1619629758.581603 :12004 (:12002,:12006)
[Wed Apr 28 2021 10:09:23.949265] r LSUPDATE :12002 3 F 13 :12010_3_1619629763.944130 1619629763.943740 :12010 (:12002,:12008)
[Wed Apr 28 2021 10:09:23.949385] r LSUPDATE :12008 4 F 20 :12002_11_1619629763.944189 1619629756.756311 :12002 (:12000,:12004,:12010)
[Wed Apr 28 2021 10:09:23.949600] i LSUPDATE :12008 2 F 13 :12010_3_1619629763.944130 1619629763.943740 :12010 (:12002,:12008)
[Wed Apr 28 2021 10:09:23.949773] d LSUPDATE :12002 3 F 20 :12002_11_1619629763.944189 1619629756.756311 :12002 (:12000,:12004,:12010)
[Wed Apr 28 2021 10:09:23.950488] r LSUPDATE :12008 2 F 13 :12008_6_1619629763.943836 1619629761.934629 :12008 (:12006,:12010)
[Wed Apr 28 2021 10:09:23.950600] r LSUPDATE :12002 4 F 13 :12008_7_1619629763.944773 1619629761.934629 :12008 (:12006,:12010)
[Wed Apr 28 2021 10:09:23.950817] d LSUPDATE :12008 3 F 13 :12008_7_1619629763.944773 1619629761.934629 :12008 (:12006,:12010)
[Wed Apr 28 2021 10:09:23.951480] r LSUPDATE :12002 3 F 13 :12010_4_1619629763.944154 1619629763.943740 :12010 (:12002,:12008)
[Wed Apr 28 2021 10:09:23.951600] r LSUPDATE :12008 3 F 13 :12010_5_1619629763.944574 1619629763.943740 :12010 (:12002,:12008)
[Wed Apr 28 2021 10:09:23.951732] i LSUPDATE :12008 2 F 13 :12010_4_1619629763.944154 1619629763.943740 :12010 (:12002,:12008)
[Wed Apr 28 2021 10:09:23.951807] i LSUPDATE :12002 2 F 13 :12010_5_1619629763.944574 1619629763.943740 :12010 (:12002,:12008)
[Wed Apr 28 2021 10:09:23.952017] r LSUPDATE :12002 3 F 13 :12010_7_1619629763.945975 1619629763.943740 :12010 (:12002,:12008)
[Wed Apr 28 2021 10:09:23.952278] i LSUPDATE :12008 2 F 13 :12010_7_1619629763.945975 1619629763.943740 :12010 (:12002,:12008)
[Wed Apr 28 2021 10:09:23.952650] r LSUPDATE :12008 2 F 13 :12008_8_1619629763.944791 1619629761.934629 :12008 (:12006,:12010)
[Wed Apr 28 2021 10:09:23.952900] r LSUPDATE :12002 3 F 13 :12010_9_1619629763.946874 1619629763.943740 :12010 (:12002,:12008)
[Wed Apr 28 2021 10:09:23.953010] r LSUPDATE :12008 3 F 13 :12010_6_1619629763.945958 1619629763.943740 :12010 (:12002,:12008)
[Wed Apr 28 2021 10:09:23.953082] i LSUPDATE :12008 2 F 13 :12010_9_1619629763.946874 1619629763.943740 :12010 (:12002,:12008)
[Wed Apr 28 2021 10:09:23.953184] i LSUPDATE :12002 2 F 13 :12010_6_1619629763.945958 1619629763.943740 :12010 (:12002,:12008)
[Wed Apr 28 2021 10:09:23.953227] r LSUPDATE :12002 3 F 13 :12010_11_1619629763.947667 1619629763.943740 :12010 (:12002,:12008)
[Wed Apr 28 2021 10:09:23.953393] r LSUPDATE :12008 3 F 13 :12010_8_1619629763.946858 1619629763.943740 :12010 (:12002,:12008)
[Wed Apr 28 2021 10:09:23.953463] i LSUPDATE :12008 2 F 13 :12010_11_1619629763.947667 1619629763.943740 :12010 (:12002,:12008)
[Wed Apr 28 2021 10:09:23.953560] i LSUPDATE :12002 2 F 13 :12010_8_1619629763.946858 1619629763.943740 :12010 (:12002,:12008)
[Wed Apr 28 2021 10:09:23.953708] r LSUPDATE :12008 3 F 13 :12010_10_1619629763.947654 1619629763.943740 :12010 (:12002,:12008)
[Wed Apr 28 2021 10:09:23.953839] i LSUPDATE :12002 2 F 13 :12010_10_1619629763.947654 1619629763.943740 :12010 (:12002,:12008)
[Wed Apr 28 2021 10:12:32.237849] r LSUPDATE :12002 7 F 13 :12002_15_1619629952.237480 1619629756.756311 :12002 (:12000,:12010)
[Wed Apr 28 2021 10:12:32.238027] d LSUPDATE :12008 6 F 13 :12002_15_1619629952.237480 1619629756.756311 :12002 (:12000,:12010)
[Wed Apr 28 2021 10:12:32.238222] r LSUPDATE :12008 6 F 6 :12006_13_1619629952.237465 1619629760.053944 :12006 (:12008)
[Wed Apr 28 2021 10:12:32.238383] d LSUPDATE :12002 5 F 6 :12006_13_1619629952.237465 1619629760.053944 :12006 (:12008)
[Wed Apr 28 2021 10:12:51.149775] r LSUPDATE :12002 6 F 13 :12004_2_1619629971.149053 1619629971.149046 :12004 (:12002,:12006)
[Wed Apr 28 2021 10:12:51.149981] d LSUPDATE :12008 5 F 13 :12004_2_1619629971.149053 1619629971.149046 :12004 (:12002,:12006)
[Wed Apr 28 2021 10:12:51.150032] i LSUPDATE :12002 7 F 13 :12010_13_1619629971.149862 1619629763.943740 :12010 (:12002,:12008)
[Wed Apr 28 2021 10:12:51.150115] i LSUPDATE :12008 7 F 13 :12010_14_1619629971.149881 1619629763.943740 :12010 (:12002,:12008)
[Wed Apr 28 2021 10:12:51.150283] r LSUPDATE :12002 7 F 20 :12002_19_1619629971.149399 1619629756.756311 :12002 (:12000,:12010,:12004)
[Wed Apr 28 2021 10:12:51.150445] d LSUPDATE :12008 6 F 20 :12002_19_1619629971.149399 1619629756.756311 :12002 (:12000,:12010,:12004)
[Wed Apr 28 2021 10:12:51.150742] r LSUPDATE :12008 4 F 20 :12002_17_1619629971.148778 1619629756.756311 :12002 (:12000,:12010,:12004)
[Wed Apr 28 2021 10:12:51.150838] r LSUPDATE :12002 5 F 13 :12006_17_1619629971.149221 1619629760.053944 :12006 (:12008,:12004)
[Wed Apr 28 2021 10:12:51.150990] d LSUPDATE :12002 3 F 20 :12002_17_1619629971.148778 1619629756.756311 :12002 (:12000,:12010,:12004)
[Wed Apr 28 2021 10:12:51.151097] d LSUPDATE :12008 4 F 13 :12006_17_1619629971.149221 1619629760.053944 :12006 (:12008,:12004)
[Wed Apr 28 2021 10:12:51.151419] r LSUPDATE :12008 7 F 13 :12008_10_1619629971.150355 1619629761.934629 :12008 (:12006,:12010)
[Wed Apr 28 2021 10:12:51.151579] r LSUPDATE :12002 6 F 6 :12000_10_1619629971.149781 1619629756.756102 :12000 (:12002)
[Wed Apr 28 2021 10:12:51.151720] d LSUPDATE :12002 6 F 13 :12008_10_1619629971.150355 1619629761.934629 :12008 (:12006,:12010)
[Wed Apr 28 2021 10:12:51.151846] d LSUPDATE :12008 5 F 6 :12000_10_1619629971.149781 1619629756.756102 :12000 (:12002)
[Wed Apr 28 2021 10:12:51.152119] r LSUPDATE :12008 5 F 13 :12004_3_1619629971.149352 1619629971.149046 :12004 (:12002,:12006)
[Wed Apr 28 2021 10:12:51.152349] r LSUPDATE :12002 6 F 13 :12004_5_1619629971.149742 1619629971.149046 :12004 (:12002,:12006)
[Wed Apr 28 2021 10:12:51.152512] d LSUPDATE :12002 4 F 13 :12004_3_1619629971.149352 1619629971.149046 :12004 (:12002,:12006)
[Wed Apr 28 2021 10:12:51.152556] d LSUPDATE :12008 5 F 13 :12004_5_1619629971.149742 1619629971.149046 :12004 (:12002,:12006)
[Wed Apr 28 2021 10:12:51.152919] r LSUPDATE :12002 5 F 13 :12006_19_1619629971.150083 1619629760.053944 :12006 (:12008,:12004)
[Wed Apr 28 2021 10:12:51.153070] r LSUPDATE :12008 6 F 13 :12006_18_1619629971.150070 1619629760.053944 :12006 (:12008,:12004)
[Wed Apr 28 2021 10:12:51.153199] d LSUPDATE :12008 4 F 13 :12006_19_1619629971.150083 1619629760.053944 :12006 (:12008,:12004)
[Wed Apr 28 2021 10:12:51.153292] d LSUPDATE :12002 5 F 13 :12006_18_1619629971.150070 1619629760.053944 :12006 (:12008,:12004)
[Wed Apr 28 2021 10:12:51.153832] r LSUPDATE :12002 6 F 13 :12004_6_1619629971.150982 1619629971.149046 :12004 (:12002,:12006)
[Wed Apr 28 2021 10:12:51.154018] r LSUPDATE :12008 5 F 13 :12004_4_1619629971.149415 1619629971.149046 :12004 (:12002,:12006)
[Wed Apr 28 2021 10:12:51.154263] d LSUPDATE :12008 5 F 13 :12004_6_1619629971.150982 1619629971.149046 :12004 (:12002,:12006)
[Wed Apr 28 2021 10:12:51.154395] d LSUPDATE :12002 4 F 13 :12004_4_1619629971.149415 1619629971.149046 :12004 (:12002,:12006)
[Wed Apr 28 2021 10:12:51.154514] r LSUPDATE :12008 3 F 6 :12000_10_1619629971.149781 1619629756.756102 :12000 (:12002)
[Wed Apr 28 2021 10:12:51.155060] r LSUPDATE :12008 5 F 13 :12004_7_1619629971.151000 1619629971.149046 :12004 (:12002,:12006)
[Wed Apr 28 2021 10:12:51.155249] d LSUPDATE :12002 4 F 13 :12004_7_1619629971.151000 1619629971.149046 :12004 (:12002,:12006)
[Wed Apr 28 2021 10:12:51.155290] r LSUPDATE :12002 6 F 13 :12004_8_1619629971.151922 1619629971.149046 :12004 (:12002,:12006)
[Wed Apr 28 2021 10:12:51.155490] d LSUPDATE :12008 5 F 13 :12004_8_1619629971.151922 1619629971.149046 :12004 (:12002,:12006)
[Wed Apr 28 2021 10:12:51.155580] r LSUPDATE :12008 3 F 13 :12010_13_1619629971.149862 1619629763.943740 :12010 (:12002,:12008)
[Wed Apr 28 2021 10:12:51.155869] r LSUPDATE :12002 4 F 13 :12008_9_1619629971.150338 1619629761.934629 :12008 (:12006,:12010)
[Wed Apr 28 2021 10:12:51.155990] r LSUPDATE :12008 5 F 13 :12004_9_1619629971.151935 1619629971.149046 :12004 (:12002,:12006)
[Wed Apr 28 2021 10:12:51.156092] d LSUPDATE :12008 3 F 13 :12008_9_1619629971.150338 1619629761.934629 :12008 (:12006,:12010)
[Wed Apr 28 2021 10:12:51.156200] i LSUPDATE :12002 2 F 13 :12010_13_1619629971.149862 1619629763.943740 :12010 (:12002,:12008)
[Wed Apr 28 2021 10:12:51.156336] d LSUPDATE :12002 4 F 13 :12004_9_1619629971.151935 1619629971.149046 :12004 (:12002,:12006)
[Wed Apr 28 2021 10:12:51.156419] r LSUPDATE :12002 6 F 13 :12004_10_1619629971.152783 1619629971.149046 :12004 (:12002,:12006)
[Wed Apr 28 2021 10:12:51.156574] r LSUPDATE :12008 5 F 13 :12004_11_1619629971.152797 1619629971.149046 :12004 (:12002,:12006)
[Wed Apr 28 2021 10:12:51.156763] d LSUPDATE :12008 5 F 13 :12004_10_1619629971.152783 1619629971.149046 :12004 (:12002,:12006)
[Wed Apr 28 2021 10:12:51.156952] d LSUPDATE :12002 4 F 13 :12004_11_1619629971.152797 1619629971.149046 :12004 (:12002,:12006)
[Wed Apr 28 2021 10:12:51.157078] r LSUPDATE :12008 2 F 13 :12008_10_1619629971.150355 1619629761.934629 :12008 (:12006,:12010)
[Wed Apr 28 2021 10:12:51.157143] r LSUPDATE :12002 3 F 13 :12010_14_1619629971.149881 1619629763.943740 :12010 (:12002,:12008)
[Wed Apr 28 2021 10:12:51.157387] i LSUPDATE :12008 2 F 13 :12010_14_1619629971.149881 1619629763.943740 :12010 (:12002,:12008)
[Wed Apr 28 2021 10:12:51.157520] r LSUPDATE :12002 2 F 20 :12002_19_1619629971.149399 1619629756.756311 :12002 (:12000,:12010,:12004)
[Wed Apr 28 2021 10:15:42.061155] r LSUPDATE :12002 7 F 13 :12002_26_1619630142.060775 1619629756.756311 :12002 (:12000,:12010)
[Wed Apr 28 2021 10:15:42.061352] d LSUPDATE :12008 6 F 13 :12002_26_1619630142.060775 1619629756.756311 :12002 (:12000,:12010)
[Wed Apr 28 2021 10:15:42.061533] r LSUPDATE :12008 6 F 6 :12006_27_1619630142.060805 1619629760.053944 :12006 (:12008)
[Wed Apr 28 2021 10:15:42.061719] d LSUPDATE :12002 5 F 6 :12006_27_1619630142.060805 1619629760.053944 :12006 (:12008)
[Wed Apr 28 2021 10:16:11.238588] r LSUPDATE :12002 7 F 6 :12002_29_1619630171.238190 1619629756.756311 :12002 (:12010)
[Wed Apr 28 2021 10:16:11.238814] d LSUPDATE :12008 6 F 6 :12002_29_1619630171.238190 1619629756.756311 :12002 (:12010)
[Wed Apr 28 2021 10:16:17.946970] i LSUPDATE :12008 7 F 6 :12010_19_1619630177.946782 1619629763.943740 :12010 (:12008)
[Wed Apr 28 2021 10:16:25.169020] r LSUPDATE :12008 7 F 6 :12008_14_1619630185.168702 1619629761.934629 :12008 (:12010)
